#
# There is insufficient memory for the Java Runtime Environment to continue.
# Native memory allocation (mmap) failed to map 248512512 bytes for Failed to commit area from 0x000000008ed00000 to 0x000000009da00000 of length 248512512.
# Possible reasons:
#   The system is out of physical RAM or swap space
#   The process is running with CompressedOops enabled, and the Java Heap may be blocking the growth of the native heap
# Possible solutions:
#   Reduce memory load on the system
#   Increase physical memory or swap space
#   Check if swap backing store is full
#   Decrease Java heap size (-Xmx/-Xms)
#   Decrease number of Java threads
#   Decrease Java thread stack sizes (-Xss)
#   Set larger code cache with -XX:ReservedCodeCacheSize=
#   JVM is running with Unscaled Compressed Oops mode in which the Java heap is
#     placed in the first 4GB address space. The Java Heap base address is the
#     maximum limit for the native heap growth. Please use -XX:HeapBaseMinAddress
#     to set the Java Heap base and to place the Java Heap above 4GB virtual address.
# This output file may be truncated or incomplete.
#
#  Out of Memory Error (./src/hotspot/os/windows/os_windows.cpp:3301), pid=22348, tid=19520
#
# JRE version: OpenJDK Runtime Environment (11.0.10) (build 11.0.10+0-b96-7249189)
# Java VM: OpenJDK 64-Bit Server VM (11.0.10+0-b96-7249189, mixed mode, tiered, compressed oops, g1 gc, windows-amd64)
# No core dump will be written. Minidumps are not enabled by default on client versions of Windows
#

---------------  S U M M A R Y ------------

Command Line: --add-opens=java.base/java.util=ALL-UNNAMED --add-opens=java.base/java.lang=ALL-UNNAMED --add-opens=java.base/java.lang.invoke=ALL-UNNAMED --add-opens=java.base/java.util=ALL-UNNAMED --add-opens=java.prefs/java.util.prefs=ALL-UNNAMED --add-opens=java.prefs/java.util.prefs=ALL-UNNAMED --add-opens=java.base/java.nio.charset=ALL-UNNAMED --add-opens=java.base/java.net=ALL-UNNAMED --add-opens=java.base/java.util.concurrent.atomic=ALL-UNNAMED -Xmx2048m -Dfile.encoding=UTF-8 -Duser.country=IN -Duser.language=en -Duser.variant org.gradle.launcher.daemon.bootstrap.GradleDaemon 7.0.2

Host: Intel(R) Core(TM) i5-8250U CPU @ 1.60GHz, 8 cores, 7G,  Windows 10 , 64 bit Build 19041 (10.0.19041.1023)
Time: Fri Aug  6 16:28:54 2021 India Standard Time elapsed time: 24.748848 seconds (0d 0h 0m 24s)

---------------  T H R E A D  ---------------

Current thread (0x00000230cf930000):  VMThread "VM Thread" [stack: 0x000000f5b7900000,0x000000f5b7a00000] [id=19520]

Stack: [0x000000f5b7900000,0x000000f5b7a00000]
[error occurred during error reporting (printing stack bounds), id 0xc0000005, EXCEPTION_ACCESS_VIOLATION (0xc0000005) at pc=0x00000230b8790f2d]

Native frames: (J=compiled Java code, j=interpreted, Vv=VM code, C=native code)
V  [jvm.dll+0x5ecfaa]
V  [jvm.dll+0x722bd5]
V  [jvm.dll+0x72412d]
V  [jvm.dll+0x724745]
V  [jvm.dll+0x7246fb]
V  [jvm.dll+0x5ec348]
V  [jvm.dll+0x5ecad8]
C  [ntdll.dll+0xa217f]
C  [ntdll.dll+0x51454]
C  [ntdll.dll+0xa0cae]
C  0x00000230b8790f2d

VM_Operation (0x000000f5babf8e60): G1CollectForAllocation, mode: safepoint, requested by thread 0x00000230d27e5800


---------------  P R O C E S S  ---------------

Threads class SMR info:
_java_thread_list=0x00000230d0ba8290, length=64, elements={
0x00000230b34dd000, 0x00000230cf933800, 0x00000230cf93f000, 0x00000230d02b3800,
0x00000230d02b5800, 0x00000230d02b9000, 0x00000230d02bc000, 0x00000230d02c0800,
0x00000230d02c2000, 0x00000230d0412800, 0x00000230d1b95800, 0x00000230d21b1800,
0x00000230d05ba000, 0x00000230d1bbd800, 0x00000230d1c0e800, 0x00000230d25a1800,
0x00000230d2d4c000, 0x00000230d28fd000, 0x00000230d1d15800, 0x00000230d33d3000,
0x00000230d33d0800, 0x00000230d33d5800, 0x00000230d33d6800, 0x00000230d32cf000,
0x00000230d33d7000, 0x00000230d33d1800, 0x00000230d33d2800, 0x00000230d33d4000,
0x00000230d33d4800, 0x00000230d27e0800, 0x00000230d27de000, 0x00000230d27e1000,
0x00000230d27e2000, 0x00000230d27e3000, 0x00000230d27ea000, 0x00000230d27e9800,
0x00000230d27e6000, 0x00000230d27e4800, 0x00000230d27e7800, 0x00000230d27eb000,
0x00000230d27e7000, 0x00000230d27e5800, 0x00000230d27ec000, 0x00000230d5aab800,
0x00000230d5aae000, 0x00000230d5aaf000, 0x00000230d5aaa000, 0x00000230d5aa9800,
0x00000230d5ab0800, 0x00000230d5ab0000, 0x00000230d5aac800, 0x00000230d5aad800,
0x00000230d5ab4000, 0x00000230d5ab7000, 0x00000230d5ab5800, 0x00000230d5ab3000,
0x00000230d5ab8000, 0x00000230d5ab2800, 0x00000230d5ab4800, 0x00000230d5ab6800,
0x00000230d064c800, 0x00000230d0649800, 0x00000230d064c000, 0x00000230d0647000
}

Java Threads: ( => current thread )
  0x00000230b34dd000 JavaThread "main" [_thread_blocked, id=7564, stack(0x000000f5b7300000,0x000000f5b7400000)]
  0x00000230cf933800 JavaThread "Reference Handler" daemon [_thread_blocked, id=3004, stack(0x000000f5b7a00000,0x000000f5b7b00000)]
  0x00000230cf93f000 JavaThread "Finalizer" daemon [_thread_blocked, id=4952, stack(0x000000f5b7b00000,0x000000f5b7c00000)]
  0x00000230d02b3800 JavaThread "Signal Dispatcher" daemon [_thread_blocked, id=24528, stack(0x000000f5b7c00000,0x000000f5b7d00000)]
  0x00000230d02b5800 JavaThread "Attach Listener" daemon [_thread_blocked, id=15484, stack(0x000000f5b7d00000,0x000000f5b7e00000)]
  0x00000230d02b9000 JavaThread "Service Thread" daemon [_thread_blocked, id=21472, stack(0x000000f5b7e00000,0x000000f5b7f00000)]
  0x00000230d02bc000 JavaThread "C2 CompilerThread0" daemon [_thread_in_native, id=1132, stack(0x000000f5b7f00000,0x000000f5b8000000)]
  0x00000230d02c0800 JavaThread "C1 CompilerThread0" daemon [_thread_blocked, id=5796, stack(0x000000f5b8000000,0x000000f5b8100000)]
  0x00000230d02c2000 JavaThread "Sweeper thread" daemon [_thread_blocked, id=22852, stack(0x000000f5b8100000,0x000000f5b8200000)]
  0x00000230d0412800 JavaThread "Common-Cleaner" daemon [_thread_blocked, id=15124, stack(0x000000f5b8200000,0x000000f5b8300000)]
  0x00000230d1b95800 JavaThread "Daemon health stats" [_thread_blocked, id=16460, stack(0x000000f5b8700000,0x000000f5b8800000)]
  0x00000230d21b1800 JavaThread "Incoming local TCP Connector on port 58209" [_thread_in_native, id=23932, stack(0x000000f5b8400000,0x000000f5b8500000)]
  0x00000230d05ba000 JavaThread "Daemon periodic checks" [_thread_blocked, id=20884, stack(0x000000f5b8800000,0x000000f5b8900000)]
  0x00000230d1bbd800 JavaThread "Daemon" [_thread_blocked, id=23984, stack(0x000000f5b8900000,0x000000f5b8a00000)]
  0x00000230d1c0e800 JavaThread "Handler for socket connection from /127.0.0.1:58209 to /127.0.0.1:58210" [_thread_in_native, id=17188, stack(0x000000f5b8a00000,0x000000f5b8b00000)]
  0x00000230d25a1800 JavaThread "Cancel handler" [_thread_blocked, id=18224, stack(0x000000f5b8c00000,0x000000f5b8d00000)]
  0x00000230d2d4c000 JavaThread "Daemon worker" [_thread_blocked, id=13964, stack(0x000000f5b8d00000,0x000000f5b8e00000)]
  0x00000230d28fd000 JavaThread "Asynchronous log dispatcher for DefaultDaemonConnection: socket connection from /127.0.0.1:58209 to /127.0.0.1:58210" [_thread_blocked, id=22512, stack(0x000000f5b8e00000,0x000000f5b8f00000)]
  0x00000230d1d15800 JavaThread "Stdin handler" [_thread_blocked, id=14000, stack(0x000000f5b8f00000,0x000000f5b9000000)]
  0x00000230d33d3000 JavaThread "Daemon client event forwarder" [_thread_blocked, id=9616, stack(0x000000f5b9000000,0x000000f5b9100000)]
  0x00000230d33d0800 JavaThread "Cache worker for file hash cache (C:\Users\Choco\.gradle\caches\7.0.2\fileHashes)" [_thread_blocked, id=21652, stack(0x000000f5b8b00000,0x000000f5b8c00000)]
  0x00000230d33d5800 JavaThread "File lock request listener" [_thread_in_native, id=4128, stack(0x000000f5b9600000,0x000000f5b9700000)]
  0x00000230d33d6800 JavaThread "Cache worker for journal cache (C:\Users\Choco\.gradle\caches\journal-1)" [_thread_blocked, id=11812, stack(0x000000f5b9800000,0x000000f5b9900000)]
  0x00000230d32cf000 JavaThread "C2 CompilerThread1" daemon [_thread_blocked, id=23376, stack(0x000000f5b9900000,0x000000f5b9a00000)]
  0x00000230d33d7000 JavaThread "Cache worker for file hash cache (D:\Documents\Documents\AndroidProject\OptimizeProjects\SOCUS\.gradle\7.0.2\fileHashes)" [_thread_blocked, id=12464, stack(0x000000f5b9a00000,0x000000f5b9b00000)]
  0x00000230d33d1800 JavaThread "File watcher server" daemon [_thread_blocked, id=22572, stack(0x000000f5b9b00000,0x000000f5b9c00000)]
  0x00000230d33d2800 JavaThread "File watcher consumer" daemon [_thread_blocked, id=1568, stack(0x000000f5b9c00000,0x000000f5b9d00000)]
  0x00000230d33d4000 JavaThread "Cache worker for checksums cache (D:\Documents\Documents\AndroidProject\OptimizeProjects\SOCUS\.gradle\checksums)" [_thread_blocked, id=22984, stack(0x000000f5b9d00000,0x000000f5b9e00000)]
  0x00000230d33d4800 JavaThread "Cache worker for cache directory md-supplier (C:\Users\Choco\.gradle\caches\7.0.2\md-supplier)" [_thread_blocked, id=11996, stack(0x000000f5b9e00000,0x000000f5b9f00000)]
  0x00000230d27e0800 JavaThread "Cache worker for cache directory md-rule (C:\Users\Choco\.gradle\caches\7.0.2\md-rule)" [_thread_blocked, id=13520, stack(0x000000f5b9f00000,0x000000f5ba000000)]
  0x00000230d27de000 JavaThread "Cache worker for execution history cache (C:\Users\Choco\.gradle\caches\7.0.2\executionHistory)" [_thread_blocked, id=6732, stack(0x000000f5ba000000,0x000000f5ba100000)]
  0x00000230d27e1000 JavaThread "jar transforms" [_thread_blocked, id=6508, stack(0x000000f5ba100000,0x000000f5ba200000)]
  0x00000230d27e2000 JavaThread "jar transforms Thread 2" [_thread_blocked, id=12608, stack(0x000000f5ba200000,0x000000f5ba300000)]
  0x00000230d27e3000 JavaThread "Cache worker for file content cache (C:\Users\Choco\.gradle\caches\7.0.2\fileContent)" [_thread_blocked, id=16096, stack(0x000000f5ba300000,0x000000f5ba400000)]
  0x00000230d27ea000 JavaThread "Cache worker for dependencies-accessors (D:\Documents\Documents\AndroidProject\OptimizeProjects\SOCUS\.gradle\7.0.2\dependencies-accessors)" [_thread_blocked, id=16244, stack(0x000000f5ba400000,0x000000f5ba500000)]
  0x00000230d27e9800 JavaThread "jar transforms Thread 3" [_thread_blocked, id=20584, stack(0x000000f5ba500000,0x000000f5ba600000)]
  0x00000230d27e6000 JavaThread "Cache worker for Build Output Cleanup Cache (D:\Documents\Documents\AndroidProject\OptimizeProjects\SOCUS\.gradle\buildOutputCleanup)" [_thread_blocked, id=19488, stack(0x000000f5ba600000,0x000000f5ba700000)]
  0x00000230d27e4800 JavaThread "Build operations" [_thread_blocked, id=19328, stack(0x000000f5ba700000,0x000000f5ba800000)]
  0x00000230d27e7800 JavaThread "Build operations Thread 2" [_thread_blocked, id=13652, stack(0x000000f5ba800000,0x000000f5ba900000)]
  0x00000230d27eb000 JavaThread "Build operations Thread 3" [_thread_blocked, id=16080, stack(0x000000f5ba900000,0x000000f5baa00000)]
  0x00000230d27e7000 JavaThread "Build operations Thread 4" [_thread_blocked, id=4808, stack(0x000000f5baa00000,0x000000f5bab00000)]
  0x00000230d27e5800 JavaThread "Build operations Thread 5" [_thread_blocked, id=14048, stack(0x000000f5bab00000,0x000000f5bac00000)]
  0x00000230d27ec000 JavaThread "Build operations Thread 6" [_thread_blocked, id=23320, stack(0x000000f5bac00000,0x000000f5bad00000)]
  0x00000230d5aab800 JavaThread "Build operations Thread 7" [_thread_blocked, id=17148, stack(0x000000f5bad00000,0x000000f5bae00000)]
  0x00000230d5aae000 JavaThread "Build operations Thread 8" [_thread_blocked, id=13336, stack(0x000000f5bae00000,0x000000f5baf00000)]
  0x00000230d5aaf000 JavaThread "jar transforms Thread 4" [_thread_blocked, id=13572, stack(0x000000f5baf00000,0x000000f5bb000000)]
  0x00000230d5aaa000 JavaThread "jar transforms Thread 5" [_thread_blocked, id=22936, stack(0x000000f5bb000000,0x000000f5bb100000)]
  0x00000230d5aa9800 JavaThread "jar transforms Thread 6" [_thread_blocked, id=16140, stack(0x000000f5bb100000,0x000000f5bb200000)]
  0x00000230d5ab0800 JavaThread "jar transforms Thread 7" [_thread_blocked, id=244, stack(0x000000f5bb200000,0x000000f5bb300000)]
  0x00000230d5ab0000 JavaThread "jar transforms Thread 8" [_thread_blocked, id=3472, stack(0x000000f5bb300000,0x000000f5bb400000)]
  0x00000230d5aac800 JavaThread "Memory manager" [_thread_blocked, id=22532, stack(0x000000f5bb400000,0x000000f5bb500000)]
  0x00000230d5aad800 JavaThread "build event listener" [_thread_blocked, id=9488, stack(0x000000f5bb500000,0x000000f5bb600000)]
  0x00000230d5ab4000 JavaThread "pool-3-thread-1" [_thread_blocked, id=10232, stack(0x000000f5bb600000,0x000000f5bb700000)]
  0x00000230d5ab7000 JavaThread "build event listener" [_thread_blocked, id=1064, stack(0x000000f5bb700000,0x000000f5bb800000)]
  0x00000230d5ab5800 JavaThread "Execution worker for ':'" [_thread_blocked, id=14768, stack(0x000000f5bb800000,0x000000f5bb900000)]
  0x00000230d5ab3000 JavaThread "Execution worker for ':' Thread 2" [_thread_blocked, id=9820, stack(0x000000f5bb900000,0x000000f5bba00000)]
  0x00000230d5ab8000 JavaThread "Execution worker for ':' Thread 3" [_thread_blocked, id=17704, stack(0x000000f5bba00000,0x000000f5bbb00000)]
  0x00000230d5ab2800 JavaThread "Execution worker for ':' Thread 4" [_thread_blocked, id=10792, stack(0x000000f5bbb00000,0x000000f5bbc00000)]
  0x00000230d5ab4800 JavaThread "Execution worker for ':' Thread 5" [_thread_blocked, id=1892, stack(0x000000f5bbc00000,0x000000f5bbd00000)]
  0x00000230d5ab6800 JavaThread "Execution worker for ':' Thread 6" [_thread_blocked, id=12920, stack(0x000000f5bbd00000,0x000000f5bbe00000)]
  0x00000230d064c800 JavaThread "Execution worker for ':' Thread 7" [_thread_blocked, id=20968, stack(0x000000f5bbe00000,0x000000f5bbf00000)]
  0x00000230d0649800 JavaThread "Cache worker for execution history cache (D:\Documents\Documents\AndroidProject\OptimizeProjects\SOCUS\.gradle\7.0.2\executionHistory)" [_thread_blocked, id=14140, stack(0x000000f5bbf00000,0x000000f5bc000000)]
  0x00000230d064c000 JavaThread "WorkerExecutor Queue" [_thread_blocked, id=7988, stack(0x000000f5bc000000,0x000000f5bc100000)]
  0x00000230d0647000 JavaThread "WorkerExecutor Queue Thread 2" [_thread_blocked, id=10888, stack(0x000000f5bc100000,0x000000f5bc200000)]

Other Threads:
=>0x00000230cf930000 VMThread "VM Thread" [stack: 0x000000f5b7900000,0x000000f5b7a00000] [id=19520]
  0x00000230d042b000 WatcherThread [stack: 0x000000f5b8300000,0x000000f5b8400000] [id=11932]
  0x00000230b34f5800 GCTaskThread "GC Thread#0" [stack: 0x000000f5b7400000,0x000000f5b7500000] [id=20820]
  0x00000230d0e9b000 GCTaskThread "GC Thread#1" [stack: 0x000000f5b8500000,0x000000f5b8600000] [id=15808]
  0x00000230d0718800 GCTaskThread "GC Thread#2" [stack: 0x000000f5b8600000,0x000000f5b8700000] [id=8752]
  0x00000230d3312800 GCTaskThread "GC Thread#3" [stack: 0x000000f5b9100000,0x000000f5b9200000] [id=10568]
  0x00000230d3315000 GCTaskThread "GC Thread#4" [stack: 0x000000f5b9200000,0x000000f5b9300000] [id=24312]
  0x00000230d3313800 GCTaskThread "GC Thread#5" [stack: 0x000000f5b9300000,0x000000f5b9400000] [id=19484]
  0x00000230d3310000 GCTaskThread "GC Thread#6" [stack: 0x000000f5b9400000,0x000000f5b9500000] [id=23708]
  0x00000230d3310800 GCTaskThread "GC Thread#7" [stack: 0x000000f5b9500000,0x000000f5b9600000] [id=13508]
  0x00000230b3526800 ConcurrentGCThread "G1 Main Marker" [stack: 0x000000f5b7500000,0x000000f5b7600000] [id=9148]
  0x00000230b3529000 ConcurrentGCThread "G1 Conc#0" [stack: 0x000000f5b7600000,0x000000f5b7700000] [id=24568]
  0x00000230d3314000 ConcurrentGCThread "G1 Conc#1" [stack: 0x000000f5b9700000,0x000000f5b9800000] [id=12112]
  0x00000230b35aa800 ConcurrentGCThread "G1 Refine#0" [stack: 0x000000f5b7700000,0x000000f5b7800000] [id=14200]
  0x00000230b35ab000 ConcurrentGCThread "G1 Young RemSet Sampling" [stack: 0x000000f5b7800000,0x000000f5b7900000] [id=8144]

Threads with active compile tasks:
C2 CompilerThread0  24806 10356       4       org.objectweb.asm.MethodWriter::<init> (232 bytes)
C2 CompilerThread1  24806 11426       4       com.android.tools.r8.graph.A0::c (177 bytes)

VM state:at safepoint (normal execution)

VM Mutex/Monitor currently owned by a thread:  ([mutex/lock_event])
[0x00000230b34da300] Threads_lock - owner thread: 0x00000230cf930000
[0x00000230b34d9340] Heap_lock - owner thread: 0x00000230d27e5800

Heap address: 0x0000000080000000, size: 2048 MB, Compressed Oops mode: 32-bit
Narrow klass base: 0x0000000000000000, Narrow klass shift: 3
Compressed class space size: 1073741824 Address: 0x0000000100000000

Heap:
 garbage-first heap   total 485376K, used 160768K [0x0000000080000000, 0x0000000100000000)
  region size 1024K, 6 young (6144K), 6 survivors (6144K)
 Metaspace       used 96671K, capacity 98990K, committed 99148K, reserved 1134592K
  class space    used 12461K, capacity 13337K, committed 13388K, reserved 1048576K
Heap Regions: E=young(eden), S=young(survivor), O=old, HS=humongous(starts), HC=humongous(continues), CS=collection set, F=free, A=archive, TAMS=top-at-mark-start (previous, next)
|   0|0x0000000080000000, 0x0000000080100000, 0x0000000080100000|100%| O|  |TAMS 0x0000000080100000, 0x0000000080100000| Untracked 
|   1|0x0000000080100000, 0x0000000080200000, 0x0000000080200000|100%| O|  |TAMS 0x0000000080200000, 0x0000000080200000| Untracked 
|   2|0x0000000080200000, 0x0000000080300000, 0x0000000080300000|100%| O|  |TAMS 0x0000000080300000, 0x0000000080300000| Untracked 
|   3|0x0000000080300000, 0x0000000080400000, 0x0000000080400000|100%|HS|  |TAMS 0x0000000080400000, 0x0000000080400000| Complete 
|   4|0x0000000080400000, 0x0000000080500000, 0x0000000080500000|100%|HC|  |TAMS 0x0000000080500000, 0x0000000080500000| Complete 
|   5|0x0000000080500000, 0x0000000080600000, 0x0000000080600000|100%|HC|  |TAMS 0x0000000080600000, 0x0000000080600000| Complete 
|   6|0x0000000080600000, 0x0000000080700000, 0x0000000080700000|100%| O|  |TAMS 0x0000000080700000, 0x0000000080700000| Untracked 
|   7|0x0000000080700000, 0x0000000080800000, 0x0000000080800000|100%| O|  |TAMS 0x0000000080800000, 0x0000000080800000| Untracked 
|   8|0x0000000080800000, 0x0000000080900000, 0x0000000080900000|100%| O|  |TAMS 0x0000000080900000, 0x0000000080900000| Untracked 
|   9|0x0000000080900000, 0x0000000080a00000, 0x0000000080a00000|100%| O|  |TAMS 0x0000000080a00000, 0x0000000080a00000| Untracked 
|  10|0x0000000080a00000, 0x0000000080b00000, 0x0000000080b00000|100%| O|  |TAMS 0x0000000080b00000, 0x0000000080b00000| Untracked 
|  11|0x0000000080b00000, 0x0000000080c00000, 0x0000000080c00000|100%| O|  |TAMS 0x0000000080c00000, 0x0000000080c00000| Untracked 
|  12|0x0000000080c00000, 0x0000000080d00000, 0x0000000080d00000|100%| O|  |TAMS 0x0000000080d00000, 0x0000000080d00000| Untracked 
|  13|0x0000000080d00000, 0x0000000080e00000, 0x0000000080e00000|100%| O|  |TAMS 0x0000000080e00000, 0x0000000080e00000| Untracked 
|  14|0x0000000080e00000, 0x0000000080f00000, 0x0000000080f00000|100%| O|  |TAMS 0x0000000080f00000, 0x0000000080f00000| Untracked 
|  15|0x0000000080f00000, 0x0000000081000000, 0x0000000081000000|100%| O|  |TAMS 0x0000000081000000, 0x0000000081000000| Untracked 
|  16|0x0000000081000000, 0x0000000081100000, 0x0000000081100000|100%| O|  |TAMS 0x0000000081100000, 0x0000000081100000| Untracked 
|  17|0x0000000081100000, 0x0000000081200000, 0x0000000081200000|100%|HS|  |TAMS 0x0000000081200000, 0x0000000081200000| Complete 
|  18|0x0000000081200000, 0x0000000081300000, 0x0000000081300000|100%| O|  |TAMS 0x0000000081300000, 0x0000000081300000| Untracked 
|  19|0x0000000081300000, 0x0000000081400000, 0x0000000081400000|100%| O|  |TAMS 0x0000000081400000, 0x0000000081400000| Untracked 
|  20|0x0000000081400000, 0x0000000081500000, 0x0000000081500000|100%| O|  |TAMS 0x0000000081500000, 0x0000000081500000| Untracked 
|  21|0x0000000081500000, 0x0000000081600000, 0x0000000081600000|100%| O|  |TAMS 0x0000000081600000, 0x0000000081600000| Untracked 
|  22|0x0000000081600000, 0x0000000081700000, 0x0000000081700000|100%| O|  |TAMS 0x0000000081700000, 0x0000000081700000| Untracked 
|  23|0x0000000081700000, 0x0000000081800000, 0x0000000081800000|100%| O|  |TAMS 0x0000000081800000, 0x0000000081800000| Untracked 
|  24|0x0000000081800000, 0x0000000081900000, 0x0000000081900000|100%| O|  |TAMS 0x0000000081900000, 0x0000000081900000| Untracked 
|  25|0x0000000081900000, 0x0000000081a00000, 0x0000000081a00000|100%| O|  |TAMS 0x0000000081a00000, 0x0000000081a00000| Untracked 
|  26|0x0000000081a00000, 0x0000000081b00000, 0x0000000081b00000|100%| O|  |TAMS 0x0000000081b00000, 0x0000000081b00000| Untracked 
|  27|0x0000000081b00000, 0x0000000081c00000, 0x0000000081c00000|100%| O|  |TAMS 0x0000000081c00000, 0x0000000081c00000| Untracked 
|  28|0x0000000081c00000, 0x0000000081d00000, 0x0000000081d00000|100%|HS|  |TAMS 0x0000000081d00000, 0x0000000081d00000| Complete 
|  29|0x0000000081d00000, 0x0000000081e00000, 0x0000000081e00000|100%|HS|  |TAMS 0x0000000081e00000, 0x0000000081e00000| Complete 
|  30|0x0000000081e00000, 0x0000000081f00000, 0x0000000081f00000|100%|HS|  |TAMS 0x0000000081f00000, 0x0000000081f00000| Complete 
|  31|0x0000000081f00000, 0x0000000082000000, 0x0000000082000000|100%|HC|  |TAMS 0x0000000082000000, 0x0000000082000000| Complete 
|  32|0x0000000082000000, 0x0000000082100000, 0x0000000082100000|100%|HC|  |TAMS 0x0000000082100000, 0x0000000082100000| Complete 
|  33|0x0000000082100000, 0x0000000082200000, 0x0000000082200000|100%|HS|  |TAMS 0x0000000082200000, 0x0000000082200000| Complete 
|  34|0x0000000082200000, 0x0000000082300000, 0x0000000082300000|100%|HC|  |TAMS 0x0000000082300000, 0x0000000082300000| Complete 
|  35|0x0000000082300000, 0x0000000082400000, 0x0000000082400000|100%| O|  |TAMS 0x0000000082400000, 0x0000000082400000| Untracked 
|  36|0x0000000082400000, 0x0000000082500000, 0x0000000082500000|100%| O|  |TAMS 0x0000000082500000, 0x0000000082500000| Untracked 
|  37|0x0000000082500000, 0x0000000082600000, 0x0000000082600000|100%| O|  |TAMS 0x0000000082600000, 0x0000000082600000| Untracked 
|  38|0x0000000082600000, 0x0000000082700000, 0x0000000082700000|100%| O|  |TAMS 0x0000000082700000, 0x0000000082700000| Untracked 
|  39|0x0000000082700000, 0x0000000082800000, 0x0000000082800000|100%| O|  |TAMS 0x0000000082800000, 0x0000000082800000| Untracked 
|  40|0x0000000082800000, 0x0000000082900000, 0x0000000082900000|100%| O|  |TAMS 0x0000000082900000, 0x0000000082900000| Untracked 
|  41|0x0000000082900000, 0x0000000082a00000, 0x0000000082a00000|100%| O|  |TAMS 0x0000000082a00000, 0x0000000082a00000| Untracked 
|  42|0x0000000082a00000, 0x0000000082b00000, 0x0000000082b00000|100%| O|  |TAMS 0x0000000082b00000, 0x0000000082b00000| Untracked 
|  43|0x0000000082b00000, 0x0000000082c00000, 0x0000000082c00000|100%| O|  |TAMS 0x0000000082c00000, 0x0000000082c00000| Untracked 
|  44|0x0000000082c00000, 0x0000000082d00000, 0x0000000082d00000|100%| O|  |TAMS 0x0000000082d00000, 0x0000000082d00000| Untracked 
|  45|0x0000000082d00000, 0x0000000082e00000, 0x0000000082e00000|100%| O|  |TAMS 0x0000000082e00000, 0x0000000082e00000| Untracked 
|  46|0x0000000082e00000, 0x0000000082f00000, 0x0000000082f00000|100%| O|  |TAMS 0x0000000082f00000, 0x0000000082f00000| Untracked 
|  47|0x0000000082f00000, 0x0000000083000000, 0x0000000083000000|100%| O|  |TAMS 0x0000000083000000, 0x0000000083000000| Untracked 
|  48|0x0000000083000000, 0x0000000083100000, 0x0000000083100000|100%| O|  |TAMS 0x0000000083100000, 0x0000000083100000| Untracked 
|  49|0x0000000083100000, 0x0000000083200000, 0x0000000083200000|100%| O|  |TAMS 0x0000000083200000, 0x0000000083200000| Untracked 
|  50|0x0000000083200000, 0x0000000083300000, 0x0000000083300000|100%| O|  |TAMS 0x0000000083300000, 0x0000000083300000| Untracked 
|  51|0x0000000083300000, 0x0000000083400000, 0x0000000083400000|100%| O|  |TAMS 0x0000000083400000, 0x0000000083400000| Untracked 
|  52|0x0000000083400000, 0x0000000083500000, 0x0000000083500000|100%| O|  |TAMS 0x0000000083500000, 0x0000000083500000| Untracked 
|  53|0x0000000083500000, 0x0000000083600000, 0x0000000083600000|100%| O|  |TAMS 0x0000000083600000, 0x0000000083600000| Untracked 
|  54|0x0000000083600000, 0x0000000083700000, 0x0000000083700000|100%| O|  |TAMS 0x0000000083700000, 0x0000000083700000| Untracked 
|  55|0x0000000083700000, 0x0000000083800000, 0x0000000083800000|100%| O|  |TAMS 0x0000000083800000, 0x0000000083800000| Untracked 
|  56|0x0000000083800000, 0x0000000083900000, 0x0000000083900000|100%| O|  |TAMS 0x0000000083900000, 0x0000000083900000| Untracked 
|  57|0x0000000083900000, 0x0000000083a00000, 0x0000000083a00000|100%| O|  |TAMS 0x0000000083a00000, 0x0000000083a00000| Untracked 
|  58|0x0000000083a00000, 0x0000000083b00000, 0x0000000083b00000|100%| O|  |TAMS 0x0000000083b00000, 0x0000000083b00000| Untracked 
|  59|0x0000000083b00000, 0x0000000083c00000, 0x0000000083c00000|100%| O|  |TAMS 0x0000000083c00000, 0x0000000083c00000| Untracked 
|  60|0x0000000083c00000, 0x0000000083d00000, 0x0000000083d00000|100%| O|  |TAMS 0x0000000083d00000, 0x0000000083d00000| Untracked 
|  61|0x0000000083d00000, 0x0000000083e00000, 0x0000000083e00000|100%| O|  |TAMS 0x0000000083e00000, 0x0000000083e00000| Untracked 
|  62|0x0000000083e00000, 0x0000000083f00000, 0x0000000083f00000|100%| O|  |TAMS 0x0000000083f00000, 0x0000000083f00000| Untracked 
|  63|0x0000000083f00000, 0x0000000084000000, 0x0000000084000000|100%| O|  |TAMS 0x0000000084000000, 0x0000000084000000| Untracked 
|  64|0x0000000084000000, 0x0000000084100000, 0x0000000084100000|100%| O|  |TAMS 0x0000000084100000, 0x0000000084100000| Untracked 
|  65|0x0000000084100000, 0x0000000084200000, 0x0000000084200000|100%| O|  |TAMS 0x0000000084200000, 0x0000000084200000| Untracked 
|  66|0x0000000084200000, 0x0000000084300000, 0x0000000084300000|100%| O|  |TAMS 0x0000000084300000, 0x0000000084300000| Untracked 
|  67|0x0000000084300000, 0x0000000084400000, 0x0000000084400000|100%| O|  |TAMS 0x0000000084400000, 0x0000000084400000| Untracked 
|  68|0x0000000084400000, 0x0000000084500000, 0x0000000084500000|100%| O|  |TAMS 0x0000000084500000, 0x0000000084500000| Untracked 
|  69|0x0000000084500000, 0x0000000084600000, 0x0000000084600000|100%| O|  |TAMS 0x0000000084600000, 0x0000000084600000| Untracked 
|  70|0x0000000084600000, 0x0000000084700000, 0x0000000084700000|100%| O|  |TAMS 0x0000000084700000, 0x0000000084700000| Untracked 
|  71|0x0000000084700000, 0x0000000084800000, 0x0000000084800000|100%| O|  |TAMS 0x0000000084800000, 0x0000000084800000| Untracked 
|  72|0x0000000084800000, 0x0000000084900000, 0x0000000084900000|100%| O|  |TAMS 0x0000000084900000, 0x0000000084900000| Untracked 
|  73|0x0000000084900000, 0x0000000084a00000, 0x0000000084a00000|100%| O|  |TAMS 0x0000000084a00000, 0x0000000084a00000| Untracked 
|  74|0x0000000084a00000, 0x0000000084b00000, 0x0000000084b00000|100%| O|  |TAMS 0x0000000084b00000, 0x0000000084b00000| Untracked 
|  75|0x0000000084b00000, 0x0000000084c00000, 0x0000000084c00000|100%| O|  |TAMS 0x0000000084c00000, 0x0000000084c00000| Untracked 
|  76|0x0000000084c00000, 0x0000000084d00000, 0x0000000084d00000|100%|HS|  |TAMS 0x0000000084d00000, 0x0000000084d00000| Complete 
|  77|0x0000000084d00000, 0x0000000084e00000, 0x0000000084e00000|100%|HC|  |TAMS 0x0000000084e00000, 0x0000000084e00000| Complete 
|  78|0x0000000084e00000, 0x0000000084f00000, 0x0000000084f00000|100%| O|  |TAMS 0x0000000084f00000, 0x0000000084f00000| Untracked 
|  79|0x0000000084f00000, 0x0000000085000000, 0x0000000085000000|100%| O|  |TAMS 0x0000000085000000, 0x0000000085000000| Untracked 
|  80|0x0000000085000000, 0x0000000085100000, 0x0000000085100000|100%| O|  |TAMS 0x0000000085100000, 0x0000000085100000| Untracked 
|  81|0x0000000085100000, 0x0000000085200000, 0x0000000085200000|100%| O|  |TAMS 0x0000000085200000, 0x0000000085200000| Untracked 
|  82|0x0000000085200000, 0x0000000085300000, 0x0000000085300000|100%| O|  |TAMS 0x0000000085300000, 0x0000000085300000| Untracked 
|  83|0x0000000085300000, 0x0000000085400000, 0x0000000085400000|100%| O|  |TAMS 0x0000000085400000, 0x0000000085400000| Untracked 
|  84|0x0000000085400000, 0x0000000085500000, 0x0000000085500000|100%| O|  |TAMS 0x0000000085500000, 0x0000000085500000| Untracked 
|  85|0x0000000085500000, 0x0000000085600000, 0x0000000085600000|100%| O|  |TAMS 0x0000000085600000, 0x0000000085600000| Untracked 
|  86|0x0000000085600000, 0x0000000085700000, 0x0000000085700000|100%| O|  |TAMS 0x0000000085700000, 0x0000000085700000| Untracked 
|  87|0x0000000085700000, 0x0000000085800000, 0x0000000085800000|100%| O|  |TAMS 0x0000000085800000, 0x0000000085800000| Untracked 
|  88|0x0000000085800000, 0x0000000085900000, 0x0000000085900000|100%| O|  |TAMS 0x0000000085900000, 0x0000000085900000| Untracked 
|  89|0x0000000085900000, 0x0000000085a00000, 0x0000000085a00000|100%| O|  |TAMS 0x0000000085a00000, 0x0000000085a00000| Untracked 
|  90|0x0000000085a00000, 0x0000000085b00000, 0x0000000085b00000|100%| O|  |TAMS 0x0000000085b00000, 0x0000000085b00000| Untracked 
|  91|0x0000000085b00000, 0x0000000085c00000, 0x0000000085c00000|100%| O|  |TAMS 0x0000000085c00000, 0x0000000085c00000| Untracked 
|  92|0x0000000085c00000, 0x0000000085d00000, 0x0000000085d00000|100%| O|  |TAMS 0x0000000085d00000, 0x0000000085d00000| Untracked 
|  93|0x0000000085d00000, 0x0000000085e00000, 0x0000000085e00000|100%| O|  |TAMS 0x0000000085e00000, 0x0000000085e00000| Untracked 
|  94|0x0000000085e00000, 0x0000000085f00000, 0x0000000085f00000|100%| O|  |TAMS 0x0000000085f00000, 0x0000000085f00000| Untracked 
|  95|0x0000000085f00000, 0x0000000086000000, 0x0000000086000000|100%| O|  |TAMS 0x0000000086000000, 0x0000000086000000| Untracked 
|  96|0x0000000086000000, 0x0000000086100000, 0x0000000086100000|100%|HS|  |TAMS 0x0000000086100000, 0x0000000086100000| Complete 
|  97|0x0000000086100000, 0x0000000086200000, 0x0000000086200000|100%| O|  |TAMS 0x0000000086200000, 0x0000000086200000| Untracked 
|  98|0x0000000086200000, 0x0000000086300000, 0x0000000086300000|100%| O|  |TAMS 0x0000000086300000, 0x0000000086300000| Untracked 
|  99|0x0000000086300000, 0x0000000086400000, 0x0000000086400000|100%| O|  |TAMS 0x0000000086400000, 0x0000000086400000| Untracked 
| 100|0x0000000086400000, 0x0000000086500000, 0x0000000086500000|100%| O|  |TAMS 0x0000000086500000, 0x0000000086500000| Untracked 
| 101|0x0000000086500000, 0x0000000086600000, 0x0000000086600000|100%| O|  |TAMS 0x0000000086600000, 0x0000000086600000| Untracked 
| 102|0x0000000086600000, 0x0000000086700000, 0x0000000086700000|100%| O|  |TAMS 0x0000000086700000, 0x0000000086700000| Untracked 
| 103|0x0000000086700000, 0x0000000086800000, 0x0000000086800000|100%| O|  |TAMS 0x0000000086800000, 0x0000000086800000| Untracked 
| 104|0x0000000086800000, 0x0000000086900000, 0x0000000086900000|100%| O|  |TAMS 0x0000000086900000, 0x0000000086900000| Untracked 
| 105|0x0000000086900000, 0x0000000086a00000, 0x0000000086a00000|100%| O|  |TAMS 0x0000000086a00000, 0x0000000086a00000| Untracked 
| 106|0x0000000086a00000, 0x0000000086b00000, 0x0000000086b00000|100%| O|  |TAMS 0x0000000086b00000, 0x0000000086b00000| Untracked 
| 107|0x0000000086b00000, 0x0000000086c00000, 0x0000000086c00000|100%| O|  |TAMS 0x0000000086c00000, 0x0000000086c00000| Untracked 
| 108|0x0000000086c00000, 0x0000000086d00000, 0x0000000086d00000|100%| O|  |TAMS 0x0000000086d00000, 0x0000000086d00000| Untracked 
| 109|0x0000000086d00000, 0x0000000086e00000, 0x0000000086e00000|100%| O|  |TAMS 0x0000000086e00000, 0x0000000086e00000| Untracked 
| 110|0x0000000086e00000, 0x0000000086f00000, 0x0000000086f00000|100%| O|  |TAMS 0x0000000086f00000, 0x0000000086f00000| Untracked 
| 111|0x0000000086f00000, 0x0000000087000000, 0x0000000087000000|100%| O|  |TAMS 0x0000000087000000, 0x0000000087000000| Untracked 
| 112|0x0000000087000000, 0x0000000087100000, 0x0000000087100000|100%| O|  |TAMS 0x0000000087100000, 0x0000000087100000| Untracked 
| 113|0x0000000087100000, 0x0000000087200000, 0x0000000087200000|100%| O|  |TAMS 0x0000000087200000, 0x0000000087200000| Untracked 
| 114|0x0000000087200000, 0x0000000087300000, 0x0000000087300000|100%| O|  |TAMS 0x000000008728e600, 0x0000000087300000| Untracked 
| 115|0x0000000087300000, 0x0000000087400000, 0x0000000087400000|100%| O|  |TAMS 0x0000000087300000, 0x0000000087400000| Untracked 
| 116|0x0000000087400000, 0x0000000087500000, 0x0000000087500000|100%| O|  |TAMS 0x0000000087400000, 0x0000000087500000| Untracked 
| 117|0x0000000087500000, 0x0000000087600000, 0x0000000087600000|100%| O|  |TAMS 0x0000000087500000, 0x0000000087600000| Untracked 
| 118|0x0000000087600000, 0x0000000087700000, 0x0000000087700000|100%| O|  |TAMS 0x0000000087600000, 0x0000000087700000| Untracked 
| 119|0x0000000087700000, 0x0000000087800000, 0x0000000087800000|100%| O|  |TAMS 0x0000000087700000, 0x0000000087800000| Untracked 
| 120|0x0000000087800000, 0x0000000087900000, 0x0000000087900000|100%| O|  |TAMS 0x0000000087800000, 0x0000000087900000| Untracked 
| 121|0x0000000087900000, 0x0000000087a00000, 0x0000000087a00000|100%| O|  |TAMS 0x0000000087900000, 0x0000000087a00000| Untracked 
| 122|0x0000000087a00000, 0x0000000087b00000, 0x0000000087b00000|100%| O|  |TAMS 0x0000000087a00000, 0x0000000087b00000| Untracked 
| 123|0x0000000087b00000, 0x0000000087c00000, 0x0000000087c00000|100%| O|  |TAMS 0x0000000087b00000, 0x0000000087c00000| Untracked 
| 124|0x0000000087c00000, 0x0000000087d00000, 0x0000000087d00000|100%| O|  |TAMS 0x0000000087c00000, 0x0000000087d00000| Untracked 
| 125|0x0000000087d00000, 0x0000000087e00000, 0x0000000087e00000|100%| O|  |TAMS 0x0000000087d00000, 0x0000000087e00000| Untracked 
| 126|0x0000000087e00000, 0x0000000087f00000, 0x0000000087f00000|100%| O|  |TAMS 0x0000000087e00000, 0x0000000087f00000| Untracked 
| 127|0x0000000087f00000, 0x0000000088000000, 0x0000000088000000|100%| O|  |TAMS 0x0000000087f00000, 0x0000000088000000| Untracked 
| 128|0x0000000088000000, 0x0000000088100000, 0x0000000088100000|100%| O|  |TAMS 0x0000000088000000, 0x0000000088100000| Untracked 
| 129|0x0000000088100000, 0x0000000088200000, 0x0000000088200000|100%| O|  |TAMS 0x0000000088100000, 0x0000000088200000| Untracked 
| 130|0x0000000088200000, 0x0000000088300000, 0x0000000088300000|100%| O|  |TAMS 0x0000000088200000, 0x0000000088300000| Untracked 
| 131|0x0000000088300000, 0x0000000088400000, 0x0000000088400000|100%| O|  |TAMS 0x0000000088300000, 0x0000000088400000| Untracked 
| 132|0x0000000088400000, 0x0000000088500000, 0x0000000088500000|100%| O|  |TAMS 0x0000000088400000, 0x0000000088500000| Untracked 
| 133|0x0000000088500000, 0x0000000088600000, 0x0000000088600000|100%| O|  |TAMS 0x0000000088500000, 0x0000000088578808| Untracked 
| 134|0x0000000088600000, 0x0000000088700000, 0x0000000088700000|100%| O|  |TAMS 0x0000000088600000, 0x0000000088600000| Untracked 
| 135|0x0000000088700000, 0x0000000088800000, 0x0000000088800000|100%| O|  |TAMS 0x0000000088700000, 0x0000000088700000| Untracked 
| 136|0x0000000088800000, 0x0000000088900000, 0x0000000088900000|100%| O|  |TAMS 0x0000000088800000, 0x0000000088800000| Untracked 
| 137|0x0000000088900000, 0x0000000088a00000, 0x0000000088a00000|100%| O|  |TAMS 0x0000000088900000, 0x0000000088900000| Untracked 
| 138|0x0000000088a00000, 0x0000000088b00000, 0x0000000088b00000|100%| O|  |TAMS 0x0000000088a00000, 0x0000000088a00000| Untracked 
| 139|0x0000000088b00000, 0x0000000088c00000, 0x0000000088c00000|100%| O|  |TAMS 0x0000000088b00000, 0x0000000088b00000| Untracked 
| 140|0x0000000088c00000, 0x0000000088d00000, 0x0000000088d00000|100%| O|  |TAMS 0x0000000088c00000, 0x0000000088c00000| Untracked 
| 141|0x0000000088d00000, 0x0000000088e00000, 0x0000000088e00000|100%| O|  |TAMS 0x0000000088d00000, 0x0000000088d00000| Untracked 
| 142|0x0000000088e00000, 0x0000000088f00000, 0x0000000088f00000|100%| O|  |TAMS 0x0000000088e00000, 0x0000000088e00000| Untracked 
| 143|0x0000000088f00000, 0x0000000089000000, 0x0000000089000000|100%| O|  |TAMS 0x0000000088f00000, 0x0000000088f00000| Untracked 
| 144|0x0000000089000000, 0x0000000089100000, 0x0000000089100000|100%| O|  |TAMS 0x0000000089000000, 0x0000000089000000| Untracked 
| 145|0x0000000089100000, 0x0000000089200000, 0x0000000089200000|100%| O|  |TAMS 0x0000000089100000, 0x0000000089100000| Untracked 
| 146|0x0000000089200000, 0x0000000089300000, 0x0000000089300000|100%| O|  |TAMS 0x0000000089200000, 0x0000000089200000| Untracked 
| 147|0x0000000089300000, 0x0000000089400000, 0x0000000089400000|100%| O|  |TAMS 0x0000000089300000, 0x0000000089300000| Untracked 
| 148|0x0000000089400000, 0x0000000089500000, 0x0000000089500000|100%| O|  |TAMS 0x0000000089400000, 0x0000000089400000| Untracked 
| 149|0x0000000089500000, 0x0000000089600000, 0x0000000089600000|100%| O|  |TAMS 0x0000000089500000, 0x0000000089500000| Untracked 
| 150|0x0000000089600000, 0x0000000089700000, 0x0000000089700000|100%| O|  |TAMS 0x0000000089600000, 0x0000000089600000| Untracked 
| 151|0x0000000089700000, 0x0000000089700000, 0x0000000089800000|  0%| F|  |TAMS 0x0000000089700000, 0x0000000089700000| Untracked 
| 152|0x0000000089800000, 0x0000000089800000, 0x0000000089900000|  0%| F|  |TAMS 0x0000000089800000, 0x0000000089800000| Untracked 
| 153|0x0000000089900000, 0x0000000089900000, 0x0000000089a00000|  0%| F|  |TAMS 0x0000000089900000, 0x0000000089900000| Untracked 
| 154|0x0000000089a00000, 0x0000000089a00000, 0x0000000089b00000|  0%| F|  |TAMS 0x0000000089a00000, 0x0000000089a00000| Untracked 
| 155|0x0000000089b00000, 0x0000000089b00000, 0x0000000089c00000|  0%| F|  |TAMS 0x0000000089b00000, 0x0000000089b00000| Untracked 
| 156|0x0000000089c00000, 0x0000000089c00000, 0x0000000089d00000|  0%| F|  |TAMS 0x0000000089c00000, 0x0000000089c00000| Untracked 
| 157|0x0000000089d00000, 0x0000000089d00000, 0x0000000089e00000|  0%| F|  |TAMS 0x0000000089d00000, 0x0000000089d00000| Untracked 
| 158|0x0000000089e00000, 0x0000000089e00000, 0x0000000089f00000|  0%| F|  |TAMS 0x0000000089e00000, 0x0000000089e00000| Untracked 
| 159|0x0000000089f00000, 0x0000000089f00000, 0x000000008a000000|  0%| F|  |TAMS 0x0000000089f00000, 0x0000000089f00000| Untracked 
| 160|0x000000008a000000, 0x000000008a000000, 0x000000008a100000|  0%| F|  |TAMS 0x000000008a000000, 0x000000008a000000| Untracked 
| 161|0x000000008a100000, 0x000000008a100000, 0x000000008a200000|  0%| F|  |TAMS 0x000000008a100000, 0x000000008a100000| Untracked 
| 162|0x000000008a200000, 0x000000008a200000, 0x000000008a300000|  0%| F|  |TAMS 0x000000008a200000, 0x000000008a200000| Untracked 
| 163|0x000000008a300000, 0x000000008a300000, 0x000000008a400000|  0%| F|  |TAMS 0x000000008a300000, 0x000000008a300000| Untracked 
| 164|0x000000008a400000, 0x000000008a400000, 0x000000008a500000|  0%| F|  |TAMS 0x000000008a400000, 0x000000008a400000| Untracked 
| 165|0x000000008a500000, 0x000000008a500000, 0x000000008a600000|  0%| F|  |TAMS 0x000000008a500000, 0x000000008a500000| Untracked 
| 166|0x000000008a600000, 0x000000008a600000, 0x000000008a700000|  0%| F|  |TAMS 0x000000008a600000, 0x000000008a600000| Untracked 
| 167|0x000000008a700000, 0x000000008a700000, 0x000000008a800000|  0%| F|  |TAMS 0x000000008a700000, 0x000000008a700000| Untracked 
| 168|0x000000008a800000, 0x000000008a800000, 0x000000008a900000|  0%| F|  |TAMS 0x000000008a800000, 0x000000008a800000| Untracked 
| 169|0x000000008a900000, 0x000000008a900000, 0x000000008aa00000|  0%| F|  |TAMS 0x000000008a900000, 0x000000008a900000| Untracked 
| 170|0x000000008aa00000, 0x000000008aa00000, 0x000000008ab00000|  0%| F|  |TAMS 0x000000008aa00000, 0x000000008aa00000| Untracked 
| 171|0x000000008ab00000, 0x000000008ab00000, 0x000000008ac00000|  0%| F|  |TAMS 0x000000008ab00000, 0x000000008ab00000| Untracked 
| 172|0x000000008ac00000, 0x000000008ac00000, 0x000000008ad00000|  0%| F|  |TAMS 0x000000008ac00000, 0x000000008ac00000| Untracked 
| 173|0x000000008ad00000, 0x000000008ad00000, 0x000000008ae00000|  0%| F|  |TAMS 0x000000008ad00000, 0x000000008ad00000| Untracked 
| 174|0x000000008ae00000, 0x000000008ae00000, 0x000000008af00000|  0%| F|  |TAMS 0x000000008ae00000, 0x000000008ae00000| Untracked 
| 175|0x000000008af00000, 0x000000008af00000, 0x000000008b000000|  0%| F|  |TAMS 0x000000008af00000, 0x000000008af00000| Untracked 
| 176|0x000000008b000000, 0x000000008b000000, 0x000000008b100000|  0%| F|  |TAMS 0x000000008b000000, 0x000000008b000000| Untracked 
| 177|0x000000008b100000, 0x000000008b100000, 0x000000008b200000|  0%| F|  |TAMS 0x000000008b100000, 0x000000008b100000| Untracked 
| 178|0x000000008b200000, 0x000000008b200000, 0x000000008b300000|  0%| F|  |TAMS 0x000000008b200000, 0x000000008b200000| Untracked 
| 179|0x000000008b300000, 0x000000008b300000, 0x000000008b400000|  0%| F|  |TAMS 0x000000008b300000, 0x000000008b300000| Untracked 
| 180|0x000000008b400000, 0x000000008b400000, 0x000000008b500000|  0%| F|  |TAMS 0x000000008b400000, 0x000000008b400000| Untracked 
| 181|0x000000008b500000, 0x000000008b500000, 0x000000008b600000|  0%| F|  |TAMS 0x000000008b500000, 0x000000008b500000| Untracked 
| 182|0x000000008b600000, 0x000000008b600000, 0x000000008b700000|  0%| F|  |TAMS 0x000000008b600000, 0x000000008b600000| Untracked 
| 183|0x000000008b700000, 0x000000008b700000, 0x000000008b800000|  0%| F|  |TAMS 0x000000008b700000, 0x000000008b700000| Untracked 
| 184|0x000000008b800000, 0x000000008b800000, 0x000000008b900000|  0%| F|  |TAMS 0x000000008b800000, 0x000000008b800000| Untracked 
| 185|0x000000008b900000, 0x000000008b900000, 0x000000008ba00000|  0%| F|  |TAMS 0x000000008b900000, 0x000000008b900000| Untracked 
| 186|0x000000008ba00000, 0x000000008ba00000, 0x000000008bb00000|  0%| F|  |TAMS 0x000000008ba00000, 0x000000008ba00000| Untracked 
| 187|0x000000008bb00000, 0x000000008bc00000, 0x000000008bc00000|100%| S|CS|TAMS 0x000000008bb00000, 0x000000008bb00000| Complete 
| 188|0x000000008bc00000, 0x000000008bc00000, 0x000000008bd00000|  0%| F|  |TAMS 0x000000008bc00000, 0x000000008bc00000| Untracked 
| 189|0x000000008bd00000, 0x000000008bd00000, 0x000000008be00000|  0%| F|  |TAMS 0x000000008bd00000, 0x000000008bd00000| Untracked 
| 190|0x000000008be00000, 0x000000008be00000, 0x000000008bf00000|  0%| F|  |TAMS 0x000000008be00000, 0x000000008be00000| Untracked 
| 191|0x000000008bf00000, 0x000000008c000000, 0x000000008c000000|100%| S|CS|TAMS 0x000000008bf00000, 0x000000008bf00000| Complete 
| 192|0x000000008c000000, 0x000000008c100000, 0x000000008c100000|100%| S|CS|TAMS 0x000000008c000000, 0x000000008c000000| Complete 
| 193|0x000000008c100000, 0x000000008c200000, 0x000000008c200000|100%| S|CS|TAMS 0x000000008c100000, 0x000000008c100000| Complete 
| 194|0x000000008c200000, 0x000000008c200000, 0x000000008c300000|  0%| F|  |TAMS 0x000000008c200000, 0x000000008c200000| Untracked 
| 195|0x000000008c300000, 0x000000008c300000, 0x000000008c400000|  0%| F|  |TAMS 0x000000008c300000, 0x000000008c300000| Untracked 
| 196|0x000000008c400000, 0x000000008c400000, 0x000000008c500000|  0%| F|  |TAMS 0x000000008c400000, 0x000000008c400000| Untracked 
| 197|0x000000008c500000, 0x000000008c600000, 0x000000008c600000|100%| S|CS|TAMS 0x000000008c500000, 0x000000008c500000| Complete 
| 198|0x000000008c600000, 0x000000008c700000, 0x000000008c700000|100%| S|CS|TAMS 0x000000008c600000, 0x000000008c600000| Complete 
| 199|0x000000008c700000, 0x000000008c700000, 0x000000008c800000|  0%| F|  |TAMS 0x000000008c700000, 0x000000008c700000| Untracked 
| 200|0x000000008c800000, 0x000000008c800000, 0x000000008c900000|  0%| F|  |TAMS 0x000000008c800000, 0x000000008c800000| Untracked 
| 201|0x000000008c900000, 0x000000008c900000, 0x000000008ca00000|  0%| F|  |TAMS 0x000000008c900000, 0x000000008c900000| Untracked 
| 202|0x000000008ca00000, 0x000000008ca00000, 0x000000008cb00000|  0%| F|  |TAMS 0x000000008ca00000, 0x000000008ca00000| Untracked 
| 203|0x000000008cb00000, 0x000000008cb00000, 0x000000008cc00000|  0%| F|  |TAMS 0x000000008cb00000, 0x000000008cb00000| Untracked 
| 204|0x000000008cc00000, 0x000000008cc00000, 0x000000008cd00000|  0%| F|  |TAMS 0x000000008cc00000, 0x000000008cc00000| Untracked 
| 205|0x000000008cd00000, 0x000000008cd00000, 0x000000008ce00000|  0%| F|  |TAMS 0x000000008cd00000, 0x000000008cd00000| Untracked 
| 206|0x000000008ce00000, 0x000000008ce00000, 0x000000008cf00000|  0%| F|  |TAMS 0x000000008ce00000, 0x000000008ce00000| Untracked 
| 207|0x000000008cf00000, 0x000000008cf00000, 0x000000008d000000|  0%| F|  |TAMS 0x000000008cf00000, 0x000000008cf00000| Untracked 
| 208|0x000000008d000000, 0x000000008d000000, 0x000000008d100000|  0%| F|  |TAMS 0x000000008d000000, 0x000000008d000000| Untracked 
| 209|0x000000008d100000, 0x000000008d100000, 0x000000008d200000|  0%| F|  |TAMS 0x000000008d100000, 0x000000008d100000| Untracked 
| 210|0x000000008d200000, 0x000000008d200000, 0x000000008d300000|  0%| F|  |TAMS 0x000000008d200000, 0x000000008d200000| Untracked 
| 211|0x000000008d300000, 0x000000008d300000, 0x000000008d400000|  0%| F|  |TAMS 0x000000008d300000, 0x000000008d300000| Untracked 
| 212|0x000000008d400000, 0x000000008d400000, 0x000000008d500000|  0%| F|  |TAMS 0x000000008d400000, 0x000000008d400000| Untracked 
| 213|0x000000008d500000, 0x000000008d500000, 0x000000008d600000|  0%| F|  |TAMS 0x000000008d500000, 0x000000008d500000| Untracked 
| 214|0x000000008d600000, 0x000000008d600000, 0x000000008d700000|  0%| F|  |TAMS 0x000000008d600000, 0x000000008d600000| Untracked 
| 215|0x000000008d700000, 0x000000008d700000, 0x000000008d800000|  0%| F|  |TAMS 0x000000008d700000, 0x000000008d700000| Untracked 
| 216|0x000000008d800000, 0x000000008d800000, 0x000000008d900000|  0%| F|  |TAMS 0x000000008d800000, 0x000000008d800000| Untracked 
| 217|0x000000008d900000, 0x000000008d900000, 0x000000008da00000|  0%| F|  |TAMS 0x000000008d900000, 0x000000008d900000| Untracked 
| 218|0x000000008da00000, 0x000000008da00000, 0x000000008db00000|  0%| F|  |TAMS 0x000000008da00000, 0x000000008da00000| Untracked 
| 219|0x000000008db00000, 0x000000008db00000, 0x000000008dc00000|  0%| F|  |TAMS 0x000000008db00000, 0x000000008db00000| Untracked 
| 220|0x000000008dc00000, 0x000000008dc00000, 0x000000008dd00000|  0%| F|  |TAMS 0x000000008dc00000, 0x000000008dc00000| Untracked 
| 221|0x000000008dd00000, 0x000000008dd00000, 0x000000008de00000|  0%| F|  |TAMS 0x000000008dd00000, 0x000000008dd00000| Untracked 
| 222|0x000000008de00000, 0x000000008de00000, 0x000000008df00000|  0%| F|  |TAMS 0x000000008de00000, 0x000000008de00000| Untracked 
| 223|0x000000008df00000, 0x000000008df00000, 0x000000008e000000|  0%| F|  |TAMS 0x000000008df00000, 0x000000008df00000| Untracked 
| 224|0x000000008e000000, 0x000000008e000000, 0x000000008e100000|  0%| F|  |TAMS 0x000000008e000000, 0x000000008e000000| Untracked 
| 225|0x000000008e100000, 0x000000008e100000, 0x000000008e200000|  0%| F|  |TAMS 0x000000008e100000, 0x000000008e100000| Untracked 
| 226|0x000000008e200000, 0x000000008e200000, 0x000000008e300000|  0%| F|  |TAMS 0x000000008e200000, 0x000000008e200000| Untracked 
| 227|0x000000008e300000, 0x000000008e300000, 0x000000008e400000|  0%| F|  |TAMS 0x000000008e300000, 0x000000008e300000| Untracked 
| 228|0x000000008e400000, 0x000000008e400000, 0x000000008e500000|  0%| F|  |TAMS 0x000000008e400000, 0x000000008e400000| Untracked 
| 229|0x000000008e500000, 0x000000008e500000, 0x000000008e600000|  0%| F|  |TAMS 0x000000008e500000, 0x000000008e500000| Untracked 
| 230|0x000000008e600000, 0x000000008e600000, 0x000000008e700000|  0%| F|  |TAMS 0x000000008e600000, 0x000000008e600000| Untracked 
| 231|0x000000008e700000, 0x000000008e700000, 0x000000008e800000|  0%| F|  |TAMS 0x000000008e700000, 0x000000008e700000| Untracked 
| 232|0x000000008e800000, 0x000000008e800000, 0x000000008e900000|  0%| F|  |TAMS 0x000000008e800000, 0x000000008e800000| Untracked 
| 233|0x000000008e900000, 0x000000008e900000, 0x000000008ea00000|  0%| F|  |TAMS 0x000000008e900000, 0x000000008e900000| Untracked 
| 234|0x000000008ea00000, 0x000000008ea00000, 0x000000008eb00000|  0%| F|  |TAMS 0x000000008ea00000, 0x000000008ea00000| Untracked 
| 235|0x000000008eb00000, 0x000000008eb00000, 0x000000008ec00000|  0%| F|  |TAMS 0x000000008eb00000, 0x000000008eb00000| Untracked 
| 236|0x000000008ec00000, 0x000000008ec00000, 0x000000008ed00000|  0%| F|  |TAMS 0x000000008ec00000, 0x000000008ec00000| Untracked 

Card table byte_map: [0x00000230c8620000,0x00000230c8a20000] _byte_map_base: 0x00000230c8220000

Marking Bits (Prev, Next): (CMBitMap*) 0x00000230b351dd78, (CMBitMap*) 0x00000230b351ddb0
 Prev Bits: [0x00000230c8e20000, 0x00000230cae20000)
 Next Bits: [0x00000230cae20000, 0x00000230cce20000)

Polling page: 0x00000230b35b0000

Metaspace:

Usage:
  Non-class:     83.65 MB capacity,    82.24 MB ( 98%) used,     1.14 MB (  1%) free+waste,   272.63 KB ( <1%) overhead. 
      Class:     13.02 MB capacity,    12.17 MB ( 93%) used,   748.75 KB (  6%) free+waste,   126.63 KB ( <1%) overhead. 
       Both:     96.67 MB capacity,    94.41 MB ( 98%) used,     1.87 MB (  2%) free+waste,   399.25 KB ( <1%) overhead. 

Virtual space:
  Non-class space:       84.00 MB reserved,      83.75 MB (>99%) committed 
      Class space:        1.00 GB reserved,      13.07 MB (  1%) committed 
             Both:        1.08 GB reserved,      96.82 MB (  9%) committed 

Chunk freelists:
   Non-Class:  0 bytes
       Class:  0 bytes
        Both:  0 bytes

MaxMetaspaceSize: 17179869184.00 GB
CompressedClassSpaceSize: 1.00 GB

CodeHeap 'non-profiled nmethods': size=120000Kb used=6566Kb max_used=6566Kb free=113433Kb
 bounds [0x00000230c0260000, 0x00000230c08d0000, 0x00000230c7790000]
CodeHeap 'profiled nmethods': size=120000Kb used=25588Kb max_used=25588Kb free=94411Kb
 bounds [0x00000230b8d30000, 0x00000230ba630000, 0x00000230c0260000]
CodeHeap 'non-nmethods': size=5760Kb used=2298Kb max_used=2344Kb free=3461Kb
 bounds [0x00000230b8790000, 0x00000230b8a00000, 0x00000230b8d30000]
 total_blobs=12082 nmethods=11178 adapters=815
 compilation: enabled
              stopped_count=0, restarted_count=0
 full_count=0

Compilation events (20 events):
Event: 24.681 Thread 0x00000230d02c0800 11473       2       com.android.tools.r8.internal.M9::a (13 bytes)
Event: 24.682 Thread 0x00000230d02c0800 nmethod 11473 0x00000230ba629790 code [0x00000230ba629940, 0x00000230ba629a88]
Event: 24.682 Thread 0x00000230d02c0800 11474       2       com.android.tools.r8.internal.iw::a (15 bytes)
Event: 24.682 Thread 0x00000230d02c0800 nmethod 11474 0x00000230ba629b90 code [0x00000230ba629d40, 0x00000230ba629e68]
Event: 24.683 Thread 0x00000230d02c0800 11475       2       com.android.tools.r8.internal.ku::b (27 bytes)
Event: 24.684 Thread 0x00000230d02c0800 nmethod 11475 0x00000230ba629f10 code [0x00000230ba62a0c0, 0x00000230ba62a2d8]
Event: 24.685 Thread 0x00000230d02c0800 11476       2       com.android.tools.r8.graph.j0$m::a (49 bytes)
Event: 24.686 Thread 0x00000230d02c0800 nmethod 11476 0x00000230ba62a390 code [0x00000230ba62a5a0, 0x00000230ba62a9e8]
Event: 24.689 Thread 0x00000230d02c0800 11477       2       com.android.tools.r8.internal.p5$$Lambda$1149/0x0000000100b64440::applyAsInt (8 bytes)
Event: 24.689 Thread 0x00000230d02c0800 nmethod 11477 0x00000230ba62ac90 code [0x00000230ba62ae40, 0x00000230ba62af78]
Event: 24.689 Thread 0x00000230d02c0800 11478       2       com.android.tools.r8.internal.p5::b (8 bytes)
Event: 24.689 Thread 0x00000230d02c0800 nmethod 11478 0x00000230ba62b090 code [0x00000230ba62b240, 0x00000230ba62b338]
Event: 24.696 Thread 0x00000230d02c0800 11487       2       java.lang.invoke.DirectMethodHandle$Holder::invokeStatic (14 bytes)
Event: 24.696 Thread 0x00000230d02c0800 nmethod 11487 0x00000230ba62b410 code [0x00000230ba62b5e0, 0x00000230ba62b718]
Event: 24.697 Thread 0x00000230d02c0800 11488       2       java.lang.invoke.Invokers$Holder::linkToTargetMethod (9 bytes)
Event: 24.697 Thread 0x00000230d02c0800 nmethod 11488 0x00000230ba62b810 code [0x00000230ba62b9e0, 0x00000230ba62bb18]
Event: 24.697 Thread 0x00000230d02c0800 11489       2       com.android.tools.r8.internal.a2$c::<init> (15 bytes)
Event: 24.698 Thread 0x00000230d02c0800 nmethod 11489 0x00000230ba62bc10 code [0x00000230ba62be00, 0x00000230ba62c258]
Event: 24.706 Thread 0x00000230d02c0800 11490       2       com.android.tools.r8.graph.B0$b::a (77 bytes)
Event: 24.708 Thread 0x00000230d02c0800 nmethod 11490 0x00000230ba62c510 code [0x00000230ba62c720, 0x00000230ba62cce8]

GC Heap History (20 events):
Event: 22.666 GC heap after
{Heap after GC invocations=30 (full 0):
 garbage-first heap   total 189440K, used 84929K [0x0000000080000000, 0x0000000100000000)
  region size 1024K, 4 young (4096K), 4 survivors (4096K)
 Metaspace       used 90617K, capacity 92702K, committed 93260K, reserved 1130496K
  class space    used 11621K, capacity 12395K, committed 12620K, reserved 1048576K
}
Event: 23.011 GC heap before
{Heap before GC invocations=30 (full 0):
 garbage-first heap   total 189440K, used 155585K [0x0000000080000000, 0x0000000100000000)
  region size 1024K, 74 young (75776K), 4 survivors (4096K)
 Metaspace       used 92514K, capacity 94586K, committed 95052K, reserved 1132544K
  class space    used 11873K, capacity 12638K, committed 12876K, reserved 1048576K
}
Event: 23.018 GC heap after
{Heap after GC invocations=31 (full 0):
 garbage-first heap   total 189440K, used 88207K [0x0000000080000000, 0x0000000100000000)
  region size 1024K, 7 young (7168K), 7 survivors (7168K)
 Metaspace       used 92514K, capacity 94586K, committed 95052K, reserved 1132544K
  class space    used 11873K, capacity 12638K, committed 12876K, reserved 1048576K
}
Event: 23.216 GC heap before
{Heap before GC invocations=31 (full 0):
 garbage-first heap   total 189440K, used 157839K [0x0000000080000000, 0x0000000100000000)
  region size 1024K, 77 young (78848K), 7 survivors (7168K)
 Metaspace       used 93574K, capacity 95711K, committed 96204K, reserved 1132544K
  class space    used 12015K, capacity 12803K, committed 13004K, reserved 1048576K
}
Event: 23.230 GC heap after
{Heap after GC invocations=32 (full 0):
 garbage-first heap   total 189440K, used 99727K [0x0000000080000000, 0x0000000100000000)
  region size 1024K, 10 young (10240K), 10 survivors (10240K)
 Metaspace       used 93574K, capacity 95711K, committed 96204K, reserved 1132544K
  class space    used 12015K, capacity 12803K, committed 13004K, reserved 1048576K
}
Event: 23.268 GC heap before
{Heap before GC invocations=32 (full 0):
 garbage-first heap   total 189440K, used 113039K [0x0000000080000000, 0x0000000100000000)
  region size 1024K, 25 young (25600K), 10 survivors (10240K)
 Metaspace       used 93726K, capacity 95854K, committed 96204K, reserved 1132544K
  class space    used 12038K, capacity 12808K, committed 13004K, reserved 1048576K
}
Event: 23.282 GC heap after
{Heap after GC invocations=33 (full 0):
 garbage-first heap   total 189440K, used 101800K [0x0000000080000000, 0x0000000100000000)
  region size 1024K, 5 young (5120K), 5 survivors (5120K)
 Metaspace       used 93726K, capacity 95854K, committed 96204K, reserved 1132544K
  class space    used 12038K, capacity 12808K, committed 13004K, reserved 1048576K
}
Event: 23.536 GC heap before
{Heap before GC invocations=33 (full 0):
 garbage-first heap   total 189440K, used 138664K [0x0000000080000000, 0x0000000100000000)
  region size 1024K, 40 young (40960K), 5 survivors (5120K)
 Metaspace       used 94238K, capacity 96459K, committed 96716K, reserved 1132544K
  class space    used 12113K, capacity 12925K, committed 13004K, reserved 1048576K
}
Event: 23.546 GC heap after
{Heap after GC invocations=34 (full 0):
 garbage-first heap   total 189440K, used 109092K [0x0000000080000000, 0x0000000100000000)
  region size 1024K, 5 young (5120K), 5 survivors (5120K)
 Metaspace       used 94238K, capacity 96459K, committed 96716K, reserved 1132544K
  class space    used 12113K, capacity 12925K, committed 13004K, reserved 1048576K
}
Event: 23.644 GC heap before
{Heap before GC invocations=35 (full 0):
 garbage-first heap   total 189440K, used 140836K [0x0000000080000000, 0x0000000100000000)
  region size 1024K, 37 young (37888K), 5 survivors (5120K)
 Metaspace       used 94403K, capacity 96631K, committed 96972K, reserved 1132544K
  class space    used 12140K, capacity 12940K, committed 13004K, reserved 1048576K
}
Event: 23.657 GC heap after
{Heap after GC invocations=36 (full 0):
 garbage-first heap   total 189440K, used 115849K [0x0000000080000000, 0x0000000100000000)
  region size 1024K, 5 young (5120K), 5 survivors (5120K)
 Metaspace       used 94403K, capacity 96631K, committed 96972K, reserved 1132544K
  class space    used 12140K, capacity 12940K, committed 13004K, reserved 1048576K
}
Event: 23.797 GC heap before
{Heap before GC invocations=36 (full 0):
 garbage-first heap   total 189440K, used 144521K [0x0000000080000000, 0x0000000100000000)
  region size 1024K, 34 young (34816K), 5 survivors (5120K)
 Metaspace       used 94627K, capacity 96878K, committed 97100K, reserved 1132544K
  class space    used 12182K, capacity 13002K, committed 13132K, reserved 1048576K
}
Event: 23.832 GC heap after
{Heap after GC invocations=37 (full 0):
 garbage-first heap   total 242688K, used 122425K [0x0000000080000000, 0x0000000100000000)
  region size 1024K, 5 young (5120K), 5 survivors (5120K)
 Metaspace       used 94627K, capacity 96878K, committed 97100K, reserved 1132544K
  class space    used 12182K, capacity 13002K, committed 13132K, reserved 1048576K
}
Event: 24.260 GC heap before
{Heap before GC invocations=38 (full 0):
 garbage-first heap   total 242688K, used 168505K [0x0000000080000000, 0x0000000100000000)
  region size 1024K, 51 young (52224K), 5 survivors (5120K)
 Metaspace       used 94844K, capacity 97039K, committed 97356K, reserved 1134592K
  class space    used 12190K, capacity 12987K, committed 13132K, reserved 1048576K
}
Event: 24.289 GC heap after
{Heap after GC invocations=39 (full 0):
 garbage-first heap   total 242688K, used 133848K [0x0000000080000000, 0x0000000100000000)
  region size 1024K, 7 young (7168K), 7 survivors (7168K)
 Metaspace       used 94844K, capacity 97039K, committed 97356K, reserved 1134592K
  class space    used 12190K, capacity 12987K, committed 13132K, reserved 1048576K
}
Event: 24.434 GC heap before
{Heap before GC invocations=39 (full 0):
 garbage-first heap   total 242688K, used 177880K [0x0000000080000000, 0x0000000100000000)
  region size 1024K, 50 young (51200K), 7 survivors (7168K)
 Metaspace       used 95742K, capacity 97945K, committed 98252K, reserved 1134592K
  class space    used 12309K, capacity 13117K, committed 13260K, reserved 1048576K
}
Event: 24.471 GC heap after
{Heap after GC invocations=40 (full 0):
 garbage-first heap   total 242688K, used 143842K [0x0000000080000000, 0x0000000100000000)
  region size 1024K, 7 young (7168K), 7 survivors (7168K)
 Metaspace       used 95742K, capacity 97945K, committed 98252K, reserved 1134592K
  class space    used 12309K, capacity 13117K, committed 13260K, reserved 1048576K
}
Event: 24.580 GC heap before
{Heap before GC invocations=40 (full 0):
 garbage-first heap   total 242688K, used 183778K [0x0000000080000000, 0x0000000100000000)
  region size 1024K, 47 young (48128K), 7 survivors (7168K)
 Metaspace       used 96279K, capacity 98537K, committed 98764K, reserved 1134592K
  class space    used 12372K, capacity 13184K, committed 13260K, reserved 1048576K
}
Event: 24.606 GC heap after
{Heap after GC invocations=41 (full 0):
 garbage-first heap   total 242688K, used 152220K [0x0000000080000000, 0x0000000100000000)
  region size 1024K, 6 young (6144K), 6 survivors (6144K)
 Metaspace       used 96279K, capacity 98537K, committed 98764K, reserved 1134592K
  class space    used 12372K, capacity 13184K, committed 13260K, reserved 1048576K
}
Event: 24.710 GC heap before
{Heap before GC invocations=41 (full 0):
 garbage-first heap   total 242688K, used 191132K [0x0000000080000000, 0x0000000100000000)
  region size 1024K, 44 young (45056K), 6 survivors (6144K)
 Metaspace       used 96671K, capacity 98990K, committed 99148K, reserved 1134592K
  class space    used 12461K, capacity 13337K, committed 13388K, reserved 1048576K
}

Deoptimization events (20 events):
Event: 24.406 Thread 0x00000230d27e7800 DEOPT PACKING pc=0x00000230ba5358b8 sp=0x000000f5ba8f99a0
Event: 24.406 Thread 0x00000230d27e7800 DEOPT UNPACKING pc=0x00000230b87b76ce sp=0x000000f5ba8f8ec8 mode 0
Event: 24.407 Thread 0x00000230d27e5800 DEOPT PACKING pc=0x00000230ba5358e8 sp=0x000000f5babf95e0
Event: 24.408 Thread 0x00000230d27e5800 DEOPT UNPACKING pc=0x00000230b87b76ce sp=0x000000f5babf8b08 mode 0
Event: 24.408 Thread 0x00000230d27e5800 DEOPT PACKING pc=0x00000230ba5358b8 sp=0x000000f5babf95e0
Event: 24.408 Thread 0x00000230d27e5800 DEOPT UNPACKING pc=0x00000230b87b76ce sp=0x000000f5babf8b08 mode 0
Event: 24.409 Thread 0x00000230d27e5800 DEOPT PACKING pc=0x00000230ba5358b8 sp=0x000000f5babf9710
Event: 24.409 Thread 0x00000230d27e5800 DEOPT UNPACKING pc=0x00000230b87b76ce sp=0x000000f5babf8c38 mode 0
Event: 24.410 Thread 0x00000230d27e5800 DEOPT PACKING pc=0x00000230ba5358b8 sp=0x000000f5babf9710
Event: 24.410 Thread 0x00000230d27e5800 DEOPT UNPACKING pc=0x00000230b87b76ce sp=0x000000f5babf8c38 mode 0
Event: 24.500 Thread 0x00000230d27e5800 DEOPT PACKING pc=0x00000230ba5bc977 sp=0x000000f5babf94f0
Event: 24.500 Thread 0x00000230d27e5800 DEOPT UNPACKING pc=0x00000230b87b76ce sp=0x000000f5babf89f8 mode 0
Event: 24.532 Thread 0x00000230d5aab800 DEOPT PACKING pc=0x00000230ba4c9f1b sp=0x000000f5badf9e80
Event: 24.532 Thread 0x00000230d5aab800 DEOPT UNPACKING pc=0x00000230b87b76ce sp=0x000000f5badf93d0 mode 0
Event: 24.548 Thread 0x00000230d5aab800 DEOPT PACKING pc=0x00000230ba4c9f1b sp=0x000000f5badfa0a0
Event: 24.548 Thread 0x00000230d5aab800 DEOPT UNPACKING pc=0x00000230b87b76ce sp=0x000000f5badf95d0 mode 0
Event: 24.560 Thread 0x00000230d27e5800 DEOPT PACKING pc=0x00000230ba4c9f1b sp=0x000000f5babfa0c0
Event: 24.560 Thread 0x00000230d27e5800 DEOPT UNPACKING pc=0x00000230b87b76ce sp=0x000000f5babf95f0 mode 0
Event: 24.566 Thread 0x00000230d27e7800 DEOPT PACKING pc=0x00000230ba4c9f1b sp=0x000000f5ba8fa860
Event: 24.566 Thread 0x00000230d27e7800 DEOPT UNPACKING pc=0x00000230b87b76ce sp=0x000000f5ba8f9d90 mode 0

Classes redefined (0 events):
No events

Internal exceptions (20 events):
Event: 23.617 Thread 0x00000230d27e5800 Exception <a 'sun/nio/fs/WindowsException'{0x000000008a0e69f8}> (0x000000008a0e69f8) thrown at [./src/hotspot/share/prims/jni.cpp, line 615]
Event: 23.640 Thread 0x00000230d5aae000 Exception <a 'java/lang/IncompatibleClassChangeError'{0x0000000089921920}: Found class java.lang.Object, but interface was expected> (0x0000000089921920) thrown at [./src/hotspot/share/interpreter/linkResolver.cpp, line 839]
Event: 23.640 Thread 0x00000230d27e4800 Exception <a 'java/lang/IncompatibleClassChangeError'{0x0000000089a981b0}: Found class java.lang.Object, but interface was expected> (0x0000000089a981b0) thrown at [./src/hotspot/share/interpreter/linkResolver.cpp, line 839]
Event: 23.641 Thread 0x00000230d5aae000 Exception <a 'java/lang/NoSuchMethodError'{0x0000000089958a90}: 'java.lang.Object java.lang.invoke.DirectMethodHandle$Holder.newInvokeSpecial(java.lang.Object, int)'> (0x0000000089958a90) thrown at [./src/hotspot/share/interpreter/linkResolver.cpp, line 773]
Event: 23.641 Thread 0x00000230d27e4800 Exception <a 'java/lang/NoSuchMethodError'{0x00000000899a08d0}: 'java.lang.Object java.lang.invoke.DirectMethodHandle$Holder.newInvokeSpecial(java.lang.Object, int)'> (0x00000000899a08d0) thrown at [./src/hotspot/share/interpreter/linkResolver.cpp, line 773]
Event: 23.679 Thread 0x00000230d27eb000 Exception <a 'java/lang/IncompatibleClassChangeError'{0x000000008b41a9d0}: Found class java.lang.Object, but interface was expected> (0x000000008b41a9d0) thrown at [./src/hotspot/share/interpreter/linkResolver.cpp, line 839]
Event: 23.680 Thread 0x00000230d27eb000 Exception <a 'java/lang/IncompatibleClassChangeError'{0x000000008b439b18}: Found class java.lang.Object, but interface was expected> (0x000000008b439b18) thrown at [./src/hotspot/share/interpreter/linkResolver.cpp, line 839]
Event: 23.684 Thread 0x00000230d5aab800 Exception <a 'sun/nio/fs/WindowsException'{0x000000008b4f73b0}> (0x000000008b4f73b0) thrown at [./src/hotspot/share/prims/jni.cpp, line 615]
Event: 23.766 Thread 0x00000230d5aae000 Exception <a 'java/lang/NoSuchMethodError'{0x000000008a0dbfd0}: 'void java.lang.invoke.DirectMethodHandle$Holder.invokeStatic(java.lang.Object, java.lang.Object, java.lang.Object, int)'> (0x000000008a0dbfd0) thrown at [./src/hotspot/share/interpreter/linkResolver.cpp, line 773]
Event: 23.766 Thread 0x00000230d27e4800 Exception <a 'java/lang/NoSuchMethodError'{0x000000008a0bb528}: 'void java.lang.invoke.DirectMethodHandle$Holder.invokeStatic(java.lang.Object, java.lang.Object, java.lang.Object, int)'> (0x000000008a0bb528) thrown at [./src/hotspot/share/interpreter/linkResolver.cpp, line 773]
Event: 23.766 Thread 0x00000230d27eb000 Exception <a 'java/lang/NoSuchMethodError'{0x0000000089f02520}: 'void java.lang.invoke.DirectMethodHandle$Holder.invokeStatic(java.lang.Object, java.lang.Object, java.lang.Object, int)'> (0x0000000089f02520) thrown at [./src/hotspot/share/interpreter/linkResolver.cpp, line 773]
Event: 23.776 Thread 0x00000230d27e4800 Exception <a 'java/lang/IncompatibleClassChangeError'{0x0000000089f4d2f0}: Found class java.lang.Object, but interface was expected> (0x0000000089f4d2f0) thrown at [./src/hotspot/share/interpreter/linkResolver.cpp, line 839]
Event: 23.991 Thread 0x00000230d27e7800 Exception <a 'sun/nio/fs/WindowsException'{0x000000008d5d62f0}> (0x000000008d5d62f0) thrown at [./src/hotspot/share/prims/jni.cpp, line 615]
Event: 24.219 Thread 0x00000230d27ec000 Exception <a 'java/lang/NoSuchMethodError'{0x000000008c6f1a78}: 'int java.lang.invoke.DirectMethodHandle$Holder.invokeVirtual(java.lang.Object, java.lang.Object, java.lang.Object)'> (0x000000008c6f1a78) thrown at [./src/hotspot/share/interpreter/linkResolver.cpp, line 773]
Event: 24.693 Thread 0x00000230d27e7000 Exception <a 'java/lang/NoSuchMethodError'{0x000000008cd07828}: 'java.lang.Object java.lang.invoke.DirectMethodHandle$Holder.invokeStatic(java.lang.Object, int, java.lang.Object, java.lang.Object)'> (0x000000008cd07828) thrown at [./src/hotspot/share/interpreter/linkResolver.cpp, line 773]
Event: 24.693 Thread 0x00000230d27eb000 Exception <a 'java/lang/NoSuchMethodError'{0x000000008cb77668}: 'java.lang.Object java.lang.invoke.DirectMethodHandle$Holder.invokeStatic(java.lang.Object, int, java.lang.Object, java.lang.Object)'> (0x000000008cb77668) thrown at [./src/hotspot/share/interpreter/linkResolver.cpp, line 773]
Event: 24.693 Thread 0x00000230d5aae000 Exception <a 'java/lang/NoSuchMethodError'{0x000000008cd27868}: 'java.lang.Object java.lang.invoke.DirectMethodHandle$Holder.invokeStatic(java.lang.Object, int, java.lang.Object, java.lang.Object)'> (0x000000008cd27868) thrown at [./src/hotspot/share/interpreter/linkResolver.cpp, line 773]
Event: 24.694 Thread 0x00000230d5aab800 Exception <a 'java/lang/NoSuchMethodError'{0x000000008d0625b0}: 'java.lang.Object java.lang.invoke.DirectMethodHandle$Holder.invokeStatic(java.lang.Object, int, java.lang.Object, java.lang.Object)'> (0x000000008d0625b0) thrown at [./src/hotspot/share/interpreter/linkResolver.cpp, line 773]
Event: 24.694 Thread 0x00000230d27e4800 Exception <a 'java/lang/NoSuchMethodError'{0x000000008cb6e310}: 'java.lang.Object java.lang.invoke.DirectMethodHandle$Holder.invokeStatic(java.lang.Object, int, java.lang.Object, java.lang.Object)'> (0x000000008cb6e310) thrown at [./src/hotspot/share/interpreter/linkResolver.cpp, line 773]
Event: 24.697 Thread 0x00000230d27ec000 Exception <a 'java/lang/NoSuchMethodError'{0x000000008cb57488}: 'java.lang.Object java.lang.invoke.DirectMethodHandle$Holder.invokeStatic(java.lang.Object, int, java.lang.Object, java.lang.Object)'> (0x000000008cb57488) thrown at [./src/hotspot/share/interpreter/linkResolver.cpp, line 773]

Events (20 events):
Event: 24.708 loading class com/android/tools/r8/internal/Mi done
Event: 24.708 loading class com/android/tools/r8/internal/a2$h done
Event: 24.708 loading class com/android/tools/r8/internal/a2$h
Event: 24.708 loading class com/android/tools/r8/internal/a2$h done
Event: 24.708 loading class com/android/tools/r8/internal/a2$h
Event: 24.708 loading class com/android/tools/r8/internal/a2$h done
Event: 24.709 loading class com/android/tools/r8/internal/Mi
Event: 24.709 loading class com/android/tools/r8/internal/Mi done
Event: 24.709 loading class com/android/tools/r8/internal/Mi
Event: 24.709 loading class com/android/tools/r8/internal/Mi done
Event: 24.709 loading class com/android/tools/r8/internal/a2$h
Event: 24.709 loading class com/android/tools/r8/internal/a2$h done
Event: 24.709 loading class com/android/tools/r8/internal/Mi
Event: 24.709 loading class com/android/tools/r8/internal/Mi done
Event: 24.709 loading class com/android/tools/r8/internal/a2$h
Event: 24.709 loading class com/android/tools/r8/internal/a2$h done
Event: 24.709 loading class com/android/tools/r8/internal/a2$h
Event: 24.709 loading class com/android/tools/r8/internal/a2$h done
Event: 24.709 loading class com/android/tools/r8/internal/Mi$a
Event: 24.709 loading class com/android/tools/r8/internal/Mi$a done


Dynamic libraries:
0x00007ff7a87a0000 - 0x00007ff7a87aa000 	C:\Program Files\Android\Android Studio\jre\bin\java.exe
0x00007fffef6b0000 - 0x00007fffef8a5000 	C:\WINDOWS\SYSTEM32\ntdll.dll
0x00007fffeeaa0000 - 0x00007fffeeb5d000 	C:\WINDOWS\System32\KERNEL32.DLL
0x00007fffecdf0000 - 0x00007fffed0b9000 	C:\WINDOWS\System32\KERNELBASE.dll
0x00007fffe6ef0000 - 0x00007fffe6f80000 	C:\WINDOWS\SYSTEM32\apphelp.dll
0x00007fffed330000 - 0x00007fffed430000 	C:\WINDOWS\System32\ucrtbase.dll
0x00007fffe3ff0000 - 0x00007fffe4009000 	C:\Program Files\Android\Android Studio\jre\bin\jli.dll
0x00007fffe3f30000 - 0x00007fffe3f47000 	C:\Program Files\Android\Android Studio\jre\bin\VCRUNTIME140.dll
0x00007fffee780000 - 0x00007fffee920000 	C:\WINDOWS\System32\USER32.dll
0x00007fffed6a0000 - 0x00007fffed6c2000 	C:\WINDOWS\System32\win32u.dll
0x00007fffef590000 - 0x00007fffef5ba000 	C:\WINDOWS\System32\GDI32.dll
0x00007fffd8c40000 - 0x00007fffd8eda000 	C:\WINDOWS\WinSxS\amd64_microsoft.windows.common-controls_6595b64144ccf1df_6.0.19041.1110_none_60b5254171f9507e\COMCTL32.dll
0x00007fffed590000 - 0x00007fffed69b000 	C:\WINDOWS\System32\gdi32full.dll
0x00007fffed720000 - 0x00007fffed7be000 	C:\WINDOWS\System32\msvcrt.dll
0x00007fffed290000 - 0x00007fffed32d000 	C:\WINDOWS\System32\msvcp_win.dll
0x00007fffeeb60000 - 0x00007fffeeb90000 	C:\WINDOWS\System32\IMM32.DLL
0x00007fffc09b0000 - 0x00007fffc0a4d000 	C:\Program Files\Android\Android Studio\jre\bin\msvcp140.dll
0x00007fff7f5f0000 - 0x00007fff800bf000 	C:\Program Files\Android\Android Studio\jre\bin\server\jvm.dll
0x00007fffeef30000 - 0x00007fffeefdc000 	C:\WINDOWS\System32\ADVAPI32.dll
0x00007fffeda40000 - 0x00007fffedadb000 	C:\WINDOWS\System32\sechost.dll
0x00007fffef460000 - 0x00007fffef58a000 	C:\WINDOWS\System32\RPCRT4.dll
0x00007fffef450000 - 0x00007fffef458000 	C:\WINDOWS\System32\PSAPI.DLL
0x00007fffd89b0000 - 0x00007fffd89d7000 	C:\WINDOWS\SYSTEM32\WINMM.dll
0x00007fffe2880000 - 0x00007fffe288a000 	C:\WINDOWS\SYSTEM32\VERSION.dll
0x00007fffd4a20000 - 0x00007fffd4a29000 	C:\WINDOWS\SYSTEM32\WSOCK32.dll
0x00007fffeea30000 - 0x00007fffeea9b000 	C:\WINDOWS\System32\WS2_32.dll
0x00007fffeb6c0000 - 0x00007fffeb6d2000 	C:\WINDOWS\SYSTEM32\kernel.appcore.dll
0x00007fffd9190000 - 0x00007fffd91a1000 	C:\Program Files\Android\Android Studio\jre\bin\verify.dll
0x00007fffeb380000 - 0x00007fffeb564000 	C:\WINDOWS\SYSTEM32\DBGHELP.DLL
0x00007fffe1740000 - 0x00007fffe176c000 	C:\WINDOWS\SYSTEM32\dbgcore.DLL
0x00007fffed170000 - 0x00007fffed1f3000 	C:\WINDOWS\System32\bcryptPrimitives.dll
0x00007fffa88e0000 - 0x00007fffa8909000 	C:\Program Files\Android\Android Studio\jre\bin\java.dll
0x00007fffe3390000 - 0x00007fffe339b000 	C:\Program Files\Android\Android Studio\jre\bin\jimage.dll
0x00007fffd7640000 - 0x00007fffd7658000 	C:\Program Files\Android\Android Studio\jre\bin\zip.dll
0x00007fffedae0000 - 0x00007fffee21f000 	C:\WINDOWS\System32\SHELL32.dll
0x00007fffe79d0000 - 0x00007fffe8161000 	C:\WINDOWS\SYSTEM32\windows.storage.dll
0x00007fffee220000 - 0x00007fffee575000 	C:\WINDOWS\System32\combase.dll
0x00007fffec860000 - 0x00007fffec88c000 	C:\WINDOWS\SYSTEM32\Wldp.dll
0x00007fffee6d0000 - 0x00007fffee77e000 	C:\WINDOWS\System32\SHCORE.dll
0x00007fffee660000 - 0x00007fffee6b5000 	C:\WINDOWS\System32\shlwapi.dll
0x00007fffecd30000 - 0x00007fffecd4f000 	C:\WINDOWS\SYSTEM32\profapi.dll
0x00007fffd74b0000 - 0x00007fffd74ca000 	C:\Program Files\Android\Android Studio\jre\bin\net.dll
0x00007fffdcd80000 - 0x00007fffdce8a000 	C:\WINDOWS\SYSTEM32\WINHTTP.dll
0x00007fffec5a0000 - 0x00007fffec60a000 	C:\WINDOWS\system32\mswsock.dll
0x00007fffc34f0000 - 0x00007fffc3504000 	C:\Program Files\Android\Android Studio\jre\bin\nio.dll
0x00007fffe3a50000 - 0x00007fffe3a77000 	C:\Users\Choco\.gradle\native\8bec1ad78214c89d9ad589b4d07fe93259594b29d510b10fafb7a158f7737e5d\windows-amd64\native-platform.dll
0x00007fffa79e0000 - 0x00007fffa7b1d000 	C:\Users\Choco\.gradle\native\53dbd7edfb1c66fb8903c78663c9afc45aea4f116125fa6feffd364cf09443e8\windows-amd64\native-platform-file-events.dll
0x00007fffd7ab0000 - 0x00007fffd7aba000 	C:\Program Files\Android\Android Studio\jre\bin\management.dll
0x00007fffd7260000 - 0x00007fffd726c000 	C:\Program Files\Android\Android Studio\jre\bin\management_ext.dll
0x00007fffec7b0000 - 0x00007fffec7c8000 	C:\WINDOWS\SYSTEM32\CRYPTSP.dll
0x00007fffebeb0000 - 0x00007fffebee4000 	C:\WINDOWS\system32\rsaenh.dll
0x00007fffed260000 - 0x00007fffed287000 	C:\WINDOWS\System32\bcrypt.dll
0x00007fffeccf0000 - 0x00007fffecd1e000 	C:\WINDOWS\SYSTEM32\USERENV.dll
0x00007fffec7a0000 - 0x00007fffec7ac000 	C:\WINDOWS\SYSTEM32\CRYPTBASE.dll
0x00007fffec230000 - 0x00007fffec26b000 	C:\WINDOWS\SYSTEM32\IPHLPAPI.DLL
0x00007fffee6c0000 - 0x00007fffee6c8000 	C:\WINDOWS\System32\NSI.dll
0x00007fffe30d0000 - 0x00007fffe30e7000 	C:\WINDOWS\SYSTEM32\dhcpcsvc6.DLL
0x00007fffe30b0000 - 0x00007fffe30cd000 	C:\WINDOWS\SYSTEM32\dhcpcsvc.DLL
0x00007fffec280000 - 0x00007fffec34c000 	C:\WINDOWS\SYSTEM32\DNSAPI.dll

dbghelp: loaded successfully - version: 4.0.5 - missing functions: none
symbol engine: initialized successfully - sym options: 0x614 - pdb path: .;C:\Program Files\Android\Android Studio\jre\bin;C:\WINDOWS\SYSTEM32;C:\WINDOWS\WinSxS\amd64_microsoft.windows.common-controls_6595b64144ccf1df_6.0.19041.1110_none_60b5254171f9507e;C:\Program Files\Android\Android Studio\jre\bin\server;C:\Users\Choco\.gradle\native\8bec1ad78214c89d9ad589b4d07fe93259594b29d510b10fafb7a158f7737e5d\windows-amd64;C:\Users\Choco\.gradle\native\53dbd7edfb1c66fb8903c78663c9afc45aea4f116125fa6feffd364cf09443e8\windows-amd64

VM Arguments:
jvm_args: --add-opens=java.base/java.util=ALL-UNNAMED --add-opens=java.base/java.lang=ALL-UNNAMED --add-opens=java.base/java.lang.invoke=ALL-UNNAMED --add-opens=java.base/java.util=ALL-UNNAMED --add-opens=java.prefs/java.util.prefs=ALL-UNNAMED --add-opens=java.prefs/java.util.prefs=ALL-UNNAMED --add-opens=java.base/java.nio.charset=ALL-UNNAMED --add-opens=java.base/java.net=ALL-UNNAMED --add-opens=java.base/java.util.concurrent.atomic=ALL-UNNAMED -Xmx2048m -Dfile.encoding=UTF-8 -Duser.country=IN -Duser.language=en -Duser.variant 
java_command: org.gradle.launcher.daemon.bootstrap.GradleDaemon 7.0.2
java_class_path (initial): C:\Users\Choco\.gradle\wrapper\dists\gradle-7.0.2-bin\857tjihv64xamwrf0h14cai3r\gradle-7.0.2\lib\gradle-launcher-7.0.2.jar
Launcher Type: SUN_STANDARD

[Global flags]
     intx CICompilerCount                          = 4                                         {product} {ergonomic}
     uint ConcGCThreads                            = 2                                         {product} {ergonomic}
     uint G1ConcRefinementThreads                  = 8                                         {product} {ergonomic}
   size_t G1HeapRegionSize                         = 1048576                                   {product} {ergonomic}
    uintx GCDrainStackTargetSize                   = 64                                        {product} {ergonomic}
   size_t InitialHeapSize                          = 134217728                                 {product} {ergonomic}
   size_t MarkStackSize                            = 4194304                                   {product} {ergonomic}
   size_t MaxHeapSize                              = 2147483648                                {product} {command line}
   size_t MaxNewSize                               = 1287651328                                {product} {ergonomic}
   size_t MinHeapDeltaBytes                        = 1048576                                   {product} {ergonomic}
    uintx NonNMethodCodeHeapSize                   = 5836300                                {pd product} {ergonomic}
    uintx NonProfiledCodeHeapSize                  = 122910970                              {pd product} {ergonomic}
    uintx ProfiledCodeHeapSize                     = 122910970                              {pd product} {ergonomic}
    uintx ReservedCodeCacheSize                    = 251658240                              {pd product} {ergonomic}
     bool SegmentedCodeCache                       = true                                      {product} {ergonomic}
     bool UseCompressedClassPointers               = true                                 {lp64_product} {ergonomic}
     bool UseCompressedOops                        = true                                 {lp64_product} {ergonomic}
     bool UseG1GC                                  = true                                      {product} {ergonomic}
     bool UseLargePagesIndividualAllocation        = false                                  {pd product} {ergonomic}

Logging:
Log output configuration:
 #0: stdout all=warning uptime,level,tags
 #1: stderr all=off uptime,level,tags

Environment Variables:
JAVA_HOME=C:\Program Files\Java\jdk1.8.0_221
PATH=D:\app\Choco\product\11.2.0\dbhome_1\bin;C:\Program Files (x86)\Intel\Intel(R) Management Engine Components\iCLS\;C:\Program Files\Intel\Intel(R) Management Engine Components\iCLS\;C:\Windows\system32;C:\Windows;C:\Windows\System32\Wbem;C:\Windows\System32\WindowsPowerShell\v1.0\;C:\Windows\System32\OpenSSH\;C:\Program Files (x86)\Intel\Intel(R) Management Engine Components\DAL;C:\Program Files\Intel\Intel(R) Management Engine Components\DAL;C:\Program Files (x86)\Intel\Intel(R) Management Engine Components\IPT;C:\Program Files\Intel\Intel(R) Management Engine Components\IPT;C:\Program Files (x86)\NVIDIA Corporation\PhysX\Common;C:\Program Files\Git\cmd;C:\WINDOWS\system32;C:\WINDOWS;C:\WINDOWS\System32\Wbem;C:\WINDOWS\System32\WindowsPowerShell\v1.0\;C:\WINDOWS\System32\OpenSSH\;C:\Program Files (x86)\Yarn\bin\;C:\Program Files\nodejs\;C:\Program Files (x86)\Brackets\command;C:\Program Files\Docker\Docker\resources\bin;C:\ProgramData\DockerDesktop\version-bin;C:\Users\Choco\AppData\Local\Programs\Python\Python38-32\Scripts\;C:\Users\Choco\AppData\Local\Programs\Python\Python38-32\;C:\Users\Choco\AppData\Local\Microsoft\WindowsApps;;C:\Users\Choco\AppData\Local\Programs\Microsoft VS Code\bin;C:\Users\Choco\AppData\Local\Yarn\bin;C:\Users\Choco\AppData\Roaming\npm;C:\Program Files\heroku\bin
USERNAME=Choco
OS=Windows_NT
PROCESSOR_IDENTIFIER=Intel64 Family 6 Model 142 Stepping 10, GenuineIntel



---------------  S Y S T E M  ---------------

OS: Windows 10 , 64 bit Build 19041 (10.0.19041.1023)
OS uptime: 2 days 1:15 hours
Hyper-V role detected

CPU:total 8 (initial active 8) (4 cores per cpu, 2 threads per core) family 6 model 142 stepping 10 microcode 0xb4, cmov, cx8, fxsr, mmx, sse, sse2, sse3, ssse3, sse4.1, sse4.2, popcnt, avx, avx2, aes, clmul, erms, 3dnowpref, lzcnt, ht, tsc, tscinvbit, bmi1, bmi2, adx, fma

Memory: 4k page, system-wide physical 8089M (246M free)
TotalPageFile size 21344M (AvailPageFile size 104M)
current process WorkingSet (physical memory assigned to process): 402M, peak: 438M
current process commit charge ("private bytes"): 608M, peak: 845M

vm_info: OpenJDK 64-Bit Server VM (11.0.10+0-b96-7249189) for windows-amd64 JRE (11.0.10+0-b96-7249189), built on Mar 31 2021 21:44:00 by "builder" with MS VC++ 14.0 (VS2015)

END.
