#
# There is insufficient memory for the Java Runtime Environment to continue.
# Native memory allocation (mmap) failed to map 227540992 bytes for Failed to commit area from 0x0000000093100000 to 0x00000000a0a00000 of length 227540992.
# Possible reasons:
#   The system is out of physical RAM or swap space
#   The process is running with CompressedOops enabled, and the Java Heap may be blocking the growth of the native heap
# Possible solutions:
#   Reduce memory load on the system
#   Increase physical memory or swap space
#   Check if swap backing store is full
#   Decrease Java heap size (-Xmx/-Xms)
#   Decrease number of Java threads
#   Decrease Java thread stack sizes (-Xss)
#   Set larger code cache with -XX:ReservedCodeCacheSize=
#   JVM is running with Unscaled Compressed Oops mode in which the Java heap is
#     placed in the first 4GB address space. The Java Heap base address is the
#     maximum limit for the native heap growth. Please use -XX:HeapBaseMinAddress
#     to set the Java Heap base and to place the Java Heap above 4GB virtual address.
# This output file may be truncated or incomplete.
#
#  Out of Memory Error (./src/hotspot/os/windows/os_windows.cpp:3301), pid=24284, tid=26536
#
# JRE version: OpenJDK Runtime Environment (11.0.10) (build 11.0.10+0-b96-7249189)
# Java VM: OpenJDK 64-Bit Server VM (11.0.10+0-b96-7249189, mixed mode, tiered, compressed oops, g1 gc, windows-amd64)
# No core dump will be written. Minidumps are not enabled by default on client versions of Windows
#

---------------  S U M M A R Y ------------

Command Line: --add-opens=java.base/java.util=ALL-UNNAMED --add-opens=java.base/java.lang=ALL-UNNAMED --add-opens=java.base/java.lang.invoke=ALL-UNNAMED --add-opens=java.base/java.util=ALL-UNNAMED --add-opens=java.prefs/java.util.prefs=ALL-UNNAMED --add-opens=java.prefs/java.util.prefs=ALL-UNNAMED --add-opens=java.base/java.nio.charset=ALL-UNNAMED --add-opens=java.base/java.net=ALL-UNNAMED --add-opens=java.base/java.util.concurrent.atomic=ALL-UNNAMED -Xmx2048m -Dfile.encoding=UTF-8 -Duser.country=IN -Duser.language=en -Duser.variant org.gradle.launcher.daemon.bootstrap.GradleDaemon 7.0.2

Host: Intel(R) Core(TM) i5-8250U CPU @ 1.60GHz, 8 cores, 7G,  Windows 10 , 64 bit Build 19041 (10.0.19041.1023)
Time: Mon Aug  9 12:44:32 2021 India Standard Time elapsed time: 27.481575 seconds (0d 0h 0m 27s)

---------------  T H R E A D  ---------------

Current thread (0x0000020c6233e800):  VMThread "VM Thread" [stack: 0x000000bb9d700000,0x000000bb9d800000] [id=26536]

Stack: [0x000000bb9d700000,0x000000bb9d800000]
[error occurred during error reporting (printing stack bounds), id 0xc0000005, EXCEPTION_ACCESS_VIOLATION (0xc0000005) at pc=0x0000020c4b1f0f2d]

Native frames: (J=compiled Java code, j=interpreted, Vv=VM code, C=native code)
V  [jvm.dll+0x5ecfaa]
V  [jvm.dll+0x722bd5]
V  [jvm.dll+0x72412d]
V  [jvm.dll+0x724745]
V  [jvm.dll+0x7246fb]
V  [jvm.dll+0x5ec348]
V  [jvm.dll+0x5ecad8]
C  [ntdll.dll+0xa217f]
C  [ntdll.dll+0x51454]
C  [ntdll.dll+0xa0cae]
C  0x0000020c4b1f0f2d

VM_Operation (0x000000bba1ffd370): G1CollectForAllocation, mode: safepoint, requested by thread 0x0000020c6c6df000


---------------  P R O C E S S  ---------------

Threads class SMR info:
_java_thread_list=0x0000020c6c7e47b0, length=78, elements={
0x0000020c45eed000, 0x0000020c62343000, 0x0000020c6234f000, 0x0000020c62359800,
0x0000020c6235c000, 0x0000020c6235e800, 0x0000020c62366000, 0x0000020c6236c000,
0x0000020c62377800, 0x0000020c62e21800, 0x0000020c64777800, 0x0000020c64fc7800,
0x0000020c65310800, 0x0000020c64123800, 0x0000020c6449b000, 0x0000020c645ce800,
0x0000020c63ab3000, 0x0000020c65014000, 0x0000020c65230800, 0x0000020c64c0c000,
0x0000020c64c0a800, 0x0000020c64c06800, 0x0000020c64c07000, 0x0000020c64c08000,
0x0000020c64c0d000, 0x0000020c64c0b800, 0x0000020c64c09000, 0x0000020c64c09800,
0x0000020c65ea5000, 0x0000020c65ea2000, 0x0000020c65ea6000, 0x0000020c65ea2800,
0x0000020c65ea0800, 0x0000020c65ea7000, 0x0000020c65ea7800, 0x0000020c65ea4800,
0x0000020c65eab000, 0x0000020c65eab800, 0x0000020c65ea9800, 0x0000020c65eaa000,
0x0000020c65ead800, 0x0000020c65eac800, 0x0000020c65eae000, 0x0000020c65ea8800,
0x0000020c65eaf000, 0x0000020c65960000, 0x0000020c6595c000, 0x0000020c6595b800,
0x0000020c65961000, 0x0000020c6595d800, 0x0000020c65963800, 0x0000020c65964800,
0x0000020c6595e800, 0x0000020c65965000, 0x0000020c6595f800, 0x0000020c65968800,
0x0000020c65969000, 0x0000020c65966000, 0x0000020c65967800, 0x0000020c6596a000,
0x0000020c65966800, 0x0000020c6c6e3800, 0x0000020c6c6e4800, 0x0000020c6c6df000,
0x0000020c6c6e0800, 0x0000020c6c6e5800, 0x0000020c6c6e7000, 0x0000020c6c6e1800,
0x0000020c6c6e3000, 0x0000020c6c6eb000, 0x0000020c6c6ec000, 0x0000020c6c6e8000,
0x0000020c6c6e9800, 0x0000020c6c6ea800, 0x0000020c6c6ec800, 0x0000020c6c6ed800,
0x0000020c6c6e8800, 0x0000020c65962000
}

Java Threads: ( => current thread )
  0x0000020c45eed000 JavaThread "main" [_thread_blocked, id=15864, stack(0x000000bb9d100000,0x000000bb9d200000)]
  0x0000020c62343000 JavaThread "Reference Handler" daemon [_thread_blocked, id=1708, stack(0x000000bb9d800000,0x000000bb9d900000)]
  0x0000020c6234f000 JavaThread "Finalizer" daemon [_thread_blocked, id=18304, stack(0x000000bb9d900000,0x000000bb9da00000)]
  0x0000020c62359800 JavaThread "Signal Dispatcher" daemon [_thread_blocked, id=16112, stack(0x000000bb9da00000,0x000000bb9db00000)]
  0x0000020c6235c000 JavaThread "Attach Listener" daemon [_thread_blocked, id=9384, stack(0x000000bb9db00000,0x000000bb9dc00000)]
  0x0000020c6235e800 JavaThread "Service Thread" daemon [_thread_blocked, id=10848, stack(0x000000bb9dc00000,0x000000bb9dd00000)]
  0x0000020c62366000 JavaThread "C2 CompilerThread0" daemon [_thread_in_native, id=14120, stack(0x000000bb9dd00000,0x000000bb9de00000)]
  0x0000020c6236c000 JavaThread "C1 CompilerThread0" daemon [_thread_blocked, id=28908, stack(0x000000bb9de00000,0x000000bb9df00000)]
  0x0000020c62377800 JavaThread "Sweeper thread" daemon [_thread_blocked, id=24212, stack(0x000000bb9df00000,0x000000bb9e000000)]
  0x0000020c62e21800 JavaThread "Common-Cleaner" daemon [_thread_blocked, id=15116, stack(0x000000bb9e000000,0x000000bb9e100000)]
  0x0000020c64777800 JavaThread "Daemon health stats" [_thread_blocked, id=27940, stack(0x000000bb9e500000,0x000000bb9e600000)]
  0x0000020c64fc7800 JavaThread "Incoming local TCP Connector on port 49381" [_thread_in_native, id=9636, stack(0x000000bb9e200000,0x000000bb9e300000)]
  0x0000020c65310800 JavaThread "Daemon periodic checks" [_thread_blocked, id=28252, stack(0x000000bb9e600000,0x000000bb9e700000)]
  0x0000020c64123800 JavaThread "Daemon" [_thread_blocked, id=13912, stack(0x000000bb9e700000,0x000000bb9e800000)]
  0x0000020c6449b000 JavaThread "Handler for socket connection from /127.0.0.1:49381 to /127.0.0.1:49382" [_thread_in_native, id=26896, stack(0x000000bb9e800000,0x000000bb9e900000)]
  0x0000020c645ce800 JavaThread "Cancel handler" [_thread_blocked, id=10964, stack(0x000000bb9e900000,0x000000bb9ea00000)]
  0x0000020c63ab3000 JavaThread "Daemon worker" [_thread_blocked, id=27376, stack(0x000000bb9ea00000,0x000000bb9eb00000)]
  0x0000020c65014000 JavaThread "Asynchronous log dispatcher for DefaultDaemonConnection: socket connection from /127.0.0.1:49381 to /127.0.0.1:49382" [_thread_blocked, id=29252, stack(0x000000bb9eb00000,0x000000bb9ec00000)]
  0x0000020c65230800 JavaThread "Stdin handler" [_thread_blocked, id=15276, stack(0x000000bb9ec00000,0x000000bb9ed00000)]
  0x0000020c64c0c000 JavaThread "Daemon client event forwarder" [_thread_blocked, id=28004, stack(0x000000bb9ed00000,0x000000bb9ee00000)]
  0x0000020c64c0a800 JavaThread "Cache worker for file hash cache (C:\Users\Choco\.gradle\caches\7.0.2\fileHashes)" [_thread_blocked, id=2900, stack(0x000000bb9ee00000,0x000000bb9ef00000)]
  0x0000020c64c06800 JavaThread "File lock request listener" [_thread_in_native, id=28636, stack(0x000000bb9f400000,0x000000bb9f500000)]
  0x0000020c64c07000 JavaThread "Cache worker for journal cache (C:\Users\Choco\.gradle\caches\journal-1)" [_thread_blocked, id=9032, stack(0x000000bb9f600000,0x000000bb9f700000)]
  0x0000020c64c08000 JavaThread "Cache worker for file hash cache (D:\Documents\Documents\AndroidProject\OptimizeProjects\SOCUS\.gradle\7.0.2\fileHashes)" [_thread_blocked, id=2108, stack(0x000000bb9f800000,0x000000bb9f900000)]
  0x0000020c64c0d000 JavaThread "File watcher server" daemon [_thread_blocked, id=26692, stack(0x000000bb9f900000,0x000000bb9fa00000)]
  0x0000020c64c0b800 JavaThread "File watcher consumer" daemon [_thread_blocked, id=23644, stack(0x000000bb9fa00000,0x000000bb9fb00000)]
  0x0000020c64c09000 JavaThread "Cache worker for checksums cache (D:\Documents\Documents\AndroidProject\OptimizeProjects\SOCUS\.gradle\checksums)" [_thread_blocked, id=25516, stack(0x000000bb9fb00000,0x000000bb9fc00000)]
  0x0000020c64c09800 JavaThread "Cache worker for cache directory md-supplier (C:\Users\Choco\.gradle\caches\7.0.2\md-supplier)" [_thread_blocked, id=14848, stack(0x000000bb9fc00000,0x000000bb9fd00000)]
  0x0000020c65ea5000 JavaThread "Cache worker for cache directory md-rule (C:\Users\Choco\.gradle\caches\7.0.2\md-rule)" [_thread_blocked, id=15732, stack(0x000000bb9fd00000,0x000000bb9fe00000)]
  0x0000020c65ea2000 JavaThread "Cache worker for execution history cache (C:\Users\Choco\.gradle\caches\7.0.2\executionHistory)" [_thread_blocked, id=23324, stack(0x000000bb9fe00000,0x000000bb9ff00000)]
  0x0000020c65ea6000 JavaThread "jar transforms" [_thread_blocked, id=15552, stack(0x000000bb9ff00000,0x000000bba0000000)]
  0x0000020c65ea2800 JavaThread "jar transforms Thread 2" [_thread_blocked, id=27952, stack(0x000000bba0000000,0x000000bba0100000)]
  0x0000020c65ea0800 JavaThread "Cache worker for file content cache (C:\Users\Choco\.gradle\caches\7.0.2\fileContent)" [_thread_blocked, id=23700, stack(0x000000bba0100000,0x000000bba0200000)]
  0x0000020c65ea7000 JavaThread "Cache worker for dependencies-accessors (D:\Documents\Documents\AndroidProject\OptimizeProjects\SOCUS\.gradle\7.0.2\dependencies-accessors)" [_thread_blocked, id=28392, stack(0x000000bba0200000,0x000000bba0300000)]
  0x0000020c65ea7800 JavaThread "jar transforms Thread 3" [_thread_blocked, id=28044, stack(0x000000bba0300000,0x000000bba0400000)]
  0x0000020c65ea4800 JavaThread "Cache worker for Build Output Cleanup Cache (D:\Documents\Documents\AndroidProject\OptimizeProjects\SOCUS\.gradle\buildOutputCleanup)" [_thread_blocked, id=18064, stack(0x000000bba0400000,0x000000bba0500000)]
  0x0000020c65eab000 JavaThread "Build operations" [_thread_blocked, id=26980, stack(0x000000bba0500000,0x000000bba0600000)]
  0x0000020c65eab800 JavaThread "Build operations Thread 2" [_thread_blocked, id=11572, stack(0x000000bba0600000,0x000000bba0700000)]
  0x0000020c65ea9800 JavaThread "Build operations Thread 3" [_thread_blocked, id=1296, stack(0x000000bba0700000,0x000000bba0800000)]
  0x0000020c65eaa000 JavaThread "Build operations Thread 4" [_thread_blocked, id=5308, stack(0x000000bba0800000,0x000000bba0900000)]
  0x0000020c65ead800 JavaThread "Build operations Thread 5" [_thread_blocked, id=14180, stack(0x000000bba0900000,0x000000bba0a00000)]
  0x0000020c65eac800 JavaThread "Build operations Thread 6" [_thread_blocked, id=2272, stack(0x000000bba0a00000,0x000000bba0b00000)]
  0x0000020c65eae000 JavaThread "Build operations Thread 7" [_thread_blocked, id=20360, stack(0x000000bba0b00000,0x000000bba0c00000)]
  0x0000020c65ea8800 JavaThread "Build operations Thread 8" [_thread_blocked, id=24908, stack(0x000000bba0c00000,0x000000bba0d00000)]
  0x0000020c65eaf000 JavaThread "jar transforms Thread 4" [_thread_blocked, id=18964, stack(0x000000bba0d00000,0x000000bba0e00000)]
  0x0000020c65960000 JavaThread "jar transforms Thread 5" [_thread_blocked, id=16776, stack(0x000000bba0e00000,0x000000bba0f00000)]
  0x0000020c6595c000 JavaThread "jar transforms Thread 6" [_thread_blocked, id=12464, stack(0x000000bba0f00000,0x000000bba1000000)]
  0x0000020c6595b800 JavaThread "jar transforms Thread 7" [_thread_blocked, id=14432, stack(0x000000bba1000000,0x000000bba1100000)]
  0x0000020c65961000 JavaThread "jar transforms Thread 8" [_thread_blocked, id=28016, stack(0x000000bba1100000,0x000000bba1200000)]
  0x0000020c6595d800 JavaThread "Memory manager" [_thread_blocked, id=25716, stack(0x000000bba1300000,0x000000bba1400000)]
  0x0000020c65963800 JavaThread "build event listener" [_thread_blocked, id=28612, stack(0x000000bba1400000,0x000000bba1500000)]
  0x0000020c65964800 JavaThread "pool-3-thread-1" [_thread_blocked, id=12640, stack(0x000000bba1500000,0x000000bba1600000)]
  0x0000020c6595e800 JavaThread "build event listener" [_thread_blocked, id=24708, stack(0x000000bba1600000,0x000000bba1700000)]
  0x0000020c65965000 JavaThread "Execution worker for ':'" [_thread_blocked, id=27400, stack(0x000000bba1700000,0x000000bba1800000)]
  0x0000020c6595f800 JavaThread "Execution worker for ':' Thread 2" [_thread_blocked, id=1508, stack(0x000000bba1800000,0x000000bba1900000)]
  0x0000020c65968800 JavaThread "Execution worker for ':' Thread 3" [_thread_blocked, id=28404, stack(0x000000bba1900000,0x000000bba1a00000)]
  0x0000020c65969000 JavaThread "Execution worker for ':' Thread 4" [_thread_blocked, id=14280, stack(0x000000bba1a00000,0x000000bba1b00000)]
  0x0000020c65966000 JavaThread "Execution worker for ':' Thread 5" [_thread_blocked, id=10456, stack(0x000000bba1b00000,0x000000bba1c00000)]
  0x0000020c65967800 JavaThread "Execution worker for ':' Thread 6" [_thread_blocked, id=7052, stack(0x000000bba1c00000,0x000000bba1d00000)]
  0x0000020c6596a000 JavaThread "Execution worker for ':' Thread 7" [_thread_blocked, id=22432, stack(0x000000bba1d00000,0x000000bba1e00000)]
  0x0000020c65966800 JavaThread "Cache worker for execution history cache (D:\Documents\Documents\AndroidProject\OptimizeProjects\SOCUS\.gradle\7.0.2\executionHistory)" [_thread_blocked, id=13984, stack(0x000000bba1e00000,0x000000bba1f00000)]
  0x0000020c6c6e3800 JavaThread "C2 CompilerThread1" daemon [_thread_blocked, id=20076, stack(0x000000bb9f700000,0x000000bb9f800000)]
  0x0000020c6c6e4800 JavaThread "C2 CompilerThread2" daemon [_thread_in_native, id=26440, stack(0x000000bba1200000,0x000000bba1300000)]
  0x0000020c6c6df000 JavaThread "WorkerExecutor Queue" [_thread_blocked, id=24644, stack(0x000000bba1f00000,0x000000bba2000000)]
  0x0000020c6c6e0800 JavaThread "WorkerExecutor Queue Thread 2" [_thread_blocked, id=3008, stack(0x000000bba2000000,0x000000bba2100000)]
  0x0000020c6c6e5800 JavaThread "WorkerExecutor Queue Thread 3" [_thread_blocked, id=27840, stack(0x000000bba2100000,0x000000bba2200000)]
  0x0000020c6c6e7000 JavaThread "WorkerExecutor Queue Thread 6" [_thread_blocked, id=25588, stack(0x000000bba2400000,0x000000bba2500000)]
  0x0000020c6c6e1800 JavaThread "pool-4-thread-1" [_thread_blocked, id=2536, stack(0x000000bba2500000,0x000000bba2600000)]
  0x0000020c6c6e3000 JavaThread "stderr" [_thread_in_native, id=25268, stack(0x000000bba2600000,0x000000bba2700000)]
  0x0000020c6c6eb000 JavaThread "stdout" [_thread_in_native, id=16380, stack(0x000000bba2700000,0x000000bba2800000)]
  0x0000020c6c6ec000 JavaThread "ForkJoinPool-1-worker-3" daemon [_thread_blocked, id=29560, stack(0x000000bba2800000,0x000000bba2900000)]
  0x0000020c6c6e8000 JavaThread "ForkJoinPool-1-worker-5" daemon [_thread_blocked, id=13724, stack(0x000000bba2900000,0x000000bba2a00000)]
  0x0000020c6c6e9800 JavaThread "ForkJoinPool-1-worker-7" daemon [_thread_blocked, id=26716, stack(0x000000bba2a00000,0x000000bba2b00000)]
  0x0000020c6c6ea800 JavaThread "ForkJoinPool-1-worker-9" daemon [_thread_blocked, id=22496, stack(0x000000bba2b00000,0x000000bba2c00000)]
  0x0000020c6c6ec800 JavaThread "ForkJoinPool-1-worker-11" daemon [_thread_blocked, id=27944, stack(0x000000bba2c00000,0x000000bba2d00000)]
  0x0000020c6c6ed800 JavaThread "ForkJoinPool-1-worker-13" daemon [_thread_blocked, id=12804, stack(0x000000bba2d00000,0x000000bba2e00000)]
  0x0000020c6c6e8800 JavaThread "ForkJoinPool-1-worker-15" daemon [_thread_blocked, id=28856, stack(0x000000bba2e00000,0x000000bba2f00000)]
  0x0000020c65962000 JavaThread "ForkJoinPool-1-worker-1" daemon [_thread_blocked, id=29196, stack(0x000000bba2f00000,0x000000bba3000000)]

Other Threads:
=>0x0000020c6233e800 VMThread "VM Thread" [stack: 0x000000bb9d700000,0x000000bb9d800000] [id=26536]
  0x0000020c62e43800 WatcherThread [stack: 0x000000bb9e100000,0x000000bb9e200000] [id=18396]
  0x0000020c45f06800 GCTaskThread "GC Thread#0" [stack: 0x000000bb9d200000,0x000000bb9d300000] [id=20852]
  0x0000020c63e66800 GCTaskThread "GC Thread#1" [stack: 0x000000bb9e300000,0x000000bb9e400000] [id=14784]
  0x0000020c63e60800 GCTaskThread "GC Thread#2" [stack: 0x000000bb9e400000,0x000000bb9e500000] [id=26592]
  0x0000020c63e25000 GCTaskThread "GC Thread#3" [stack: 0x000000bb9ef00000,0x000000bb9f000000] [id=26328]
  0x0000020c63e25800 GCTaskThread "GC Thread#4" [stack: 0x000000bb9f000000,0x000000bb9f100000] [id=11240]
  0x0000020c63a7d000 GCTaskThread "GC Thread#5" [stack: 0x000000bb9f100000,0x000000bb9f200000] [id=26088]
  0x0000020c63a7d800 GCTaskThread "GC Thread#6" [stack: 0x000000bb9f200000,0x000000bb9f300000] [id=19572]
  0x0000020c63dbf000 GCTaskThread "GC Thread#7" [stack: 0x000000bb9f300000,0x000000bb9f400000] [id=13344]
  0x0000020c45f37000 ConcurrentGCThread "G1 Main Marker" [stack: 0x000000bb9d300000,0x000000bb9d400000] [id=27792]
  0x0000020c45f38800 ConcurrentGCThread "G1 Conc#0" [stack: 0x000000bb9d400000,0x000000bb9d500000] [id=2568]
  0x0000020c65258000 ConcurrentGCThread "G1 Conc#1" [stack: 0x000000bb9f500000,0x000000bb9f600000] [id=17848]
  0x0000020c62190800 ConcurrentGCThread "G1 Refine#0" [stack: 0x000000bb9d500000,0x000000bb9d600000] [id=19404]
  0x0000020c69c03000 ConcurrentGCThread "G1 Refine#1" [stack: 0x000000bba3000000,0x000000bba3100000] [id=29232]
  0x0000020c68a8e000 ConcurrentGCThread "G1 Refine#2" [stack: 0x000000bba3100000,0x000000bba3200000] [id=27004]
  0x0000020c62191000 ConcurrentGCThread "G1 Young RemSet Sampling" [stack: 0x000000bb9d600000,0x000000bb9d700000] [id=14532]

Threads with active compile tasks:
C2 CompilerThread0  27531 12646       4       com.android.tools.r8.graph.E::a (275 bytes)
C2 CompilerThread1  27531 12628       4       com.android.tools.r8.dex.z$g::b (38 bytes)
C2 CompilerThread2  27531 12569       4       com.android.tools.r8.dex.z$g::a (20 bytes)

VM state:at safepoint (normal execution)

VM Mutex/Monitor currently owned by a thread:  ([mutex/lock_event])
[0x0000020c45ee98e0] Threads_lock - owner thread: 0x0000020c6233e800
[0x0000020c45ee9a90] Heap_lock - owner thread: 0x0000020c6c6df000

Heap address: 0x0000000080000000, size: 2048 MB, Compressed Oops mode: 32-bit
Narrow klass base: 0x0000000000000000, Narrow klass shift: 3
Compressed class space size: 1073741824 Address: 0x0000000100000000

Heap:
 garbage-first heap   total 534528K, used 191859K [0x0000000080000000, 0x0000000100000000)
  region size 1024K, 2 young (2048K), 2 survivors (2048K)
 Metaspace       used 100640K, capacity 103166K, committed 103500K, reserved 1138688K
  class space    used 13101K, capacity 14021K, committed 14156K, reserved 1048576K
Heap Regions: E=young(eden), S=young(survivor), O=old, HS=humongous(starts), HC=humongous(continues), CS=collection set, F=free, A=archive, TAMS=top-at-mark-start (previous, next)
|   0|0x0000000080000000, 0x0000000080100000, 0x0000000080100000|100%| O|  |TAMS 0x0000000080100000, 0x0000000080100000| Untracked 
|   1|0x0000000080100000, 0x0000000080200000, 0x0000000080200000|100%| O|  |TAMS 0x0000000080200000, 0x0000000080200000| Untracked 
|   2|0x0000000080200000, 0x0000000080300000, 0x0000000080300000|100%| O|  |TAMS 0x0000000080300000, 0x0000000080300000| Untracked 
|   3|0x0000000080300000, 0x0000000080400000, 0x0000000080400000|100%|HS|  |TAMS 0x0000000080400000, 0x0000000080400000| Complete 
|   4|0x0000000080400000, 0x0000000080500000, 0x0000000080500000|100%|HC|  |TAMS 0x0000000080500000, 0x0000000080500000| Complete 
|   5|0x0000000080500000, 0x0000000080600000, 0x0000000080600000|100%|HC|  |TAMS 0x0000000080600000, 0x0000000080600000| Complete 
|   6|0x0000000080600000, 0x0000000080700000, 0x0000000080700000|100%| O|  |TAMS 0x0000000080700000, 0x0000000080700000| Untracked 
|   7|0x0000000080700000, 0x0000000080800000, 0x0000000080800000|100%| O|  |TAMS 0x0000000080800000, 0x0000000080800000| Untracked 
|   8|0x0000000080800000, 0x0000000080900000, 0x0000000080900000|100%| O|  |TAMS 0x0000000080900000, 0x0000000080900000| Untracked 
|   9|0x0000000080900000, 0x0000000080a00000, 0x0000000080a00000|100%| O|  |TAMS 0x0000000080a00000, 0x0000000080a00000| Untracked 
|  10|0x0000000080a00000, 0x0000000080b00000, 0x0000000080b00000|100%| O|  |TAMS 0x0000000080b00000, 0x0000000080b00000| Untracked 
|  11|0x0000000080b00000, 0x0000000080c00000, 0x0000000080c00000|100%| O|  |TAMS 0x0000000080c00000, 0x0000000080c00000| Untracked 
|  12|0x0000000080c00000, 0x0000000080d00000, 0x0000000080d00000|100%| O|  |TAMS 0x0000000080d00000, 0x0000000080d00000| Untracked 
|  13|0x0000000080d00000, 0x0000000080e00000, 0x0000000080e00000|100%| O|  |TAMS 0x0000000080e00000, 0x0000000080e00000| Untracked 
|  14|0x0000000080e00000, 0x0000000080f00000, 0x0000000080f00000|100%| O|  |TAMS 0x0000000080f00000, 0x0000000080f00000| Untracked 
|  15|0x0000000080f00000, 0x0000000081000000, 0x0000000081000000|100%| O|  |TAMS 0x0000000081000000, 0x0000000081000000| Untracked 
|  16|0x0000000081000000, 0x0000000081100000, 0x0000000081100000|100%|HS|  |TAMS 0x0000000081100000, 0x0000000081100000| Complete 
|  17|0x0000000081100000, 0x0000000081200000, 0x0000000081200000|100%| O|  |TAMS 0x0000000081200000, 0x0000000081200000| Untracked 
|  18|0x0000000081200000, 0x0000000081300000, 0x0000000081300000|100%| O|  |TAMS 0x0000000081300000, 0x0000000081300000| Untracked 
|  19|0x0000000081300000, 0x0000000081400000, 0x0000000081400000|100%| O|  |TAMS 0x0000000081400000, 0x0000000081400000| Untracked 
|  20|0x0000000081400000, 0x0000000081500000, 0x0000000081500000|100%| O|  |TAMS 0x0000000081500000, 0x0000000081500000| Untracked 
|  21|0x0000000081500000, 0x0000000081600000, 0x0000000081600000|100%| O|  |TAMS 0x0000000081600000, 0x0000000081600000| Untracked 
|  22|0x0000000081600000, 0x0000000081700000, 0x0000000081700000|100%| O|  |TAMS 0x0000000081700000, 0x0000000081700000| Untracked 
|  23|0x0000000081700000, 0x0000000081800000, 0x0000000081800000|100%|HS|  |TAMS 0x0000000081800000, 0x0000000081800000| Complete 
|  24|0x0000000081800000, 0x0000000081900000, 0x0000000081900000|100%|HS|  |TAMS 0x0000000081900000, 0x0000000081900000| Complete 
|  25|0x0000000081900000, 0x0000000081a00000, 0x0000000081a00000|100%|HS|  |TAMS 0x0000000081a00000, 0x0000000081a00000| Complete 
|  26|0x0000000081a00000, 0x0000000081b00000, 0x0000000081b00000|100%|HC|  |TAMS 0x0000000081b00000, 0x0000000081b00000| Complete 
|  27|0x0000000081b00000, 0x0000000081c00000, 0x0000000081c00000|100%|HC|  |TAMS 0x0000000081c00000, 0x0000000081c00000| Complete 
|  28|0x0000000081c00000, 0x0000000081d00000, 0x0000000081d00000|100%|HS|  |TAMS 0x0000000081d00000, 0x0000000081d00000| Complete 
|  29|0x0000000081d00000, 0x0000000081e00000, 0x0000000081e00000|100%|HC|  |TAMS 0x0000000081e00000, 0x0000000081e00000| Complete 
|  30|0x0000000081e00000, 0x0000000081f00000, 0x0000000081f00000|100%| O|  |TAMS 0x0000000081f00000, 0x0000000081f00000| Untracked 
|  31|0x0000000081f00000, 0x0000000082000000, 0x0000000082000000|100%| O|  |TAMS 0x0000000082000000, 0x0000000082000000| Untracked 
|  32|0x0000000082000000, 0x0000000082100000, 0x0000000082100000|100%| O|  |TAMS 0x0000000082100000, 0x0000000082100000| Untracked 
|  33|0x0000000082100000, 0x0000000082200000, 0x0000000082200000|100%| O|  |TAMS 0x0000000082200000, 0x0000000082200000| Untracked 
|  34|0x0000000082200000, 0x0000000082300000, 0x0000000082300000|100%| O|  |TAMS 0x0000000082300000, 0x0000000082300000| Untracked 
|  35|0x0000000082300000, 0x0000000082400000, 0x0000000082400000|100%| O|  |TAMS 0x0000000082400000, 0x0000000082400000| Untracked 
|  36|0x0000000082400000, 0x0000000082500000, 0x0000000082500000|100%| O|  |TAMS 0x0000000082500000, 0x0000000082500000| Untracked 
|  37|0x0000000082500000, 0x0000000082600000, 0x0000000082600000|100%| O|  |TAMS 0x0000000082600000, 0x0000000082600000| Untracked 
|  38|0x0000000082600000, 0x0000000082700000, 0x0000000082700000|100%| O|  |TAMS 0x0000000082700000, 0x0000000082700000| Untracked 
|  39|0x0000000082700000, 0x0000000082800000, 0x0000000082800000|100%| O|  |TAMS 0x0000000082800000, 0x0000000082800000| Untracked 
|  40|0x0000000082800000, 0x0000000082900000, 0x0000000082900000|100%| O|  |TAMS 0x0000000082900000, 0x0000000082900000| Untracked 
|  41|0x0000000082900000, 0x0000000082a00000, 0x0000000082a00000|100%| O|  |TAMS 0x0000000082a00000, 0x0000000082a00000| Untracked 
|  42|0x0000000082a00000, 0x0000000082b00000, 0x0000000082b00000|100%| O|  |TAMS 0x0000000082b00000, 0x0000000082b00000| Untracked 
|  43|0x0000000082b00000, 0x0000000082c00000, 0x0000000082c00000|100%| O|  |TAMS 0x0000000082c00000, 0x0000000082c00000| Untracked 
|  44|0x0000000082c00000, 0x0000000082d00000, 0x0000000082d00000|100%| O|  |TAMS 0x0000000082d00000, 0x0000000082d00000| Untracked 
|  45|0x0000000082d00000, 0x0000000082e00000, 0x0000000082e00000|100%| O|  |TAMS 0x0000000082e00000, 0x0000000082e00000| Untracked 
|  46|0x0000000082e00000, 0x0000000082f00000, 0x0000000082f00000|100%| O|  |TAMS 0x0000000082f00000, 0x0000000082f00000| Untracked 
|  47|0x0000000082f00000, 0x0000000083000000, 0x0000000083000000|100%| O|  |TAMS 0x0000000083000000, 0x0000000083000000| Untracked 
|  48|0x0000000083000000, 0x0000000083100000, 0x0000000083100000|100%| O|  |TAMS 0x0000000083100000, 0x0000000083100000| Untracked 
|  49|0x0000000083100000, 0x0000000083200000, 0x0000000083200000|100%| O|  |TAMS 0x0000000083200000, 0x0000000083200000| Untracked 
|  50|0x0000000083200000, 0x0000000083300000, 0x0000000083300000|100%| O|  |TAMS 0x0000000083300000, 0x0000000083300000| Untracked 
|  51|0x0000000083300000, 0x0000000083400000, 0x0000000083400000|100%| O|  |TAMS 0x0000000083400000, 0x0000000083400000| Untracked 
|  52|0x0000000083400000, 0x0000000083500000, 0x0000000083500000|100%| O|  |TAMS 0x0000000083500000, 0x0000000083500000| Untracked 
|  53|0x0000000083500000, 0x0000000083600000, 0x0000000083600000|100%| O|  |TAMS 0x0000000083600000, 0x0000000083600000| Untracked 
|  54|0x0000000083600000, 0x0000000083700000, 0x0000000083700000|100%| O|  |TAMS 0x0000000083700000, 0x0000000083700000| Untracked 
|  55|0x0000000083700000, 0x0000000083800000, 0x0000000083800000|100%| O|  |TAMS 0x0000000083800000, 0x0000000083800000| Untracked 
|  56|0x0000000083800000, 0x0000000083900000, 0x0000000083900000|100%| O|  |TAMS 0x0000000083900000, 0x0000000083900000| Untracked 
|  57|0x0000000083900000, 0x0000000083a00000, 0x0000000083a00000|100%| O|  |TAMS 0x0000000083a00000, 0x0000000083a00000| Untracked 
|  58|0x0000000083a00000, 0x0000000083b00000, 0x0000000083b00000|100%| O|  |TAMS 0x0000000083b00000, 0x0000000083b00000| Untracked 
|  59|0x0000000083b00000, 0x0000000083c00000, 0x0000000083c00000|100%| O|  |TAMS 0x0000000083c00000, 0x0000000083c00000| Untracked 
|  60|0x0000000083c00000, 0x0000000083d00000, 0x0000000083d00000|100%| O|  |TAMS 0x0000000083d00000, 0x0000000083d00000| Untracked 
|  61|0x0000000083d00000, 0x0000000083e00000, 0x0000000083e00000|100%| O|  |TAMS 0x0000000083e00000, 0x0000000083e00000| Untracked 
|  62|0x0000000083e00000, 0x0000000083f00000, 0x0000000083f00000|100%| O|  |TAMS 0x0000000083f00000, 0x0000000083f00000| Untracked 
|  63|0x0000000083f00000, 0x0000000084000000, 0x0000000084000000|100%| O|  |TAMS 0x0000000084000000, 0x0000000084000000| Untracked 
|  64|0x0000000084000000, 0x0000000084100000, 0x0000000084100000|100%| O|  |TAMS 0x0000000084100000, 0x0000000084100000| Untracked 
|  65|0x0000000084100000, 0x0000000084200000, 0x0000000084200000|100%| O|  |TAMS 0x0000000084200000, 0x0000000084200000| Untracked 
|  66|0x0000000084200000, 0x0000000084300000, 0x0000000084300000|100%| O|  |TAMS 0x0000000084300000, 0x0000000084300000| Untracked 
|  67|0x0000000084300000, 0x0000000084400000, 0x0000000084400000|100%| O|  |TAMS 0x0000000084400000, 0x0000000084400000| Untracked 
|  68|0x0000000084400000, 0x0000000084500000, 0x0000000084500000|100%| O|  |TAMS 0x0000000084500000, 0x0000000084500000| Untracked 
|  69|0x0000000084500000, 0x0000000084600000, 0x0000000084600000|100%| O|  |TAMS 0x0000000084600000, 0x0000000084600000| Untracked 
|  70|0x0000000084600000, 0x0000000084700000, 0x0000000084700000|100%| O|  |TAMS 0x0000000084700000, 0x0000000084700000| Untracked 
|  71|0x0000000084700000, 0x0000000084800000, 0x0000000084800000|100%| O|  |TAMS 0x0000000084800000, 0x0000000084800000| Untracked 
|  72|0x0000000084800000, 0x0000000084900000, 0x0000000084900000|100%|HS|  |TAMS 0x0000000084900000, 0x0000000084900000| Complete 
|  73|0x0000000084900000, 0x0000000084a00000, 0x0000000084a00000|100%|HS|  |TAMS 0x0000000084a00000, 0x0000000084a00000| Complete 
|  74|0x0000000084a00000, 0x0000000084b00000, 0x0000000084b00000|100%|HC|  |TAMS 0x0000000084b00000, 0x0000000084b00000| Complete 
|  75|0x0000000084b00000, 0x0000000084c00000, 0x0000000084c00000|100%|HS|  |TAMS 0x0000000084c00000, 0x0000000084c00000| Complete 
|  76|0x0000000084c00000, 0x0000000084d00000, 0x0000000084d00000|100%|HS|  |TAMS 0x0000000084d00000, 0x0000000084d00000| Complete 
|  77|0x0000000084d00000, 0x0000000084e00000, 0x0000000084e00000|100%|HS|  |TAMS 0x0000000084e00000, 0x0000000084e00000| Complete 
|  78|0x0000000084e00000, 0x0000000084f00000, 0x0000000084f00000|100%|HS|  |TAMS 0x0000000084f00000, 0x0000000084f00000| Complete 
|  79|0x0000000084f00000, 0x0000000085000000, 0x0000000085000000|100%|HC|  |TAMS 0x0000000085000000, 0x0000000085000000| Complete 
|  80|0x0000000085000000, 0x0000000085100000, 0x0000000085100000|100%|HS|  |TAMS 0x0000000085100000, 0x0000000085100000| Complete 
|  81|0x0000000085100000, 0x0000000085200000, 0x0000000085200000|100%|HC|  |TAMS 0x0000000085200000, 0x0000000085200000| Complete 
|  82|0x0000000085200000, 0x0000000085300000, 0x0000000085300000|100%|HC|  |TAMS 0x0000000085300000, 0x0000000085300000| Complete 
|  83|0x0000000085300000, 0x0000000085400000, 0x0000000085400000|100%| O|  |TAMS 0x0000000085400000, 0x0000000085400000| Untracked 
|  84|0x0000000085400000, 0x0000000085500000, 0x0000000085500000|100%| O|  |TAMS 0x0000000085500000, 0x0000000085500000| Untracked 
|  85|0x0000000085500000, 0x0000000085600000, 0x0000000085600000|100%| O|  |TAMS 0x0000000085600000, 0x0000000085600000| Untracked 
|  86|0x0000000085600000, 0x0000000085700000, 0x0000000085700000|100%| O|  |TAMS 0x0000000085700000, 0x0000000085700000| Untracked 
|  87|0x0000000085700000, 0x0000000085800000, 0x0000000085800000|100%| O|  |TAMS 0x0000000085800000, 0x0000000085800000| Untracked 
|  88|0x0000000085800000, 0x0000000085900000, 0x0000000085900000|100%| O|  |TAMS 0x0000000085900000, 0x0000000085900000| Untracked 
|  89|0x0000000085900000, 0x0000000085a00000, 0x0000000085a00000|100%| O|  |TAMS 0x0000000085a00000, 0x0000000085a00000| Untracked 
|  90|0x0000000085a00000, 0x0000000085b00000, 0x0000000085b00000|100%| O|  |TAMS 0x0000000085b00000, 0x0000000085b00000| Untracked 
|  91|0x0000000085b00000, 0x0000000085c00000, 0x0000000085c00000|100%| O|  |TAMS 0x0000000085c00000, 0x0000000085c00000| Untracked 
|  92|0x0000000085c00000, 0x0000000085d00000, 0x0000000085d00000|100%| O|  |TAMS 0x0000000085d00000, 0x0000000085d00000| Untracked 
|  93|0x0000000085d00000, 0x0000000085e00000, 0x0000000085e00000|100%| O|  |TAMS 0x0000000085e00000, 0x0000000085e00000| Untracked 
|  94|0x0000000085e00000, 0x0000000085f00000, 0x0000000085f00000|100%| O|  |TAMS 0x0000000085f00000, 0x0000000085f00000| Untracked 
|  95|0x0000000085f00000, 0x0000000086000000, 0x0000000086000000|100%| O|  |TAMS 0x0000000086000000, 0x0000000086000000| Untracked 
|  96|0x0000000086000000, 0x0000000086100000, 0x0000000086100000|100%| O|  |TAMS 0x0000000086100000, 0x0000000086100000| Untracked 
|  97|0x0000000086100000, 0x0000000086200000, 0x0000000086200000|100%|HS|  |TAMS 0x0000000086200000, 0x0000000086200000| Complete 
|  98|0x0000000086200000, 0x0000000086300000, 0x0000000086300000|100%| O|  |TAMS 0x0000000086200000, 0x0000000086300000| Untracked 
|  99|0x0000000086300000, 0x0000000086400000, 0x0000000086400000|100%|HS|  |TAMS 0x0000000086400000, 0x0000000086400000| Complete 
| 100|0x0000000086400000, 0x0000000086500000, 0x0000000086500000|100%| O|  |TAMS 0x0000000086500000, 0x0000000086500000| Untracked 
| 101|0x0000000086500000, 0x0000000086600000, 0x0000000086600000|100%| O|  |TAMS 0x0000000086500000, 0x0000000086600000| Untracked 
| 102|0x0000000086600000, 0x0000000086700000, 0x0000000086700000|100%| O|  |TAMS 0x0000000086600000, 0x0000000086700000| Untracked 
| 103|0x0000000086700000, 0x0000000086800000, 0x0000000086800000|100%| O|  |TAMS 0x0000000086800000, 0x0000000086800000| Untracked 
| 104|0x0000000086800000, 0x0000000086900000, 0x0000000086900000|100%| O|  |TAMS 0x0000000086800000, 0x0000000086900000| Untracked 
| 105|0x0000000086900000, 0x0000000086a00000, 0x0000000086a00000|100%| O|  |TAMS 0x0000000086a00000, 0x0000000086a00000| Untracked 
| 106|0x0000000086a00000, 0x0000000086b00000, 0x0000000086b00000|100%| O|  |TAMS 0x0000000086a00000, 0x0000000086b00000| Untracked 
| 107|0x0000000086b00000, 0x0000000086c00000, 0x0000000086c00000|100%| O|  |TAMS 0x0000000086c00000, 0x0000000086c00000| Untracked 
| 108|0x0000000086c00000, 0x0000000086d00000, 0x0000000086d00000|100%| O|  |TAMS 0x0000000086c00000, 0x0000000086d00000| Untracked 
| 109|0x0000000086d00000, 0x0000000086e00000, 0x0000000086e00000|100%| O|  |TAMS 0x0000000086e00000, 0x0000000086e00000| Untracked 
| 110|0x0000000086e00000, 0x0000000086f00000, 0x0000000086f00000|100%| O|  |TAMS 0x0000000086f00000, 0x0000000086f00000| Untracked 
| 111|0x0000000086f00000, 0x0000000087000000, 0x0000000087000000|100%| O|  |TAMS 0x0000000086f00000, 0x0000000087000000| Untracked 
| 112|0x0000000087000000, 0x0000000087100000, 0x0000000087100000|100%| O|  |TAMS 0x0000000087000000, 0x0000000087100000| Untracked 
| 113|0x0000000087100000, 0x0000000087200000, 0x0000000087200000|100%| O|  |TAMS 0x0000000087200000, 0x0000000087200000| Untracked 
| 114|0x0000000087200000, 0x0000000087300000, 0x0000000087300000|100%| O|  |TAMS 0x0000000087300000, 0x0000000087300000| Untracked 
| 115|0x0000000087300000, 0x0000000087400000, 0x0000000087400000|100%| O|  |TAMS 0x0000000087400000, 0x0000000087400000| Untracked 
| 116|0x0000000087400000, 0x0000000087500000, 0x0000000087500000|100%| O|  |TAMS 0x0000000087400000, 0x0000000087500000| Untracked 
| 117|0x0000000087500000, 0x0000000087600000, 0x0000000087600000|100%| O|  |TAMS 0x0000000087500000, 0x0000000087600000| Untracked 
| 118|0x0000000087600000, 0x00000000876eaa00, 0x0000000087700000| 91%| O|  |TAMS 0x0000000087600000, 0x00000000876eaa00| Untracked 
| 119|0x0000000087700000, 0x0000000087800000, 0x0000000087800000|100%| O|  |TAMS 0x0000000087800000, 0x0000000087800000| Untracked 
| 120|0x0000000087800000, 0x0000000087900000, 0x0000000087900000|100%| O|  |TAMS 0x0000000087900000, 0x0000000087900000| Untracked 
| 121|0x0000000087900000, 0x0000000087a00000, 0x0000000087a00000|100%| O|  |TAMS 0x0000000087a00000, 0x0000000087a00000| Untracked 
| 122|0x0000000087a00000, 0x0000000087a00000, 0x0000000087b00000|  0%| F|  |TAMS 0x0000000087a00000, 0x0000000087a00000| Untracked 
| 123|0x0000000087b00000, 0x0000000087c00000, 0x0000000087c00000|100%| O|  |TAMS 0x0000000087c00000, 0x0000000087c00000| Untracked 
| 124|0x0000000087c00000, 0x0000000087d00000, 0x0000000087d00000|100%| O|  |TAMS 0x0000000087d00000, 0x0000000087d00000| Untracked 
| 125|0x0000000087d00000, 0x0000000087e00000, 0x0000000087e00000|100%| O|  |TAMS 0x0000000087e00000, 0x0000000087e00000| Untracked 
| 126|0x0000000087e00000, 0x0000000087f00000, 0x0000000087f00000|100%| O|  |TAMS 0x0000000087f00000, 0x0000000087f00000| Untracked 
| 127|0x0000000087f00000, 0x0000000088000000, 0x0000000088000000|100%| O|  |TAMS 0x0000000088000000, 0x0000000088000000| Untracked 
| 128|0x0000000088000000, 0x0000000088100000, 0x0000000088100000|100%| O|  |TAMS 0x0000000088100000, 0x0000000088100000| Untracked 
| 129|0x0000000088100000, 0x0000000088200000, 0x0000000088200000|100%| O|  |TAMS 0x0000000088200000, 0x0000000088200000| Untracked 
| 130|0x0000000088200000, 0x0000000088300000, 0x0000000088300000|100%| O|  |TAMS 0x0000000088300000, 0x0000000088300000| Untracked 
| 131|0x0000000088300000, 0x0000000088400000, 0x0000000088400000|100%| O|  |TAMS 0x0000000088400000, 0x0000000088400000| Untracked 
| 132|0x0000000088400000, 0x0000000088500000, 0x0000000088500000|100%| O|  |TAMS 0x0000000088500000, 0x0000000088500000| Untracked 
| 133|0x0000000088500000, 0x0000000088600000, 0x0000000088600000|100%| O|  |TAMS 0x0000000088600000, 0x0000000088600000| Untracked 
| 134|0x0000000088600000, 0x0000000088700000, 0x0000000088700000|100%| O|  |TAMS 0x0000000088700000, 0x0000000088700000| Untracked 
| 135|0x0000000088700000, 0x0000000088800000, 0x0000000088800000|100%| O|  |TAMS 0x0000000088800000, 0x0000000088800000| Untracked 
| 136|0x0000000088800000, 0x0000000088900000, 0x0000000088900000|100%| O|  |TAMS 0x0000000088900000, 0x0000000088900000| Untracked 
| 137|0x0000000088900000, 0x0000000088a00000, 0x0000000088a00000|100%| O|  |TAMS 0x0000000088a00000, 0x0000000088a00000| Untracked 
| 138|0x0000000088a00000, 0x0000000088b00000, 0x0000000088b00000|100%| O|  |TAMS 0x0000000088b00000, 0x0000000088b00000| Untracked 
| 139|0x0000000088b00000, 0x0000000088c00000, 0x0000000088c00000|100%| O|  |TAMS 0x0000000088c00000, 0x0000000088c00000| Untracked 
| 140|0x0000000088c00000, 0x0000000088d00000, 0x0000000088d00000|100%| O|  |TAMS 0x0000000088d00000, 0x0000000088d00000| Untracked 
| 141|0x0000000088d00000, 0x0000000088e00000, 0x0000000088e00000|100%| O|  |TAMS 0x0000000088e00000, 0x0000000088e00000| Untracked 
| 142|0x0000000088e00000, 0x0000000088f00000, 0x0000000088f00000|100%| O|  |TAMS 0x0000000088f00000, 0x0000000088f00000| Untracked 
| 143|0x0000000088f00000, 0x0000000089000000, 0x0000000089000000|100%| O|  |TAMS 0x0000000089000000, 0x0000000089000000| Untracked 
| 144|0x0000000089000000, 0x0000000089100000, 0x0000000089100000|100%| O|  |TAMS 0x0000000089100000, 0x0000000089100000| Untracked 
| 145|0x0000000089100000, 0x0000000089200000, 0x0000000089200000|100%| O|  |TAMS 0x0000000089200000, 0x0000000089200000| Untracked 
| 146|0x0000000089200000, 0x0000000089300000, 0x0000000089300000|100%| O|  |TAMS 0x0000000089300000, 0x0000000089300000| Untracked 
| 147|0x0000000089300000, 0x0000000089400000, 0x0000000089400000|100%| O|  |TAMS 0x0000000089400000, 0x0000000089400000| Untracked 
| 148|0x0000000089400000, 0x0000000089500000, 0x0000000089500000|100%| O|  |TAMS 0x0000000089500000, 0x0000000089500000| Untracked 
| 149|0x0000000089500000, 0x0000000089600000, 0x0000000089600000|100%| O|  |TAMS 0x0000000089600000, 0x0000000089600000| Untracked 
| 150|0x0000000089600000, 0x0000000089700000, 0x0000000089700000|100%| O|  |TAMS 0x0000000089700000, 0x0000000089700000| Untracked 
| 151|0x0000000089700000, 0x0000000089800000, 0x0000000089800000|100%| O|  |TAMS 0x0000000089800000, 0x0000000089800000| Untracked 
| 152|0x0000000089800000, 0x0000000089900000, 0x0000000089900000|100%| O|  |TAMS 0x0000000089900000, 0x0000000089900000| Untracked 
| 153|0x0000000089900000, 0x0000000089a00000, 0x0000000089a00000|100%| O|  |TAMS 0x0000000089a00000, 0x0000000089a00000| Untracked 
| 154|0x0000000089a00000, 0x0000000089b00000, 0x0000000089b00000|100%| O|  |TAMS 0x0000000089b00000, 0x0000000089b00000| Untracked 
| 155|0x0000000089b00000, 0x0000000089c00000, 0x0000000089c00000|100%| O|  |TAMS 0x0000000089c00000, 0x0000000089c00000| Untracked 
| 156|0x0000000089c00000, 0x0000000089d00000, 0x0000000089d00000|100%| O|  |TAMS 0x0000000089d00000, 0x0000000089d00000| Untracked 
| 157|0x0000000089d00000, 0x0000000089e00000, 0x0000000089e00000|100%| O|  |TAMS 0x0000000089e00000, 0x0000000089e00000| Untracked 
| 158|0x0000000089e00000, 0x0000000089f00000, 0x0000000089f00000|100%| O|  |TAMS 0x0000000089f00000, 0x0000000089f00000| Untracked 
| 159|0x0000000089f00000, 0x000000008a000000, 0x000000008a000000|100%| O|  |TAMS 0x000000008a000000, 0x000000008a000000| Untracked 
| 160|0x000000008a000000, 0x000000008a100000, 0x000000008a100000|100%| O|  |TAMS 0x000000008a100000, 0x000000008a100000| Untracked 
| 161|0x000000008a100000, 0x000000008a200000, 0x000000008a200000|100%| O|  |TAMS 0x000000008a200000, 0x000000008a200000| Untracked 
| 162|0x000000008a200000, 0x000000008a300000, 0x000000008a300000|100%| O|  |TAMS 0x000000008a300000, 0x000000008a300000| Untracked 
| 163|0x000000008a300000, 0x000000008a400000, 0x000000008a400000|100%| O|  |TAMS 0x000000008a400000, 0x000000008a400000| Untracked 
| 164|0x000000008a400000, 0x000000008a500000, 0x000000008a500000|100%| O|  |TAMS 0x000000008a500000, 0x000000008a500000| Untracked 
| 165|0x000000008a500000, 0x000000008a600000, 0x000000008a600000|100%| O|  |TAMS 0x000000008a600000, 0x000000008a600000| Untracked 
| 166|0x000000008a600000, 0x000000008a700000, 0x000000008a700000|100%| O|  |TAMS 0x000000008a700000, 0x000000008a700000| Untracked 
| 167|0x000000008a700000, 0x000000008a800000, 0x000000008a800000|100%| O|  |TAMS 0x000000008a800000, 0x000000008a800000| Untracked 
| 168|0x000000008a800000, 0x000000008a900000, 0x000000008a900000|100%| O|  |TAMS 0x000000008a900000, 0x000000008a900000| Untracked 
| 169|0x000000008a900000, 0x000000008aa00000, 0x000000008aa00000|100%| O|  |TAMS 0x000000008aa00000, 0x000000008aa00000| Untracked 
| 170|0x000000008aa00000, 0x000000008ab00000, 0x000000008ab00000|100%| O|  |TAMS 0x000000008ab00000, 0x000000008ab00000| Untracked 
| 171|0x000000008ab00000, 0x000000008ac00000, 0x000000008ac00000|100%| O|  |TAMS 0x000000008ac00000, 0x000000008ac00000| Untracked 
| 172|0x000000008ac00000, 0x000000008ad00000, 0x000000008ad00000|100%| O|  |TAMS 0x000000008ad00000, 0x000000008ad00000| Untracked 
| 173|0x000000008ad00000, 0x000000008ae00000, 0x000000008ae00000|100%| O|  |TAMS 0x000000008ae00000, 0x000000008ae00000| Untracked 
| 174|0x000000008ae00000, 0x000000008af00000, 0x000000008af00000|100%| O|  |TAMS 0x000000008af00000, 0x000000008af00000| Untracked 
| 175|0x000000008af00000, 0x000000008b000000, 0x000000008b000000|100%| O|  |TAMS 0x000000008b000000, 0x000000008b000000| Untracked 
| 176|0x000000008b000000, 0x000000008b100000, 0x000000008b100000|100%| O|  |TAMS 0x000000008b100000, 0x000000008b100000| Untracked 
| 177|0x000000008b100000, 0x000000008b200000, 0x000000008b200000|100%| O|  |TAMS 0x000000008b200000, 0x000000008b200000| Untracked 
| 178|0x000000008b200000, 0x000000008b300000, 0x000000008b300000|100%| O|  |TAMS 0x000000008b300000, 0x000000008b300000| Untracked 
| 179|0x000000008b300000, 0x000000008b400000, 0x000000008b400000|100%| O|  |TAMS 0x000000008b400000, 0x000000008b400000| Untracked 
| 180|0x000000008b400000, 0x000000008b500000, 0x000000008b500000|100%| O|  |TAMS 0x000000008b500000, 0x000000008b500000| Untracked 
| 181|0x000000008b500000, 0x000000008b600000, 0x000000008b600000|100%| O|  |TAMS 0x000000008b600000, 0x000000008b600000| Untracked 
| 182|0x000000008b600000, 0x000000008b700000, 0x000000008b700000|100%| O|  |TAMS 0x000000008b700000, 0x000000008b700000| Untracked 
| 183|0x000000008b700000, 0x000000008b800000, 0x000000008b800000|100%| O|  |TAMS 0x000000008b800000, 0x000000008b800000| Untracked 
| 184|0x000000008b800000, 0x000000008b900000, 0x000000008b900000|100%| O|  |TAMS 0x000000008b900000, 0x000000008b900000| Untracked 
| 185|0x000000008b900000, 0x000000008ba00000, 0x000000008ba00000|100%| O|  |TAMS 0x000000008ba00000, 0x000000008ba00000| Untracked 
| 186|0x000000008ba00000, 0x000000008bb00000, 0x000000008bb00000|100%| O|  |TAMS 0x000000008bb00000, 0x000000008bb00000| Untracked 
| 187|0x000000008bb00000, 0x000000008bb00000, 0x000000008bc00000|  0%| F|  |TAMS 0x000000008bb00000, 0x000000008bb00000| Untracked 
| 188|0x000000008bc00000, 0x000000008bc00000, 0x000000008bd00000|  0%| F|  |TAMS 0x000000008bc00000, 0x000000008bc00000| Untracked 
| 189|0x000000008bd00000, 0x000000008bd00000, 0x000000008be00000|  0%| F|  |TAMS 0x000000008bd00000, 0x000000008bd00000| Untracked 
| 190|0x000000008be00000, 0x000000008be00000, 0x000000008bf00000|  0%| F|  |TAMS 0x000000008be00000, 0x000000008be00000| Untracked 
| 191|0x000000008bf00000, 0x000000008bf00000, 0x000000008c000000|  0%| F|  |TAMS 0x000000008bf00000, 0x000000008bf00000| Untracked 
| 192|0x000000008c000000, 0x000000008c000000, 0x000000008c100000|  0%| F|  |TAMS 0x000000008c000000, 0x000000008c000000| Untracked 
| 193|0x000000008c100000, 0x000000008c100000, 0x000000008c200000|  0%| F|  |TAMS 0x000000008c100000, 0x000000008c100000| Untracked 
| 194|0x000000008c200000, 0x000000008c200000, 0x000000008c300000|  0%| F|  |TAMS 0x000000008c200000, 0x000000008c200000| Untracked 
| 195|0x000000008c300000, 0x000000008c300000, 0x000000008c400000|  0%| F|  |TAMS 0x000000008c300000, 0x000000008c300000| Untracked 
| 196|0x000000008c400000, 0x000000008c400000, 0x000000008c500000|  0%| F|  |TAMS 0x000000008c400000, 0x000000008c400000| Untracked 
| 197|0x000000008c500000, 0x000000008c500000, 0x000000008c600000|  0%| F|  |TAMS 0x000000008c500000, 0x000000008c500000| Untracked 
| 198|0x000000008c600000, 0x000000008c600000, 0x000000008c700000|  0%| F|  |TAMS 0x000000008c600000, 0x000000008c600000| Untracked 
| 199|0x000000008c700000, 0x000000008c700000, 0x000000008c800000|  0%| F|  |TAMS 0x000000008c700000, 0x000000008c700000| Untracked 
| 200|0x000000008c800000, 0x000000008c800000, 0x000000008c900000|  0%| F|  |TAMS 0x000000008c800000, 0x000000008c800000| Untracked 
| 201|0x000000008c900000, 0x000000008c900000, 0x000000008ca00000|  0%| F|  |TAMS 0x000000008c900000, 0x000000008c900000| Untracked 
| 202|0x000000008ca00000, 0x000000008ca00000, 0x000000008cb00000|  0%| F|  |TAMS 0x000000008ca00000, 0x000000008ca00000| Untracked 
| 203|0x000000008cb00000, 0x000000008cb00000, 0x000000008cc00000|  0%| F|  |TAMS 0x000000008cb00000, 0x000000008cb00000| Untracked 
| 204|0x000000008cc00000, 0x000000008cc00000, 0x000000008cd00000|  0%| F|  |TAMS 0x000000008cc00000, 0x000000008cc00000| Untracked 
| 205|0x000000008cd00000, 0x000000008cd00000, 0x000000008ce00000|  0%| F|  |TAMS 0x000000008cd00000, 0x000000008cd00000| Untracked 
| 206|0x000000008ce00000, 0x000000008ce00000, 0x000000008cf00000|  0%| F|  |TAMS 0x000000008ce00000, 0x000000008ce00000| Untracked 
| 207|0x000000008cf00000, 0x000000008cf00000, 0x000000008d000000|  0%| F|  |TAMS 0x000000008cf00000, 0x000000008cf00000| Untracked 
| 208|0x000000008d000000, 0x000000008d000000, 0x000000008d100000|  0%| F|  |TAMS 0x000000008d000000, 0x000000008d000000| Untracked 
| 209|0x000000008d100000, 0x000000008d100000, 0x000000008d200000|  0%| F|  |TAMS 0x000000008d100000, 0x000000008d100000| Untracked 
| 210|0x000000008d200000, 0x000000008d200000, 0x000000008d300000|  0%| F|  |TAMS 0x000000008d200000, 0x000000008d200000| Untracked 
| 211|0x000000008d300000, 0x000000008d300000, 0x000000008d400000|  0%| F|  |TAMS 0x000000008d300000, 0x000000008d300000| Untracked 
| 212|0x000000008d400000, 0x000000008d400000, 0x000000008d500000|  0%| F|  |TAMS 0x000000008d400000, 0x000000008d400000| Untracked 
| 213|0x000000008d500000, 0x000000008d500000, 0x000000008d600000|  0%| F|  |TAMS 0x000000008d500000, 0x000000008d500000| Untracked 
| 214|0x000000008d600000, 0x000000008d600000, 0x000000008d700000|  0%| F|  |TAMS 0x000000008d600000, 0x000000008d600000| Untracked 
| 215|0x000000008d700000, 0x000000008d700000, 0x000000008d800000|  0%| F|  |TAMS 0x000000008d700000, 0x000000008d700000| Untracked 
| 216|0x000000008d800000, 0x000000008d800000, 0x000000008d900000|  0%| F|  |TAMS 0x000000008d800000, 0x000000008d800000| Untracked 
| 217|0x000000008d900000, 0x000000008d900000, 0x000000008da00000|  0%| F|  |TAMS 0x000000008d900000, 0x000000008d900000| Untracked 
| 218|0x000000008da00000, 0x000000008da00000, 0x000000008db00000|  0%| F|  |TAMS 0x000000008da00000, 0x000000008da00000| Untracked 
| 219|0x000000008db00000, 0x000000008db00000, 0x000000008dc00000|  0%| F|  |TAMS 0x000000008db00000, 0x000000008db00000| Untracked 
| 220|0x000000008dc00000, 0x000000008dc00000, 0x000000008dd00000|  0%| F|  |TAMS 0x000000008dc00000, 0x000000008dc00000| Untracked 
| 221|0x000000008dd00000, 0x000000008dd00000, 0x000000008de00000|  0%| F|  |TAMS 0x000000008dd00000, 0x000000008dd00000| Untracked 
| 222|0x000000008de00000, 0x000000008de00000, 0x000000008df00000|  0%| F|  |TAMS 0x000000008de00000, 0x000000008de00000| Untracked 
| 223|0x000000008df00000, 0x000000008df00000, 0x000000008e000000|  0%| F|  |TAMS 0x000000008df00000, 0x000000008df00000| Untracked 
| 224|0x000000008e000000, 0x000000008e000000, 0x000000008e100000|  0%| F|  |TAMS 0x000000008e000000, 0x000000008e000000| Untracked 
| 225|0x000000008e100000, 0x000000008e100000, 0x000000008e200000|  0%| F|  |TAMS 0x000000008e100000, 0x000000008e100000| Untracked 
| 226|0x000000008e200000, 0x000000008e200000, 0x000000008e300000|  0%| F|  |TAMS 0x000000008e200000, 0x000000008e200000| Untracked 
| 227|0x000000008e300000, 0x000000008e300000, 0x000000008e400000|  0%| F|  |TAMS 0x000000008e300000, 0x000000008e300000| Untracked 
| 228|0x000000008e400000, 0x000000008e400000, 0x000000008e500000|  0%| F|  |TAMS 0x000000008e400000, 0x000000008e400000| Untracked 
| 229|0x000000008e500000, 0x000000008e500000, 0x000000008e600000|  0%| F|  |TAMS 0x000000008e500000, 0x000000008e500000| Untracked 
| 230|0x000000008e600000, 0x000000008e600000, 0x000000008e700000|  0%| F|  |TAMS 0x000000008e600000, 0x000000008e600000| Untracked 
| 231|0x000000008e700000, 0x000000008e700000, 0x000000008e800000|  0%| F|  |TAMS 0x000000008e700000, 0x000000008e700000| Untracked 
| 232|0x000000008e800000, 0x000000008e800000, 0x000000008e900000|  0%| F|  |TAMS 0x000000008e800000, 0x000000008e800000| Untracked 
| 233|0x000000008e900000, 0x000000008e900000, 0x000000008ea00000|  0%| F|  |TAMS 0x000000008e900000, 0x000000008e900000| Untracked 
| 234|0x000000008ea00000, 0x000000008ea00000, 0x000000008eb00000|  0%| F|  |TAMS 0x000000008ea00000, 0x000000008ea00000| Untracked 
| 235|0x000000008eb00000, 0x000000008eb00000, 0x000000008ec00000|  0%| F|  |TAMS 0x000000008eb00000, 0x000000008eb00000| Untracked 
| 236|0x000000008ec00000, 0x000000008ec00000, 0x000000008ed00000|  0%| F|  |TAMS 0x000000008ec00000, 0x000000008ec00000| Untracked 
| 237|0x000000008ed00000, 0x000000008ed00000, 0x000000008ee00000|  0%| F|  |TAMS 0x000000008ed00000, 0x000000008ed00000| Untracked 
| 238|0x000000008ee00000, 0x000000008ee00000, 0x000000008ef00000|  0%| F|  |TAMS 0x000000008ee00000, 0x000000008ee00000| Untracked 
| 239|0x000000008ef00000, 0x000000008ef00000, 0x000000008f000000|  0%| F|  |TAMS 0x000000008ef00000, 0x000000008ef00000| Untracked 
| 240|0x000000008f000000, 0x000000008f000000, 0x000000008f100000|  0%| F|  |TAMS 0x000000008f000000, 0x000000008f000000| Untracked 
| 241|0x000000008f100000, 0x000000008f100000, 0x000000008f200000|  0%| F|  |TAMS 0x000000008f100000, 0x000000008f100000| Untracked 
| 242|0x000000008f200000, 0x000000008f200000, 0x000000008f300000|  0%| F|  |TAMS 0x000000008f200000, 0x000000008f200000| Untracked 
| 243|0x000000008f300000, 0x000000008f300000, 0x000000008f400000|  0%| F|  |TAMS 0x000000008f300000, 0x000000008f300000| Untracked 
| 244|0x000000008f400000, 0x000000008f400000, 0x000000008f500000|  0%| F|  |TAMS 0x000000008f400000, 0x000000008f400000| Untracked 
| 245|0x000000008f500000, 0x000000008f500000, 0x000000008f600000|  0%| F|  |TAMS 0x000000008f500000, 0x000000008f500000| Untracked 
| 246|0x000000008f600000, 0x000000008f600000, 0x000000008f700000|  0%| F|  |TAMS 0x000000008f600000, 0x000000008f600000| Untracked 
| 247|0x000000008f700000, 0x000000008f700000, 0x000000008f800000|  0%| F|  |TAMS 0x000000008f700000, 0x000000008f700000| Untracked 
| 248|0x000000008f800000, 0x000000008f800000, 0x000000008f900000|  0%| F|  |TAMS 0x000000008f800000, 0x000000008f800000| Untracked 
| 249|0x000000008f900000, 0x000000008f900000, 0x000000008fa00000|  0%| F|  |TAMS 0x000000008f900000, 0x000000008f900000| Untracked 
| 250|0x000000008fa00000, 0x000000008fa00000, 0x000000008fb00000|  0%| F|  |TAMS 0x000000008fa00000, 0x000000008fa00000| Untracked 
| 251|0x000000008fb00000, 0x000000008fb00000, 0x000000008fc00000|  0%| F|  |TAMS 0x000000008fb00000, 0x000000008fb00000| Untracked 
| 252|0x000000008fc00000, 0x000000008fc00000, 0x000000008fd00000|  0%| F|  |TAMS 0x000000008fc00000, 0x000000008fc00000| Untracked 
| 253|0x000000008fd00000, 0x000000008fd00000, 0x000000008fe00000|  0%| F|  |TAMS 0x000000008fd00000, 0x000000008fd00000| Untracked 
| 254|0x000000008fe00000, 0x000000008fe00000, 0x000000008ff00000|  0%| F|  |TAMS 0x000000008fe00000, 0x000000008fe00000| Untracked 
| 255|0x000000008ff00000, 0x000000008ff00000, 0x0000000090000000|  0%| F|  |TAMS 0x000000008ff00000, 0x000000008ff00000| Untracked 
| 256|0x0000000090000000, 0x0000000090000000, 0x0000000090100000|  0%| F|  |TAMS 0x0000000090000000, 0x0000000090000000| Untracked 
| 257|0x0000000090100000, 0x0000000090100000, 0x0000000090200000|  0%| F|  |TAMS 0x0000000090100000, 0x0000000090100000| Untracked 
| 258|0x0000000090200000, 0x0000000090200000, 0x0000000090300000|  0%| F|  |TAMS 0x0000000090200000, 0x0000000090200000| Untracked 
| 259|0x0000000090300000, 0x0000000090300000, 0x0000000090400000|  0%| F|  |TAMS 0x0000000090300000, 0x0000000090300000| Untracked 
| 260|0x0000000090400000, 0x0000000090400000, 0x0000000090500000|  0%| F|  |TAMS 0x0000000090400000, 0x0000000090400000| Untracked 
| 261|0x0000000090500000, 0x0000000090500000, 0x0000000090600000|  0%| F|  |TAMS 0x0000000090500000, 0x0000000090500000| Untracked 
| 262|0x0000000090600000, 0x0000000090600000, 0x0000000090700000|  0%| F|  |TAMS 0x0000000090600000, 0x0000000090600000| Untracked 
| 263|0x0000000090700000, 0x0000000090700000, 0x0000000090800000|  0%| F|  |TAMS 0x0000000090700000, 0x0000000090700000| Untracked 
| 264|0x0000000090800000, 0x0000000090800000, 0x0000000090900000|  0%| F|  |TAMS 0x0000000090800000, 0x0000000090800000| Untracked 
| 265|0x0000000090900000, 0x0000000090900000, 0x0000000090a00000|  0%| F|  |TAMS 0x0000000090900000, 0x0000000090900000| Untracked 
| 266|0x0000000090a00000, 0x0000000090a00000, 0x0000000090b00000|  0%| F|  |TAMS 0x0000000090a00000, 0x0000000090a00000| Untracked 
| 267|0x0000000090b00000, 0x0000000090b00000, 0x0000000090c00000|  0%| F|  |TAMS 0x0000000090b00000, 0x0000000090b00000| Untracked 
| 268|0x0000000090c00000, 0x0000000090c00000, 0x0000000090d00000|  0%| F|  |TAMS 0x0000000090c00000, 0x0000000090c00000| Untracked 
| 269|0x0000000090d00000, 0x0000000090d00000, 0x0000000090e00000|  0%| F|  |TAMS 0x0000000090d00000, 0x0000000090d00000| Untracked 
| 270|0x0000000090e00000, 0x0000000090e00000, 0x0000000090f00000|  0%| F|  |TAMS 0x0000000090e00000, 0x0000000090e00000| Untracked 
| 271|0x0000000090f00000, 0x0000000090f00000, 0x0000000091000000|  0%| F|  |TAMS 0x0000000090f00000, 0x0000000090f00000| Untracked 
| 272|0x0000000091000000, 0x0000000091000000, 0x0000000091100000|  0%| F|  |TAMS 0x0000000091000000, 0x0000000091000000| Untracked 
| 273|0x0000000091100000, 0x0000000091100000, 0x0000000091200000|  0%| F|  |TAMS 0x0000000091100000, 0x0000000091100000| Untracked 
| 274|0x0000000091200000, 0x0000000091200000, 0x0000000091300000|  0%| F|  |TAMS 0x0000000091200000, 0x0000000091200000| Untracked 
| 275|0x0000000091300000, 0x0000000091300000, 0x0000000091400000|  0%| F|  |TAMS 0x0000000091300000, 0x0000000091300000| Untracked 
| 276|0x0000000091400000, 0x0000000091400000, 0x0000000091500000|  0%| F|  |TAMS 0x0000000091400000, 0x0000000091400000| Untracked 
| 277|0x0000000091500000, 0x0000000091500000, 0x0000000091600000|  0%| F|  |TAMS 0x0000000091500000, 0x0000000091500000| Untracked 
| 278|0x0000000091600000, 0x0000000091600000, 0x0000000091700000|  0%| F|  |TAMS 0x0000000091600000, 0x0000000091600000| Untracked 
| 279|0x0000000091700000, 0x0000000091700000, 0x0000000091800000|  0%| F|  |TAMS 0x0000000091700000, 0x0000000091700000| Untracked 
| 280|0x0000000091800000, 0x0000000091800000, 0x0000000091900000|  0%| F|  |TAMS 0x0000000091800000, 0x0000000091800000| Untracked 
| 281|0x0000000091900000, 0x0000000091900000, 0x0000000091a00000|  0%| F|  |TAMS 0x0000000091900000, 0x0000000091900000| Untracked 
| 282|0x0000000091a00000, 0x0000000091a00000, 0x0000000091b00000|  0%| F|  |TAMS 0x0000000091a00000, 0x0000000091a00000| Untracked 
| 283|0x0000000091b00000, 0x0000000091b00000, 0x0000000091c00000|  0%| F|  |TAMS 0x0000000091b00000, 0x0000000091b00000| Untracked 
| 284|0x0000000091c00000, 0x0000000091c00000, 0x0000000091d00000|  0%| F|  |TAMS 0x0000000091c00000, 0x0000000091c00000| Untracked 
| 285|0x0000000091d00000, 0x0000000091d00000, 0x0000000091e00000|  0%| F|  |TAMS 0x0000000091d00000, 0x0000000091d00000| Untracked 
| 286|0x0000000091e00000, 0x0000000091e00000, 0x0000000091f00000|  0%| F|  |TAMS 0x0000000091e00000, 0x0000000091e00000| Untracked 
| 287|0x0000000091f00000, 0x0000000091f00000, 0x0000000092000000|  0%| F|  |TAMS 0x0000000091f00000, 0x0000000091f00000| Untracked 
| 288|0x0000000092000000, 0x0000000092000000, 0x0000000092100000|  0%| F|  |TAMS 0x0000000092000000, 0x0000000092000000| Untracked 
| 289|0x0000000092100000, 0x0000000092100000, 0x0000000092200000|  0%| F|  |TAMS 0x0000000092100000, 0x0000000092100000| Untracked 
| 290|0x0000000092200000, 0x0000000092200000, 0x0000000092300000|  0%| F|  |TAMS 0x0000000092200000, 0x0000000092200000| Untracked 
| 291|0x0000000092300000, 0x0000000092300000, 0x0000000092400000|  0%| F|  |TAMS 0x0000000092300000, 0x0000000092300000| Untracked 
| 292|0x0000000092400000, 0x0000000092400000, 0x0000000092500000|  0%| F|  |TAMS 0x0000000092400000, 0x0000000092400000| Untracked 
| 293|0x0000000092500000, 0x0000000092500000, 0x0000000092600000|  0%| F|  |TAMS 0x0000000092500000, 0x0000000092500000| Untracked 
| 294|0x0000000092600000, 0x0000000092600000, 0x0000000092700000|  0%| F|  |TAMS 0x0000000092600000, 0x0000000092600000| Untracked 
| 295|0x0000000092700000, 0x0000000092700000, 0x0000000092800000|  0%| F|  |TAMS 0x0000000092700000, 0x0000000092700000| Untracked 
| 296|0x0000000092800000, 0x0000000092800000, 0x0000000092900000|  0%| F|  |TAMS 0x0000000092800000, 0x0000000092800000| Untracked 
| 297|0x0000000092900000, 0x0000000092900000, 0x0000000092a00000|  0%| F|  |TAMS 0x0000000092900000, 0x0000000092900000| Untracked 
| 298|0x0000000092a00000, 0x0000000092a00000, 0x0000000092b00000|  0%| F|  |TAMS 0x0000000092a00000, 0x0000000092a00000| Untracked 
| 299|0x0000000092b00000, 0x0000000092b00000, 0x0000000092c00000|  0%| F|  |TAMS 0x0000000092b00000, 0x0000000092b00000| Untracked 
| 300|0x0000000092c00000, 0x0000000092c00000, 0x0000000092d00000|  0%| F|  |TAMS 0x0000000092c00000, 0x0000000092c00000| Untracked 
| 301|0x0000000092d00000, 0x0000000092d00000, 0x0000000092e00000|  0%| F|  |TAMS 0x0000000092d00000, 0x0000000092d00000| Untracked 
| 302|0x0000000092e00000, 0x0000000092e722e0, 0x0000000092f00000| 44%| S|CS|TAMS 0x0000000092e00000, 0x0000000092e00000| Complete 
| 303|0x0000000092f00000, 0x0000000093000000, 0x0000000093000000|100%| S|CS|TAMS 0x0000000092f00000, 0x0000000092f00000| Complete 
| 304|0x0000000093000000, 0x0000000093000000, 0x0000000093100000|  0%| F|  |TAMS 0x0000000093000000, 0x0000000093000000| Untracked 

Card table byte_map: [0x0000020c5b060000,0x0000020c5b460000] _byte_map_base: 0x0000020c5ac60000

Marking Bits (Prev, Next): (CMBitMap*) 0x0000020c45f2e480, (CMBitMap*) 0x0000020c45f2e448
 Prev Bits: [0x0000020c5d860000, 0x0000020c5f860000)
 Next Bits: [0x0000020c5b860000, 0x0000020c5d860000)

Polling page: 0x0000020c45fd0000

Metaspace:

Usage:
  Non-class:     87.06 MB capacity,    85.49 MB ( 98%) used,     1.28 MB (  1%) free+waste,   297.38 KB ( <1%) overhead. 
      Class:     13.69 MB capacity,    12.79 MB ( 93%) used,   786.98 KB (  6%) free+waste,   132.56 KB ( <1%) overhead. 
       Both:    100.75 MB capacity,    98.28 MB ( 98%) used,     2.05 MB (  2%) free+waste,   429.94 KB ( <1%) overhead. 

Virtual space:
  Non-class space:       88.00 MB reserved,      87.25 MB (>99%) committed 
      Class space:        1.00 GB reserved,      13.82 MB (  1%) committed 
             Both:        1.09 GB reserved,     101.07 MB (  9%) committed 

Chunk freelists:
   Non-Class:  7.00 KB
       Class:  27.00 KB
        Both:  34.00 KB

MaxMetaspaceSize: 17179869184.00 GB
CompressedClassSpaceSize: 1.00 GB

CodeHeap 'non-profiled nmethods': size=120000Kb used=7728Kb max_used=7728Kb free=112271Kb
 bounds [0x0000020c52cc0000, 0x0000020c53450000, 0x0000020c5a1f0000]
CodeHeap 'profiled nmethods': size=120000Kb used=26898Kb max_used=26898Kb free=93101Kb
 bounds [0x0000020c4b790000, 0x0000020c4d1e0000, 0x0000020c52cc0000]
CodeHeap 'non-nmethods': size=5760Kb used=2310Kb max_used=2370Kb free=3449Kb
 bounds [0x0000020c4b1f0000, 0x0000020c4b460000, 0x0000020c4b790000]
 total_blobs=13450 nmethods=12532 adapters=829
 compilation: enabled
              stopped_count=0, restarted_count=0
 full_count=0

Compilation events (20 events):
Event: 27.362 Thread 0x0000020c6236c000 12729       2       com.android.tools.r8.code.A0::a (1 bytes)
Event: 27.363 Thread 0x0000020c6236c000 nmethod 12729 0x0000020c4d1d2010 code [0x0000020c4d1d21c0, 0x0000020c4d1d22b8]
Event: 27.415 Thread 0x0000020c6236c000 12738       2       javax.management.ObjectName::getInstance (9 bytes)
Event: 27.416 Thread 0x0000020c6236c000 nmethod 12738 0x0000020c4d1d2390 code [0x0000020c4d1d2540, 0x0000020c4d1d26a8]
Event: 27.416 Thread 0x0000020c6236c000 12739       2       java.util.Spliterators$EmptySpliterator::forEachRemaining (6 bytes)
Event: 27.416 Thread 0x0000020c6236c000 nmethod 12739 0x0000020c4d1d2790 code [0x0000020c4d1d2940, 0x0000020c4d1d2ae8]
Event: 27.416 Thread 0x0000020c6236c000 12740       2       java.util.Spliterators$EmptySpliterator$OfRef::forEachRemaining (6 bytes)
Event: 27.416 Thread 0x0000020c6236c000 nmethod 12740 0x0000020c4d1d2c10 code [0x0000020c4d1d2dc0, 0x0000020c4d1d2f68]
Event: 27.425 Thread 0x0000020c6236c000 12742       2       com.android.tools.r8.code.e2::a (1 bytes)
Event: 27.425 Thread 0x0000020c6236c000 nmethod 12742 0x0000020c4d1d3090 code [0x0000020c4d1d3240, 0x0000020c4d1d3338]
Event: 27.428 Thread 0x0000020c6236c000 12743       2       com.android.tools.r8.code.s2::a (1 bytes)
Event: 27.428 Thread 0x0000020c6236c000 nmethod 12743 0x0000020c4d1d3410 code [0x0000020c4d1d35c0, 0x0000020c4d1d36b8]
Event: 27.454 Thread 0x0000020c6236c000 12744       2       com.android.tools.r8.dex.z$g::a (19 bytes)
Event: 27.455 Thread 0x0000020c6236c000 nmethod 12744 0x0000020c4d1d3790 code [0x0000020c4d1d3960, 0x0000020c4d1d3b78]
Event: 27.455 Thread 0x0000020c6236c000 12745       2       com.android.tools.r8.dex.z$g$$Lambda$1480/0x000000010063c440::get$Lambda (9 bytes)
Event: 27.455 Thread 0x0000020c6236c000 nmethod 12745 0x0000020c4d1d3c90 code [0x0000020c4d1d3e40, 0x0000020c4d1d3fb8]
Event: 27.461 Thread 0x0000020c6236c000 12746       2       com.android.tools.r8.code.V::a (13 bytes)
Event: 27.462 Thread 0x0000020c6236c000 nmethod 12746 0x0000020c4d1d4090 code [0x0000020c4d1d4280, 0x0000020c4d1d4498]
Event: 27.463 Thread 0x0000020c6236c000 12747       2       com.android.tools.r8.code.V::H (8 bytes)
Event: 27.463 Thread 0x0000020c6236c000 nmethod 12747 0x0000020c4d1d4690 code [0x0000020c4d1d4840, 0x0000020c4d1d4978]

GC Heap History (20 events):
Event: 25.316 GC heap after
{Heap after GC invocations=26 (full 0):
 garbage-first heap   total 189440K, used 149205K [0x0000000080000000, 0x0000000100000000)
  region size 1024K, 3 young (3072K), 3 survivors (3072K)
 Metaspace       used 97822K, capacity 100151K, committed 100556K, reserved 1136640K
  class space    used 12712K, capacity 13573K, committed 13772K, reserved 1048576K
}
Event: 25.371 GC heap before
{Heap before GC invocations=26 (full 0):
 garbage-first heap   total 189440K, used 159445K [0x0000000080000000, 0x0000000100000000)
  region size 1024K, 13 young (13312K), 3 survivors (3072K)
 Metaspace       used 97837K, capacity 100152K, committed 100556K, reserved 1136640K
  class space    used 12712K, capacity 13573K, committed 13772K, reserved 1048576K
}
Event: 25.384 GC heap after
{Heap after GC invocations=27 (full 0):
 garbage-first heap   total 189440K, used 155130K [0x0000000080000000, 0x0000000100000000)
  region size 1024K, 2 young (2048K), 2 survivors (2048K)
 Metaspace       used 97837K, capacity 100152K, committed 100556K, reserved 1136640K
  class space    used 12712K, capacity 13573K, committed 13772K, reserved 1048576K
}
Event: 25.418 GC heap before
{Heap before GC invocations=27 (full 0):
 garbage-first heap   total 189440K, used 161274K [0x0000000080000000, 0x0000000100000000)
  region size 1024K, 9 young (9216K), 2 survivors (2048K)
 Metaspace       used 97845K, capacity 100153K, committed 100556K, reserved 1136640K
  class space    used 12712K, capacity 13573K, committed 13772K, reserved 1048576K
}
Event: 25.431 GC heap after
{Heap after GC invocations=28 (full 0):
 garbage-first heap   total 240640K, used 159074K [0x0000000080000000, 0x0000000100000000)
  region size 1024K, 2 young (2048K), 2 survivors (2048K)
 Metaspace       used 97845K, capacity 100153K, committed 100556K, reserved 1136640K
  class space    used 12712K, capacity 13573K, committed 13772K, reserved 1048576K
}
Event: 25.567 GC heap before
{Heap before GC invocations=28 (full 0):
 garbage-first heap   total 240640K, used 183650K [0x0000000080000000, 0x0000000100000000)
  region size 1024K, 27 young (27648K), 2 survivors (2048K)
 Metaspace       used 97866K, capacity 100220K, committed 100812K, reserved 1136640K
  class space    used 12712K, capacity 13573K, committed 13772K, reserved 1048576K
}
Event: 25.589 GC heap after
{Heap after GC invocations=29 (full 0):
 garbage-first heap   total 240640K, used 172476K [0x0000000080000000, 0x0000000100000000)
  region size 1024K, 4 young (4096K), 4 survivors (4096K)
 Metaspace       used 97866K, capacity 100220K, committed 100812K, reserved 1136640K
  class space    used 12712K, capacity 13573K, committed 13772K, reserved 1048576K
}
Event: 25.729 GC heap before
{Heap before GC invocations=29 (full 0):
 garbage-first heap   total 240640K, used 190908K [0x0000000080000000, 0x0000000100000000)
  region size 1024K, 23 young (23552K), 4 survivors (4096K)
 Metaspace       used 97891K, capacity 100220K, committed 100812K, reserved 1136640K
  class space    used 12712K, capacity 13573K, committed 13772K, reserved 1048576K
}
Event: 25.754 GC heap after
{Heap after GC invocations=30 (full 0):
 garbage-first heap   total 240640K, used 182500K [0x0000000080000000, 0x0000000100000000)
  region size 1024K, 3 young (3072K), 3 survivors (3072K)
 Metaspace       used 97891K, capacity 100220K, committed 100812K, reserved 1136640K
  class space    used 12712K, capacity 13573K, committed 13772K, reserved 1048576K
}
Event: 25.877 GC heap before
{Heap before GC invocations=31 (full 0):
 garbage-first heap   total 240640K, used 197860K [0x0000000080000000, 0x0000000100000000)
  region size 1024K, 18 young (18432K), 3 survivors (3072K)
 Metaspace       used 97891K, capacity 100220K, committed 100812K, reserved 1136640K
  class space    used 12712K, capacity 13573K, committed 13772K, reserved 1048576K
}
Event: 25.893 GC heap after
{Heap after GC invocations=32 (full 0):
 garbage-first heap   total 240640K, used 190712K [0x0000000080000000, 0x0000000100000000)
  region size 1024K, 3 young (3072K), 3 survivors (3072K)
 Metaspace       used 97891K, capacity 100220K, committed 100812K, reserved 1136640K
  class space    used 12712K, capacity 13573K, committed 13772K, reserved 1048576K
}
Event: 26.182 GC heap before
{Heap before GC invocations=32 (full 0):
 garbage-first heap   total 240640K, used 201976K [0x0000000080000000, 0x0000000100000000)
  region size 1024K, 14 young (14336K), 3 survivors (3072K)
 Metaspace       used 99637K, capacity 101998K, committed 102220K, reserved 1138688K
  class space    used 12981K, capacity 13867K, committed 13900K, reserved 1048576K
}
Event: 26.202 GC heap after
{Heap after GC invocations=33 (full 0):
 garbage-first heap   total 312320K, used 193536K [0x0000000080000000, 0x0000000100000000)
  region size 1024K, 2 young (2048K), 2 survivors (2048K)
 Metaspace       used 99637K, capacity 101998K, committed 102220K, reserved 1138688K
  class space    used 12981K, capacity 13867K, committed 13900K, reserved 1048576K
}
Event: 26.741 GC heap before
{Heap before GC invocations=33 (full 0):
 garbage-first heap   total 312320K, used 214016K [0x0000000080000000, 0x0000000100000000)
  region size 1024K, 34 young (34816K), 2 survivors (2048K)
 Metaspace       used 100107K, capacity 102539K, committed 102860K, reserved 1138688K
  class space    used 13041K, capacity 13949K, committed 14028K, reserved 1048576K
}
Event: 26.763 GC heap after
{Heap after GC invocations=34 (full 0):
 garbage-first heap   total 312320K, used 187321K [0x0000000080000000, 0x0000000100000000)
  region size 1024K, 5 young (5120K), 5 survivors (5120K)
 Metaspace       used 100107K, capacity 102539K, committed 102860K, reserved 1138688K
  class space    used 13041K, capacity 13949K, committed 14028K, reserved 1048576K
}
Event: 27.251 GC heap before
{Heap before GC invocations=35 (full 0):
 garbage-first heap   total 312320K, used 224185K [0x0000000080000000, 0x0000000100000000)
  region size 1024K, 41 young (41984K), 5 survivors (5120K)
 Metaspace       used 100628K, capacity 103165K, committed 103500K, reserved 1138688K
  class space    used 13101K, capacity 14021K, committed 14156K, reserved 1048576K
}
Event: 27.274 GC heap after
{Heap after GC invocations=36 (full 0):
 garbage-first heap   total 312320K, used 191624K [0x0000000080000000, 0x0000000100000000)
  region size 1024K, 5 young (5120K), 5 survivors (5120K)
 Metaspace       used 100628K, capacity 103165K, committed 103500K, reserved 1138688K
  class space    used 13101K, capacity 14021K, committed 14156K, reserved 1048576K
}
Event: 27.429 GC heap before
{Heap before GC invocations=36 (full 0):
 garbage-first heap   total 312320K, used 201864K [0x0000000080000000, 0x0000000100000000)
  region size 1024K, 15 young (15360K), 5 survivors (5120K)
 Metaspace       used 100638K, capacity 103165K, committed 103500K, reserved 1138688K
  class space    used 13101K, capacity 14021K, committed 14156K, reserved 1048576K
}
Event: 27.442 GC heap after
{Heap after GC invocations=37 (full 0):
 garbage-first heap   total 312320K, used 192227K [0x0000000080000000, 0x0000000100000000)
  region size 1024K, 2 young (2048K), 2 survivors (2048K)
 Metaspace       used 100638K, capacity 103165K, committed 103500K, reserved 1138688K
  class space    used 13101K, capacity 14021K, committed 14156K, reserved 1048576K
}
Event: 27.465 GC heap before
{Heap before GC invocations=37 (full 0):
 garbage-first heap   total 312320K, used 192227K [0x0000000080000000, 0x0000000100000000)
  region size 1024K, 3 young (3072K), 2 survivors (2048K)
 Metaspace       used 100640K, capacity 103166K, committed 103500K, reserved 1138688K
  class space    used 13101K, capacity 14021K, committed 14156K, reserved 1048576K
}

Deoptimization events (20 events):
Event: 26.517 Thread 0x0000020c6c6df000 Uncommon trap: trap_request=0xffffff4d fr.pc=0x0000020c5337a860 relative=0x0000000000000040
Event: 26.518 Thread 0x0000020c6c6df000 Uncommon trap: reason=unstable_if action=reinterpret pc=0x0000020c5337a860 method=com.android.tools.r8.internal.AA.a(Ljava/lang/Object;[Lcom/android/tools/r8/internal/yf;I)Ljava/lang/Object; @ 5 c2
Event: 26.518 Thread 0x0000020c6c6df000 DEOPT PACKING pc=0x0000020c5337a860 sp=0x000000bba1ffd800
Event: 26.518 Thread 0x0000020c6c6df000 DEOPT UNPACKING pc=0x0000020c4b2178af sp=0x000000bba1ffd7b0 mode 2
Event: 27.055 Thread 0x0000020c6c6df000 Uncommon trap: trap_request=0xffffff4d fr.pc=0x0000020c53432c10 relative=0x00000000000000f0
Event: 27.055 Thread 0x0000020c6c6df000 Uncommon trap: reason=unstable_if action=reinterpret pc=0x0000020c53432c10 method=java.util.IdentityHashMap$IdentityHashMapIterator.hasNext()Z @ 13 c2
Event: 27.055 Thread 0x0000020c6c6df000 DEOPT PACKING pc=0x0000020c53432c10 sp=0x000000bba1ffdc50
Event: 27.055 Thread 0x0000020c6c6df000 DEOPT UNPACKING pc=0x0000020c4b2178af sp=0x000000bba1ffdbc8 mode 2
Event: 27.101 Thread 0x0000020c6c6df000 DEOPT PACKING pc=0x0000020c4cf7fdc7 sp=0x000000bba1ffd560
Event: 27.101 Thread 0x0000020c6c6df000 DEOPT UNPACKING pc=0x0000020c4b2176ce sp=0x000000bba1ffc9d8 mode 0
Event: 27.117 Thread 0x0000020c6c6df000 DEOPT PACKING pc=0x0000020c4d155c03 sp=0x000000bba1ffd760
Event: 27.117 Thread 0x0000020c6c6df000 DEOPT UNPACKING pc=0x0000020c4b2176ce sp=0x000000bba1ffcc18 mode 0
Event: 27.119 Thread 0x0000020c6c6df000 DEOPT PACKING pc=0x0000020c4d155c03 sp=0x000000bba1ffd800
Event: 27.119 Thread 0x0000020c6c6df000 DEOPT UNPACKING pc=0x0000020c4b2176ce sp=0x000000bba1ffccb8 mode 0
Event: 27.129 Thread 0x0000020c6c6df000 DEOPT PACKING pc=0x0000020c4d155c03 sp=0x000000bba1ffd8a0
Event: 27.129 Thread 0x0000020c6c6df000 DEOPT UNPACKING pc=0x0000020c4b2176ce sp=0x000000bba1ffcd58 mode 0
Event: 27.141 Thread 0x0000020c6c6df000 Uncommon trap: trap_request=0xffffffe4 fr.pc=0x0000020c534480f4 relative=0x0000000000000234
Event: 27.141 Thread 0x0000020c6c6df000 Uncommon trap: reason=range_check action=make_not_entrant pc=0x0000020c534480f4 method=com.android.tools.r8.graph.c0.a(Lcom/android/tools/r8/graph/c0;)I @ 9 c2
Event: 27.141 Thread 0x0000020c6c6df000 DEOPT PACKING pc=0x0000020c534480f4 sp=0x000000bba1ffd6c0
Event: 27.141 Thread 0x0000020c6c6df000 DEOPT UNPACKING pc=0x0000020c4b2178af sp=0x000000bba1ffd638 mode 2

Classes redefined (0 events):
No events

Internal exceptions (20 events):
Event: 24.533 Thread 0x0000020c6c6e5800 Exception <a 'java/lang/NoSuchMethodError'{0x0000000089c8ca30}: 'int java.lang.invoke.DirectMethodHandle$Holder.invokeSpecialIFC(java.lang.Object, java.lang.Object, java.lang.Object)'> (0x0000000089c8ca30) thrown at [./src/hotspot/share/interpreter/linkResolver.cpp, line 773]
Event: 24.843 Thread 0x0000020c6c6ec800 Exception <a 'java/lang/IncompatibleClassChangeError'{0x000000008aaf4028}: Found class java.lang.Object, but interface was expected> (0x000000008aaf4028) thrown at [./src/hotspot/share/interpreter/linkResolver.cpp, line 839]
Event: 24.906 Thread 0x0000020c6c6ec000 Exception <a 'java/lang/NoSuchMethodError'{0x000000008a8be140}: 'java.lang.Object java.lang.invoke.DirectMethodHandle$Holder.newInvokeSpecial(java.lang.Object, int)'> (0x000000008a8be140) thrown at [./src/hotspot/share/interpreter/linkResolver.cpp, line 773]
Event: 25.022 Thread 0x0000020c6c6ed800 Exception <a 'java/lang/IncompatibleClassChangeError'{0x000000008a4109f0}: Found class java.lang.Object, but interface was expected> (0x000000008a4109f0) thrown at [./src/hotspot/share/interpreter/linkResolver.cpp, line 839]
Event: 25.023 Thread 0x0000020c6c6ec800 Exception <a 'java/lang/IncompatibleClassChangeError'{0x000000008a41f7f0}: Found class java.lang.Object, but interface was expected> (0x000000008a41f7f0) thrown at [./src/hotspot/share/interpreter/linkResolver.cpp, line 839]
Event: 25.023 Thread 0x0000020c6c6e9800 Exception <a 'java/lang/IncompatibleClassChangeError'{0x000000008a41cf38}: Found class java.lang.Object, but interface was expected> (0x000000008a41cf38) thrown at [./src/hotspot/share/interpreter/linkResolver.cpp, line 839]
Event: 25.024 Thread 0x0000020c6c6e9800 Exception <a 'java/lang/IncompatibleClassChangeError'{0x000000008a43cd78}: Found class java.lang.Object, but interface was expected> (0x000000008a43cd78) thrown at [./src/hotspot/share/interpreter/linkResolver.cpp, line 839]
Event: 25.024 Thread 0x0000020c6c6ed800 Exception <a 'java/lang/IncompatibleClassChangeError'{0x000000008a425a18}: Found class java.lang.Object, but interface was expected> (0x000000008a425a18) thrown at [./src/hotspot/share/interpreter/linkResolver.cpp, line 839]
Event: 25.948 Thread 0x0000020c6c6df000 Exception <a 'java/lang/NoSuchMethodError'{0x000000008e660ef8}: 'int java.lang.invoke.DirectMethodHandle$Holder.invokeVirtual(java.lang.Object, java.lang.Object, java.lang.Object, java.lang.Object)'> (0x000000008e660ef8) thrown at [./src/hotspot/share/interpreter/linkResolver.cpp, line 773]
Event: 26.011 Thread 0x0000020c6c6df000 Exception <a 'java/lang/NoSuchMethodError'{0x000000008e5f4cd0}: 'void java.lang.invoke.DirectMethodHandle$Holder.invokeStatic(java.lang.Object, java.lang.Object, java.lang.Object, int)'> (0x000000008e5f4cd0) thrown at [./src/hotspot/share/interpreter/linkResolver.cpp, line 773]
Event: 26.012 Thread 0x0000020c6c6df000 Exception <a 'java/lang/IncompatibleClassChangeError'{0x000000008e5fca60}: Found class java.lang.Object, but interface was expected> (0x000000008e5fca60) thrown at [./src/hotspot/share/interpreter/linkResolver.cpp, line 839]
Event: 26.017 Thread 0x0000020c6c6ea800 Exception <a 'java/lang/NoSuchMethodError'{0x000000008e46b658}: 'int java.lang.invoke.DirectMethodHandle$Holder.invokeVirtual(java.lang.Object, java.lang.Object, java.lang.Object)'> (0x000000008e46b658) thrown at [./src/hotspot/share/interpreter/linkResolver.cpp, line 773]
Event: 26.017 Thread 0x0000020c65962000 Exception <a 'java/lang/NoSuchMethodError'{0x000000008e41f258}: 'int java.lang.invoke.DirectMethodHandle$Holder.invokeVirtual(java.lang.Object, java.lang.Object, java.lang.Object)'> (0x000000008e41f258) thrown at [./src/hotspot/share/interpreter/linkResolver.cpp, line 773]
Event: 26.019 Thread 0x0000020c6c6e9800 Exception <a 'java/lang/NoSuchMethodError'{0x000000008e425038}: 'int java.lang.invoke.DirectMethodHandle$Holder.invokeVirtual(java.lang.Object, java.lang.Object, java.lang.Object)'> (0x000000008e425038) thrown at [./src/hotspot/share/interpreter/linkResolver.cpp, line 773]
Event: 26.017 Thread 0x0000020c6c6e8800 Exception <a 'java/lang/NoSuchMethodError'{0x000000008e42f650}: 'int java.lang.invoke.DirectMethodHandle$Holder.invokeVirtual(java.lang.Object, java.lang.Object, java.lang.Object)'> (0x000000008e42f650) thrown at [./src/hotspot/share/interpreter/linkResolver.cpp, line 773]
Event: 26.460 Thread 0x0000020c6c6df000 Exception <a 'java/lang/NoSuchMethodError'{0x0000000091e5b1f0}: 'java.lang.Object java.lang.invoke.Invokers$Holder.linkToTargetMethod(java.lang.Object, int, java.lang.Object, java.lang.Object, java.lang.Object, java.lang.Object)'> (0x0000000091e5b1f0) thrown at [./src/hotspot/share/interpreter/linkResolver.cpp, line 773]
Event: 26.461 Thread 0x0000020c6c6df000 Exception <a 'java/lang/NoSuchMethodError'{0x0000000091e5eea8}: 'void java.lang.invoke.DirectMethodHandle$Holder.invokeSpecial(java.lang.Object, java.lang.Object, java.lang.Object, java.lang.Object, java.lang.Object, java.lang.Object, java.lang.Object, java.lang.Object, java.lang.Object)'> (0x0000000091e5eea8) thrown at [./src/hotspot/share/interpreter/linkResolver.cpp, line 773]
Event: 26.462 Thread 0x0000020c6c6df000 Exception <a 'java/lang/NoSuchMethodError'{0x0000000091e686a0}: 'java.lang.Object java.lang.invoke.Invokers$Holder.linkToTargetMethod(java.lang.Object, java.lang.Object, java.lang.Object, java.lang.Object, java.lang.Object, java.lang.Object, java.lang.Object)'> (0x0000000091e686a0) thrown at [./src/hotspot/share/interpreter/linkResolver.cpp, line 773]
Event: 26.470 Thread 0x0000020c6c6df000 Exception <a 'java/lang/IncompatibleClassChangeError'{0x0000000091e8cf08}: Found class java.lang.Object, but interface was expected> (0x0000000091e8cf08) thrown at [./src/hotspot/share/interpreter/linkResolver.cpp, line 839]
Event: 26.521 Thread 0x0000020c6c6df000 Exception <a 'java/lang/NoSuchMethodError'{0x0000000091db6980}: 'void java.lang.invoke.DirectMethodHandle$Holder.invokeStatic(java.lang.Object, java.lang.Object, java.lang.Object, java.lang.Object, java.lang.Object, java.lang.Object, java.lang.Object, java.lang.Object)'> (0x0000000091db6980) thrown at [./src/hotspot/share/interpreter/linkResolver.cpp, line 773]

Events (20 events):
Event: 27.072 loading class com/android/tools/r8/graph/v0$f done
Event: 27.072 loading class com/android/tools/r8/graph/v0$f
Event: 27.072 loading class com/android/tools/r8/graph/v0$f done
Event: 27.073 loading class com/android/tools/r8/graph/v0$d
Event: 27.073 loading class com/android/tools/r8/graph/v0$d done
Event: 27.073 loading class com/android/tools/r8/graph/v0$f
Event: 27.073 loading class com/android/tools/r8/graph/v0$f done
Event: 27.073 loading class com/android/tools/r8/graph/v0$j
Event: 27.073 loading class com/android/tools/r8/graph/v0$j done
Event: 27.073 loading class com/android/tools/r8/graph/d0
Event: 27.073 loading class com/android/tools/r8/graph/d0 done
Event: 27.073 loading class com/android/tools/r8/graph/d0
Event: 27.073 loading class com/android/tools/r8/graph/d0 done
Event: 27.073 loading class com/android/tools/r8/graph/S0
Event: 27.073 loading class com/android/tools/r8/graph/S0 done
Event: 27.250 Executing VM operation: G1CollectForAllocation
Event: 27.274 Executing VM operation: G1CollectForAllocation done
Event: 27.429 Executing VM operation: G1CollectForAllocation
Event: 27.442 Executing VM operation: G1CollectForAllocation done
Event: 27.465 Executing VM operation: G1CollectForAllocation


Dynamic libraries:
0x00007ff7a7be0000 - 0x00007ff7a7bea000 	C:\Program Files\Android\Android Studio\jre\bin\java.exe
0x00007fffef6b0000 - 0x00007fffef8a5000 	C:\WINDOWS\SYSTEM32\ntdll.dll
0x00007fffeeaa0000 - 0x00007fffeeb5d000 	C:\WINDOWS\System32\KERNEL32.DLL
0x00007fffecdf0000 - 0x00007fffed0b9000 	C:\WINDOWS\System32\KERNELBASE.dll
0x00007fffed330000 - 0x00007fffed430000 	C:\WINDOWS\System32\ucrtbase.dll
0x00007fffe2090000 - 0x00007fffe20a7000 	C:\Program Files\Android\Android Studio\jre\bin\VCRUNTIME140.dll
0x00007fffe2330000 - 0x00007fffe2349000 	C:\Program Files\Android\Android Studio\jre\bin\jli.dll
0x00007fffee780000 - 0x00007fffee920000 	C:\WINDOWS\System32\USER32.dll
0x00007fffed6a0000 - 0x00007fffed6c2000 	C:\WINDOWS\System32\win32u.dll
0x00007fffd8c40000 - 0x00007fffd8eda000 	C:\WINDOWS\WinSxS\amd64_microsoft.windows.common-controls_6595b64144ccf1df_6.0.19041.1110_none_60b5254171f9507e\COMCTL32.dll
0x00007fffef590000 - 0x00007fffef5ba000 	C:\WINDOWS\System32\GDI32.dll
0x00007fffed590000 - 0x00007fffed69b000 	C:\WINDOWS\System32\gdi32full.dll
0x00007fffed720000 - 0x00007fffed7be000 	C:\WINDOWS\System32\msvcrt.dll
0x00007fffed290000 - 0x00007fffed32d000 	C:\WINDOWS\System32\msvcp_win.dll
0x00007fffeeb60000 - 0x00007fffeeb90000 	C:\WINDOWS\System32\IMM32.DLL
0x00007fffbdd40000 - 0x00007fffbdddd000 	C:\Program Files\Android\Android Studio\jre\bin\msvcp140.dll
0x00007fff67540000 - 0x00007fff6800f000 	C:\Program Files\Android\Android Studio\jre\bin\server\jvm.dll
0x00007fffeef30000 - 0x00007fffeefdc000 	C:\WINDOWS\System32\ADVAPI32.dll
0x00007fffeda40000 - 0x00007fffedadb000 	C:\WINDOWS\System32\sechost.dll
0x00007fffef460000 - 0x00007fffef58a000 	C:\WINDOWS\System32\RPCRT4.dll
0x00007fffef450000 - 0x00007fffef458000 	C:\WINDOWS\System32\PSAPI.DLL
0x00007fffe2880000 - 0x00007fffe288a000 	C:\WINDOWS\SYSTEM32\VERSION.dll
0x00007fffd89b0000 - 0x00007fffd89d7000 	C:\WINDOWS\SYSTEM32\WINMM.dll
0x00007fffd4a20000 - 0x00007fffd4a29000 	C:\WINDOWS\SYSTEM32\WSOCK32.dll
0x00007fffeea30000 - 0x00007fffeea9b000 	C:\WINDOWS\System32\WS2_32.dll
0x00007fffeb6c0000 - 0x00007fffeb6d2000 	C:\WINDOWS\SYSTEM32\kernel.appcore.dll
0x00007fffbd740000 - 0x00007fffbd751000 	C:\Program Files\Android\Android Studio\jre\bin\verify.dll
0x00007fffeb380000 - 0x00007fffeb564000 	C:\WINDOWS\SYSTEM32\DBGHELP.DLL
0x00007fffe1740000 - 0x00007fffe176c000 	C:\WINDOWS\SYSTEM32\dbgcore.DLL
0x00007fffed170000 - 0x00007fffed1f3000 	C:\WINDOWS\System32\bcryptPrimitives.dll
0x00007fff97360000 - 0x00007fff97389000 	C:\Program Files\Android\Android Studio\jre\bin\java.dll
0x00007fffc5220000 - 0x00007fffc522b000 	C:\Program Files\Android\Android Studio\jre\bin\jimage.dll
0x00007fffbc870000 - 0x00007fffbc888000 	C:\Program Files\Android\Android Studio\jre\bin\zip.dll
0x00007fffedae0000 - 0x00007fffee21f000 	C:\WINDOWS\System32\SHELL32.dll
0x00007fffe79d0000 - 0x00007fffe8161000 	C:\WINDOWS\SYSTEM32\windows.storage.dll
0x00007fffee220000 - 0x00007fffee575000 	C:\WINDOWS\System32\combase.dll
0x00007fffec860000 - 0x00007fffec88c000 	C:\WINDOWS\SYSTEM32\Wldp.dll
0x00007fffee6d0000 - 0x00007fffee77e000 	C:\WINDOWS\System32\SHCORE.dll
0x00007fffee660000 - 0x00007fffee6b5000 	C:\WINDOWS\System32\shlwapi.dll
0x00007fffecd30000 - 0x00007fffecd4f000 	C:\WINDOWS\SYSTEM32\profapi.dll
0x00007fffae260000 - 0x00007fffae27a000 	C:\Program Files\Android\Android Studio\jre\bin\net.dll
0x00007fffdcd80000 - 0x00007fffdce8a000 	C:\WINDOWS\SYSTEM32\WINHTTP.dll
0x00007fffec5a0000 - 0x00007fffec60a000 	C:\WINDOWS\system32\mswsock.dll
0x00007fffadf00000 - 0x00007fffadf14000 	C:\Program Files\Android\Android Studio\jre\bin\nio.dll
0x00007fffbecc0000 - 0x00007fffbece7000 	C:\Users\Choco\.gradle\native\8bec1ad78214c89d9ad589b4d07fe93259594b29d510b10fafb7a158f7737e5d\windows-amd64\native-platform.dll
0x00007fff77410000 - 0x00007fff7754d000 	C:\Users\Choco\.gradle\native\53dbd7edfb1c66fb8903c78663c9afc45aea4f116125fa6feffd364cf09443e8\windows-amd64\native-platform-file-events.dll
0x00007fffc51f0000 - 0x00007fffc51fa000 	C:\Program Files\Android\Android Studio\jre\bin\management.dll
0x00007fffc4980000 - 0x00007fffc498c000 	C:\Program Files\Android\Android Studio\jre\bin\management_ext.dll
0x00007fffec7b0000 - 0x00007fffec7c8000 	C:\WINDOWS\SYSTEM32\CRYPTSP.dll
0x00007fffebeb0000 - 0x00007fffebee4000 	C:\WINDOWS\system32\rsaenh.dll
0x00007fffed260000 - 0x00007fffed287000 	C:\WINDOWS\System32\bcrypt.dll
0x00007fffeccf0000 - 0x00007fffecd1e000 	C:\WINDOWS\SYSTEM32\USERENV.dll
0x00007fffec7a0000 - 0x00007fffec7ac000 	C:\WINDOWS\SYSTEM32\CRYPTBASE.dll
0x00007fffec230000 - 0x00007fffec26b000 	C:\WINDOWS\SYSTEM32\IPHLPAPI.DLL
0x00007fffee6c0000 - 0x00007fffee6c8000 	C:\WINDOWS\System32\NSI.dll
0x00007fffe30d0000 - 0x00007fffe30e7000 	C:\WINDOWS\SYSTEM32\dhcpcsvc6.DLL
0x00007fffe30b0000 - 0x00007fffe30cd000 	C:\WINDOWS\SYSTEM32\dhcpcsvc.DLL
0x00007fffec280000 - 0x00007fffec34c000 	C:\WINDOWS\SYSTEM32\DNSAPI.dll

dbghelp: loaded successfully - version: 4.0.5 - missing functions: none
symbol engine: initialized successfully - sym options: 0x614 - pdb path: .;C:\Program Files\Android\Android Studio\jre\bin;C:\WINDOWS\SYSTEM32;C:\WINDOWS\WinSxS\amd64_microsoft.windows.common-controls_6595b64144ccf1df_6.0.19041.1110_none_60b5254171f9507e;C:\Program Files\Android\Android Studio\jre\bin\server;C:\Users\Choco\.gradle\native\8bec1ad78214c89d9ad589b4d07fe93259594b29d510b10fafb7a158f7737e5d\windows-amd64;C:\Users\Choco\.gradle\native\53dbd7edfb1c66fb8903c78663c9afc45aea4f116125fa6feffd364cf09443e8\windows-amd64

VM Arguments:
jvm_args: --add-opens=java.base/java.util=ALL-UNNAMED --add-opens=java.base/java.lang=ALL-UNNAMED --add-opens=java.base/java.lang.invoke=ALL-UNNAMED --add-opens=java.base/java.util=ALL-UNNAMED --add-opens=java.prefs/java.util.prefs=ALL-UNNAMED --add-opens=java.prefs/java.util.prefs=ALL-UNNAMED --add-opens=java.base/java.nio.charset=ALL-UNNAMED --add-opens=java.base/java.net=ALL-UNNAMED --add-opens=java.base/java.util.concurrent.atomic=ALL-UNNAMED -Xmx2048m -Dfile.encoding=UTF-8 -Duser.country=IN -Duser.language=en -Duser.variant 
java_command: org.gradle.launcher.daemon.bootstrap.GradleDaemon 7.0.2
java_class_path (initial): C:\Users\Choco\.gradle\wrapper\dists\gradle-7.0.2-bin\857tjihv64xamwrf0h14cai3r\gradle-7.0.2\lib\gradle-launcher-7.0.2.jar
Launcher Type: SUN_STANDARD

[Global flags]
     intx CICompilerCount                          = 4                                         {product} {ergonomic}
     uint ConcGCThreads                            = 2                                         {product} {ergonomic}
     uint G1ConcRefinementThreads                  = 8                                         {product} {ergonomic}
   size_t G1HeapRegionSize                         = 1048576                                   {product} {ergonomic}
    uintx GCDrainStackTargetSize                   = 64                                        {product} {ergonomic}
   size_t InitialHeapSize                          = 134217728                                 {product} {ergonomic}
   size_t MarkStackSize                            = 4194304                                   {product} {ergonomic}
   size_t MaxHeapSize                              = 2147483648                                {product} {command line}
   size_t MaxNewSize                               = 1287651328                                {product} {ergonomic}
   size_t MinHeapDeltaBytes                        = 1048576                                   {product} {ergonomic}
    uintx NonNMethodCodeHeapSize                   = 5836300                                {pd product} {ergonomic}
    uintx NonProfiledCodeHeapSize                  = 122910970                              {pd product} {ergonomic}
    uintx ProfiledCodeHeapSize                     = 122910970                              {pd product} {ergonomic}
    uintx ReservedCodeCacheSize                    = 251658240                              {pd product} {ergonomic}
     bool SegmentedCodeCache                       = true                                      {product} {ergonomic}
     bool UseCompressedClassPointers               = true                                 {lp64_product} {ergonomic}
     bool UseCompressedOops                        = true                                 {lp64_product} {ergonomic}
     bool UseG1GC                                  = true                                      {product} {ergonomic}
     bool UseLargePagesIndividualAllocation        = false                                  {pd product} {ergonomic}

Logging:
Log output configuration:
 #0: stdout all=warning uptime,level,tags
 #1: stderr all=off uptime,level,tags

Environment Variables:
JAVA_HOME=C:\Program Files\Java\jdk1.8.0_221
PATH=D:\app\Choco\product\11.2.0\dbhome_1\bin;C:\Program Files (x86)\Intel\Intel(R) Management Engine Components\iCLS\;C:\Program Files\Intel\Intel(R) Management Engine Components\iCLS\;C:\Windows\system32;C:\Windows;C:\Windows\System32\Wbem;C:\Windows\System32\WindowsPowerShell\v1.0\;C:\Windows\System32\OpenSSH\;C:\Program Files (x86)\Intel\Intel(R) Management Engine Components\DAL;C:\Program Files\Intel\Intel(R) Management Engine Components\DAL;C:\Program Files (x86)\Intel\Intel(R) Management Engine Components\IPT;C:\Program Files\Intel\Intel(R) Management Engine Components\IPT;C:\Program Files (x86)\NVIDIA Corporation\PhysX\Common;C:\Program Files\Git\cmd;C:\WINDOWS\system32;C:\WINDOWS;C:\WINDOWS\System32\Wbem;C:\WINDOWS\System32\WindowsPowerShell\v1.0\;C:\WINDOWS\System32\OpenSSH\;C:\Program Files (x86)\Yarn\bin\;C:\Program Files\nodejs\;C:\Program Files (x86)\Brackets\command;C:\Program Files\Docker\Docker\resources\bin;C:\ProgramData\DockerDesktop\version-bin;C:\Users\Choco\AppData\Local\Programs\Python\Python38-32\Scripts\;C:\Users\Choco\AppData\Local\Programs\Python\Python38-32\;C:\Users\Choco\AppData\Local\Microsoft\WindowsApps;;C:\Users\Choco\AppData\Local\Programs\Microsoft VS Code\bin;C:\Users\Choco\AppData\Local\Yarn\bin;C:\Users\Choco\AppData\Roaming\npm;C:\Program Files\heroku\bin
USERNAME=Choco
OS=Windows_NT
PROCESSOR_IDENTIFIER=Intel64 Family 6 Model 142 Stepping 10, GenuineIntel



---------------  S Y S T E M  ---------------

OS: Windows 10 , 64 bit Build 19041 (10.0.19041.1023)
OS uptime: 4 days 21:31 hours
Hyper-V role detected

CPU:total 8 (initial active 8) (4 cores per cpu, 2 threads per core) family 6 model 142 stepping 10 microcode 0xb4, cmov, cx8, fxsr, mmx, sse, sse2, sse3, ssse3, sse4.1, sse4.2, popcnt, avx, avx2, aes, clmul, erms, 3dnowpref, lzcnt, ht, tsc, tscinvbit, bmi1, bmi2, adx, fma

Memory: 4k page, system-wide physical 8089M (491M free)
TotalPageFile size 21352M (AvailPageFile size 188M)
current process WorkingSet (physical memory assigned to process): 577M, peak: 580M
current process commit charge ("private bytes"): 662M, peak: 883M

vm_info: OpenJDK 64-Bit Server VM (11.0.10+0-b96-7249189) for windows-amd64 JRE (11.0.10+0-b96-7249189), built on Mar 31 2021 21:44:00 by "builder" with MS VC++ 14.0 (VS2015)

END.
