#
# There is insufficient memory for the Java Runtime Environment to continue.
# Native memory allocation (mmap) failed to map 559939584 bytes for Failed to commit area from 0x0000000090b00000 to 0x00000000b2100000 of length 559939584.
# Possible reasons:
#   The system is out of physical RAM or swap space
#   The process is running with CompressedOops enabled, and the Java Heap may be blocking the growth of the native heap
# Possible solutions:
#   Reduce memory load on the system
#   Increase physical memory or swap space
#   Check if swap backing store is full
#   Decrease Java heap size (-Xmx/-Xms)
#   Decrease number of Java threads
#   Decrease Java thread stack sizes (-Xss)
#   Set larger code cache with -XX:ReservedCodeCacheSize=
#   JVM is running with Unscaled Compressed Oops mode in which the Java heap is
#     placed in the first 4GB address space. The Java Heap base address is the
#     maximum limit for the native heap growth. Please use -XX:HeapBaseMinAddress
#     to set the Java Heap base and to place the Java Heap above 4GB virtual address.
# This output file may be truncated or incomplete.
#
#  Out of Memory Error (./src/hotspot/os/windows/os_windows.cpp:3301), pid=13468, tid=15280
#
# JRE version: OpenJDK Runtime Environment (11.0.10) (build 11.0.10+0-b96-7249189)
# Java VM: OpenJDK 64-Bit Server VM (11.0.10+0-b96-7249189, mixed mode, tiered, compressed oops, g1 gc, windows-amd64)
# No core dump will be written. Minidumps are not enabled by default on client versions of Windows
#

---------------  S U M M A R Y ------------

Command Line: --add-opens=java.base/java.util=ALL-UNNAMED --add-opens=java.base/java.lang=ALL-UNNAMED --add-opens=java.base/java.lang.invoke=ALL-UNNAMED --add-opens=java.base/java.util=ALL-UNNAMED --add-opens=java.prefs/java.util.prefs=ALL-UNNAMED --add-opens=java.prefs/java.util.prefs=ALL-UNNAMED --add-opens=java.base/java.nio.charset=ALL-UNNAMED --add-opens=java.base/java.net=ALL-UNNAMED --add-opens=java.base/java.util.concurrent.atomic=ALL-UNNAMED -Xmx2048m -Dfile.encoding=UTF-8 -Duser.country=IN -Duser.language=en -Duser.variant org.gradle.launcher.daemon.bootstrap.GradleDaemon 7.0.2

Host: Intel(R) Core(TM) i5-8250U CPU @ 1.60GHz, 8 cores, 7G,  Windows 10 , 64 bit Build 19041 (10.0.19041.1023)
Time: Fri Aug  6 16:27:50 2021 India Standard Time elapsed time: 41.197396 seconds (0d 0h 0m 41s)

---------------  T H R E A D  ---------------

Current thread (0x000001883fa17800):  VMThread "VM Thread" [stack: 0x0000004dd3c00000,0x0000004dd3d00000] [id=15280]

Stack: [0x0000004dd3c00000,0x0000004dd3d00000]
[error occurred during error reporting (printing stack bounds), id 0xc0000005, EXCEPTION_ACCESS_VIOLATION (0xc0000005) at pc=0x0000018829080f2d]

Native frames: (J=compiled Java code, j=interpreted, Vv=VM code, C=native code)
V  [jvm.dll+0x5ecfaa]
V  [jvm.dll+0x722bd5]
V  [jvm.dll+0x72412d]
V  [jvm.dll+0x724745]
V  [jvm.dll+0x7246fb]
V  [jvm.dll+0x5ec348]
V  [jvm.dll+0x5ecad8]
C  [ntdll.dll+0xa217f]
C  [ntdll.dll+0x51454]
C  [ntdll.dll+0xa0cae]
C  0x0000018829080f2d

VM_Operation (0x0000004dd70fa1a0): G1CollectForAllocation, mode: safepoint, requested by thread 0x000001884608e800


---------------  P R O C E S S  ---------------

Threads class SMR info:
_java_thread_list=0x0000018847cd58f0, length=70, elements={
0x000001882559c800, 0x000001883fa2d000, 0x000001883fa30800, 0x000001883fa2a000,
0x0000018840283800, 0x0000018840287000, 0x0000018840292000, 0x0000018840298800,
0x00000188402a2000, 0x000001884041b800, 0x0000018841ad9000, 0x00000188423d0800,
0x0000018842a06800, 0x0000018841304000, 0x0000018842f13800, 0x00000188437bc000,
0x00000188416b8800, 0x000001884231f800, 0x000001884303b000, 0x0000018842511000,
0x0000018842513000, 0x0000018842511800, 0x000001884250e800, 0x0000018842512800,
0x0000018842514000, 0x0000018842515000, 0x000001884250f000, 0x0000018842510000,
0x000001884607f800, 0x0000018846080800, 0x0000018846087000, 0x0000018846085800,
0x0000018846081800, 0x0000018846082000, 0x0000018846084000, 0x000001884608b000,
0x0000018846089800, 0x000001884608d000, 0x000001884608a800, 0x000001884608c000,
0x0000018846088800, 0x000001884608d800, 0x000001884608e800, 0x0000018846256000,
0x000001884625a000, 0x000001884625b000, 0x000001884625c000, 0x000001884625c800,
0x0000018846257000, 0x0000018846258000, 0x0000018846259800, 0x0000018842f2e800,
0x0000018842f2c000, 0x0000018842f2f800, 0x0000018842f2a800, 0x0000018842f2d000,
0x0000018842f2e000, 0x0000018842f2a000, 0x0000018842f30800, 0x0000018842f31000,
0x0000018842f2b800, 0x0000018842f34800, 0x0000018842f32000, 0x0000018842f37000,
0x0000018842f37800, 0x0000018842f38800, 0x0000018842f35000, 0x0000018842f36000,
0x0000018842f33000, 0x00000188461b7800
}

Java Threads: ( => current thread )
  0x000001882559c800 JavaThread "main" [_thread_blocked, id=12280, stack(0x0000004dd3600000,0x0000004dd3700000)]
  0x000001883fa2d000 JavaThread "Reference Handler" daemon [_thread_blocked, id=16952, stack(0x0000004dd3d00000,0x0000004dd3e00000)]
  0x000001883fa30800 JavaThread "Finalizer" daemon [_thread_blocked, id=1568, stack(0x0000004dd3e00000,0x0000004dd3f00000)]
  0x000001883fa2a000 JavaThread "Signal Dispatcher" daemon [_thread_blocked, id=7832, stack(0x0000004dd3f00000,0x0000004dd4000000)]
  0x0000018840283800 JavaThread "Attach Listener" daemon [_thread_blocked, id=11996, stack(0x0000004dd4000000,0x0000004dd4100000)]
  0x0000018840287000 JavaThread "Service Thread" daemon [_thread_blocked, id=22572, stack(0x0000004dd4100000,0x0000004dd4200000)]
  0x0000018840292000 JavaThread "C2 CompilerThread0" daemon [_thread_blocked, id=21380, stack(0x0000004dd4200000,0x0000004dd4300000)]
  0x0000018840298800 JavaThread "C1 CompilerThread0" daemon [_thread_blocked, id=20112, stack(0x0000004dd4300000,0x0000004dd4400000)]
  0x00000188402a2000 JavaThread "Sweeper thread" daemon [_thread_blocked, id=22272, stack(0x0000004dd4400000,0x0000004dd4500000)]
  0x000001884041b800 JavaThread "Common-Cleaner" daemon [_thread_blocked, id=18440, stack(0x0000004dd4500000,0x0000004dd4600000)]
  0x0000018841ad9000 JavaThread "Daemon health stats" [_thread_blocked, id=2708, stack(0x0000004dd4a00000,0x0000004dd4b00000)]
  0x00000188423d0800 JavaThread "Incoming local TCP Connector on port 50956" [_thread_in_native, id=15608, stack(0x0000004dd4700000,0x0000004dd4800000)]
  0x0000018842a06800 JavaThread "Daemon periodic checks" [_thread_blocked, id=18564, stack(0x0000004dd4b00000,0x0000004dd4c00000)]
  0x0000018841304000 JavaThread "Daemon" [_thread_blocked, id=14396, stack(0x0000004dd4c00000,0x0000004dd4d00000)]
  0x0000018842f13800 JavaThread "Handler for socket connection from /127.0.0.1:50956 to /127.0.0.1:50957" [_thread_in_native, id=14532, stack(0x0000004dd4d00000,0x0000004dd4e00000)]
  0x00000188437bc000 JavaThread "Cancel handler" [_thread_blocked, id=21116, stack(0x0000004dd4e00000,0x0000004dd4f00000)]
  0x00000188416b8800 JavaThread "Daemon worker" [_thread_blocked, id=17704, stack(0x0000004dd4f00000,0x0000004dd5000000)]
  0x000001884231f800 JavaThread "Asynchronous log dispatcher for DefaultDaemonConnection: socket connection from /127.0.0.1:50956 to /127.0.0.1:50957" [_thread_blocked, id=16228, stack(0x0000004dd5000000,0x0000004dd5100000)]
  0x000001884303b000 JavaThread "Stdin handler" [_thread_blocked, id=9476, stack(0x0000004dd5100000,0x0000004dd5200000)]
  0x0000018842511000 JavaThread "Daemon client event forwarder" [_thread_blocked, id=22348, stack(0x0000004dd5200000,0x0000004dd5300000)]
  0x0000018842513000 JavaThread "Cache worker for file hash cache (C:\Users\Choco\.gradle\caches\7.0.2\fileHashes)" [_thread_blocked, id=13892, stack(0x0000004dd5800000,0x0000004dd5900000)]
  0x0000018842511800 JavaThread "File lock request listener" [_thread_in_native, id=23280, stack(0x0000004dd5900000,0x0000004dd5a00000)]
  0x000001884250e800 JavaThread "Cache worker for journal cache (C:\Users\Choco\.gradle\caches\journal-1)" [_thread_blocked, id=16904, stack(0x0000004dd5b00000,0x0000004dd5c00000)]
  0x0000018842512800 JavaThread "Cache worker for file hash cache (D:\Documents\Documents\AndroidProject\OptimizeProjects\SOCUS\.gradle\7.0.2\fileHashes)" [_thread_blocked, id=20828, stack(0x0000004dd5d00000,0x0000004dd5e00000)]
  0x0000018842514000 JavaThread "File watcher server" daemon [_thread_blocked, id=16664, stack(0x0000004dd5c00000,0x0000004dd5d00000)]
  0x0000018842515000 JavaThread "File watcher consumer" daemon [_thread_blocked, id=24124, stack(0x0000004dd5e00000,0x0000004dd5f00000)]
  0x000001884250f000 JavaThread "Cache worker for checksums cache (D:\Documents\Documents\AndroidProject\OptimizeProjects\SOCUS\.gradle\checksums)" [_thread_blocked, id=6868, stack(0x0000004dd5f00000,0x0000004dd6000000)]
  0x0000018842510000 JavaThread "Cache worker for cache directory md-supplier (C:\Users\Choco\.gradle\caches\7.0.2\md-supplier)" [_thread_blocked, id=1636, stack(0x0000004dd6000000,0x0000004dd6100000)]
  0x000001884607f800 JavaThread "Cache worker for cache directory md-rule (C:\Users\Choco\.gradle\caches\7.0.2\md-rule)" [_thread_blocked, id=11660, stack(0x0000004dd6200000,0x0000004dd6300000)]
  0x0000018846080800 JavaThread "Cache worker for execution history cache (C:\Users\Choco\.gradle\caches\7.0.2\executionHistory)" [_thread_blocked, id=22620, stack(0x0000004dd6300000,0x0000004dd6400000)]
  0x0000018846087000 JavaThread "jar transforms" [_thread_blocked, id=24304, stack(0x0000004dd6400000,0x0000004dd6500000)]
  0x0000018846085800 JavaThread "jar transforms Thread 2" [_thread_blocked, id=19256, stack(0x0000004dd6500000,0x0000004dd6600000)]
  0x0000018846081800 JavaThread "Cache worker for file content cache (C:\Users\Choco\.gradle\caches\7.0.2\fileContent)" [_thread_blocked, id=19436, stack(0x0000004dd6600000,0x0000004dd6700000)]
  0x0000018846082000 JavaThread "Cache worker for dependencies-accessors (D:\Documents\Documents\AndroidProject\OptimizeProjects\SOCUS\.gradle\7.0.2\dependencies-accessors)" [_thread_blocked, id=14768, stack(0x0000004dd6700000,0x0000004dd6800000)]
  0x0000018846084000 JavaThread "jar transforms Thread 3" [_thread_blocked, id=11044, stack(0x0000004dd6800000,0x0000004dd6900000)]
  0x000001884608b000 JavaThread "Cache worker for Build Output Cleanup Cache (D:\Documents\Documents\AndroidProject\OptimizeProjects\SOCUS\.gradle\buildOutputCleanup)" [_thread_blocked, id=15060, stack(0x0000004dd6900000,0x0000004dd6a00000)]
  0x0000018846089800 JavaThread "Build operations" [_thread_blocked, id=15808, stack(0x0000004dd6a00000,0x0000004dd6b00000)]
  0x000001884608d000 JavaThread "Build operations Thread 2" [_thread_blocked, id=11356, stack(0x0000004dd6b00000,0x0000004dd6c00000)]
  0x000001884608a800 JavaThread "Build operations Thread 3" [_thread_blocked, id=19432, stack(0x0000004dd6c00000,0x0000004dd6d00000)]
  0x000001884608c000 JavaThread "Build operations Thread 4" [_thread_blocked, id=18400, stack(0x0000004dd6d00000,0x0000004dd6e00000)]
  0x0000018846088800 JavaThread "Build operations Thread 5" [_thread_blocked, id=7732, stack(0x0000004dd6e00000,0x0000004dd6f00000)]
  0x000001884608d800 JavaThread "Build operations Thread 6" [_thread_blocked, id=9304, stack(0x0000004dd6f00000,0x0000004dd7000000)]
  0x000001884608e800 JavaThread "Build operations Thread 7" [_thread_blocked, id=15232, stack(0x0000004dd7000000,0x0000004dd7100000)]
  0x0000018846256000 JavaThread "Build operations Thread 8" [_thread_blocked, id=1668, stack(0x0000004dd7100000,0x0000004dd7200000)]
  0x000001884625a000 JavaThread "jar transforms Thread 4" [_thread_blocked, id=14572, stack(0x0000004dd7200000,0x0000004dd7300000)]
  0x000001884625b000 JavaThread "jar transforms Thread 5" [_thread_blocked, id=15644, stack(0x0000004dd7300000,0x0000004dd7400000)]
  0x000001884625c000 JavaThread "jar transforms Thread 6" [_thread_blocked, id=9148, stack(0x0000004dd7400000,0x0000004dd7500000)]
  0x000001884625c800 JavaThread "jar transforms Thread 7" [_thread_blocked, id=23272, stack(0x0000004dd7500000,0x0000004dd7600000)]
  0x0000018846257000 JavaThread "jar transforms Thread 8" [_thread_blocked, id=9820, stack(0x0000004dd7600000,0x0000004dd7700000)]
  0x0000018846258000 JavaThread "Memory manager" [_thread_blocked, id=12300, stack(0x0000004dd7700000,0x0000004dd7800000)]
  0x0000018846259800 JavaThread "build event listener" [_thread_blocked, id=14756, stack(0x0000004dd7800000,0x0000004dd7900000)]
  0x0000018842f2e800 JavaThread "pool-3-thread-1" [_thread_blocked, id=24496, stack(0x0000004dd7900000,0x0000004dd7a00000)]
  0x0000018842f2c000 JavaThread "build event listener" [_thread_blocked, id=10016, stack(0x0000004dd7a00000,0x0000004dd7b00000)]
  0x0000018842f2f800 JavaThread "Execution worker for ':'" [_thread_blocked, id=24384, stack(0x0000004dd7b00000,0x0000004dd7c00000)]
  0x0000018842f2a800 JavaThread "Execution worker for ':' Thread 2" [_thread_blocked, id=460, stack(0x0000004dd7c00000,0x0000004dd7d00000)]
  0x0000018842f2d000 JavaThread "Execution worker for ':' Thread 3" [_thread_blocked, id=22892, stack(0x0000004dd7d00000,0x0000004dd7e00000)]
  0x0000018842f2e000 JavaThread "Execution worker for ':' Thread 4" [_thread_blocked, id=22536, stack(0x0000004dd7e00000,0x0000004dd7f00000)]
  0x0000018842f2a000 JavaThread "Execution worker for ':' Thread 5" [_thread_blocked, id=6576, stack(0x0000004dd7f00000,0x0000004dd8000000)]
  0x0000018842f30800 JavaThread "Execution worker for ':' Thread 6" [_thread_blocked, id=4760, stack(0x0000004dd8000000,0x0000004dd8100000)]
  0x0000018842f31000 JavaThread "Execution worker for ':' Thread 7" [_thread_blocked, id=16316, stack(0x0000004dd8100000,0x0000004dd8200000)]
  0x0000018842f2b800 JavaThread "Cache worker for execution history cache (D:\Documents\Documents\AndroidProject\OptimizeProjects\SOCUS\.gradle\7.0.2\executionHistory)" [_thread_blocked, id=14140, stack(0x0000004dd8200000,0x0000004dd8300000)]
  0x0000018842f34800 JavaThread "WorkerExecutor Queue" [_thread_blocked, id=9488, stack(0x0000004dd8300000,0x0000004dd8400000)]
  0x0000018842f32000 JavaThread "WorkerExecutor Queue Thread 2" [_thread_blocked, id=20732, stack(0x0000004dd6100000,0x0000004dd6200000)]
  0x0000018842f37000 JavaThread "WorkerExecutor Queue Thread 3" [_thread_blocked, id=17060, stack(0x0000004dd8400000,0x0000004dd8500000)]
  0x0000018842f37800 JavaThread "WorkerExecutor Queue Thread 4" [_thread_blocked, id=8812, stack(0x0000004dd8500000,0x0000004dd8600000)]
  0x0000018842f38800 JavaThread "WorkerExecutor Queue Thread 5" [_thread_blocked, id=10232, stack(0x0000004dd8600000,0x0000004dd8700000)]
  0x0000018842f35000 JavaThread "WorkerExecutor Queue Thread 6" [_thread_blocked, id=16864, stack(0x0000004dd8700000,0x0000004dd8800000)]
  0x0000018842f36000 JavaThread "WorkerExecutor Queue Thread 7" [_thread_blocked, id=9316, stack(0x0000004dd8800000,0x0000004dd8900000)]
  0x0000018842f33000 JavaThread "WorkerExecutor Queue Thread 8" [_thread_blocked, id=23336, stack(0x0000004dd8900000,0x0000004dd8a00000)]
  0x00000188461b7800 JavaThread "Java2D Disposer" daemon [_thread_blocked, id=10888, stack(0x0000004dd8a00000,0x0000004dd8b00000)]

Other Threads:
=>0x000001883fa17800 VMThread "VM Thread" [stack: 0x0000004dd3c00000,0x0000004dd3d00000] [id=15280]
  0x000001884042a800 WatcherThread [stack: 0x0000004dd4600000,0x0000004dd4700000] [id=2392]
  0x00000188255b5000 GCTaskThread "GC Thread#0" [stack: 0x0000004dd3700000,0x0000004dd3800000] [id=14740]
  0x00000188410a8800 GCTaskThread "GC Thread#1" [stack: 0x0000004dd4800000,0x0000004dd4900000] [id=11836]
  0x00000188410ce000 GCTaskThread "GC Thread#2" [stack: 0x0000004dd4900000,0x0000004dd4a00000] [id=20812]
  0x00000188437de000 GCTaskThread "GC Thread#3" [stack: 0x0000004dd5300000,0x0000004dd5400000] [id=10792]
  0x0000018841a73000 GCTaskThread "GC Thread#4" [stack: 0x0000004dd5400000,0x0000004dd5500000] [id=1892]
  0x000001884192e800 GCTaskThread "GC Thread#5" [stack: 0x0000004dd5500000,0x0000004dd5600000] [id=20592]
  0x000001884135f000 GCTaskThread "GC Thread#6" [stack: 0x0000004dd5600000,0x0000004dd5700000] [id=20408]
  0x000001884135f800 GCTaskThread "GC Thread#7" [stack: 0x0000004dd5700000,0x0000004dd5800000] [id=20224]
  0x00000188255e7000 ConcurrentGCThread "G1 Main Marker" [stack: 0x0000004dd3800000,0x0000004dd3900000] [id=13652]
  0x00000188255e8800 ConcurrentGCThread "G1 Conc#0" [stack: 0x0000004dd3900000,0x0000004dd3a00000] [id=22984]
  0x0000018840a84000 ConcurrentGCThread "G1 Conc#1" [stack: 0x0000004dd5a00000,0x0000004dd5b00000] [id=12964]
  0x000001882566b000 ConcurrentGCThread "G1 Refine#0" [stack: 0x0000004dd3a00000,0x0000004dd3b00000] [id=11620]
  0x000001882566b800 ConcurrentGCThread "G1 Young RemSet Sampling" [stack: 0x0000004dd3b00000,0x0000004dd3c00000] [id=15916]

Threads with active compile tasks:
C2 CompilerThread0  41255 15232 %     4       com.android.tools.r8.internal.T6::a @ 2246 (6044 bytes)
C1 CompilerThread0  41255 15848 %     3       com.android.tools.r8.internal.Me::c @ 660 (1174 bytes)

VM state:at safepoint (normal execution)

VM Mutex/Monitor currently owned by a thread:  ([mutex/lock_event])
[0x00000188255989b0] Threads_lock - owner thread: 0x000001883fa17800
[0x0000018825599850] Heap_lock - owner thread: 0x000001884608e800

Heap address: 0x0000000080000000, size: 2048 MB, Compressed Oops mode: 32-bit
Narrow klass base: 0x0000000000000000, Narrow klass shift: 3
Compressed class space size: 1073741824 Address: 0x0000000100000000

Heap:
 garbage-first heap   total 820224K, used 149138K [0x0000000080000000, 0x0000000100000000)
  region size 1024K, 7 young (7168K), 7 survivors (7168K)
 Metaspace       used 111713K, capacity 114423K, committed 115276K, reserved 1148928K
  class space    used 14067K, capacity 15082K, committed 15436K, reserved 1048576K
Heap Regions: E=young(eden), S=young(survivor), O=old, HS=humongous(starts), HC=humongous(continues), CS=collection set, F=free, A=archive, TAMS=top-at-mark-start (previous, next)
|   0|0x0000000080000000, 0x0000000080100000, 0x0000000080100000|100%| O|  |TAMS 0x0000000080100000, 0x0000000080000000| Untracked 
|   1|0x0000000080100000, 0x0000000080200000, 0x0000000080200000|100%| O|  |TAMS 0x0000000080200000, 0x0000000080100000| Untracked 
|   2|0x0000000080200000, 0x0000000080300000, 0x0000000080300000|100%| O|  |TAMS 0x0000000080300000, 0x0000000080200000| Untracked 
|   3|0x0000000080300000, 0x0000000080400000, 0x0000000080400000|100%|HS|  |TAMS 0x0000000080400000, 0x0000000080300000| Complete 
|   4|0x0000000080400000, 0x0000000080500000, 0x0000000080500000|100%|HC|  |TAMS 0x0000000080500000, 0x0000000080400000| Complete 
|   5|0x0000000080500000, 0x0000000080600000, 0x0000000080600000|100%|HC|  |TAMS 0x0000000080600000, 0x0000000080500000| Complete 
|   6|0x0000000080600000, 0x0000000080700000, 0x0000000080700000|100%| O|  |TAMS 0x0000000080700000, 0x0000000080600000| Untracked 
|   7|0x0000000080700000, 0x0000000080800000, 0x0000000080800000|100%| O|  |TAMS 0x0000000080800000, 0x0000000080700000| Untracked 
|   8|0x0000000080800000, 0x0000000080900000, 0x0000000080900000|100%| O|  |TAMS 0x0000000080900000, 0x0000000080800000| Untracked 
|   9|0x0000000080900000, 0x0000000080a00000, 0x0000000080a00000|100%| O|  |TAMS 0x0000000080a00000, 0x0000000080900000| Untracked 
|  10|0x0000000080a00000, 0x0000000080b00000, 0x0000000080b00000|100%| O|  |TAMS 0x0000000080b00000, 0x0000000080a00000| Untracked 
|  11|0x0000000080b00000, 0x0000000080c00000, 0x0000000080c00000|100%| O|  |TAMS 0x0000000080c00000, 0x0000000080b00000| Untracked 
|  12|0x0000000080c00000, 0x0000000080d00000, 0x0000000080d00000|100%| O|  |TAMS 0x0000000080d00000, 0x0000000080c00000| Untracked 
|  13|0x0000000080d00000, 0x0000000080e00000, 0x0000000080e00000|100%| O|  |TAMS 0x0000000080e00000, 0x0000000080d00000| Untracked 
|  14|0x0000000080e00000, 0x0000000080f00000, 0x0000000080f00000|100%| O|  |TAMS 0x0000000080f00000, 0x0000000080e00000| Untracked 
|  15|0x0000000080f00000, 0x0000000081000000, 0x0000000081000000|100%| O|  |TAMS 0x0000000081000000, 0x0000000080f00000| Untracked 
|  16|0x0000000081000000, 0x0000000081100000, 0x0000000081100000|100%|HS|  |TAMS 0x0000000081100000, 0x0000000081000000| Complete 
|  17|0x0000000081100000, 0x0000000081200000, 0x0000000081200000|100%| O|  |TAMS 0x0000000081200000, 0x0000000081100000| Untracked 
|  18|0x0000000081200000, 0x0000000081300000, 0x0000000081300000|100%| O|  |TAMS 0x0000000081300000, 0x0000000081200000| Untracked 
|  19|0x0000000081300000, 0x0000000081400000, 0x0000000081400000|100%| O|  |TAMS 0x0000000081400000, 0x0000000081300000| Untracked 
|  20|0x0000000081400000, 0x0000000081500000, 0x0000000081500000|100%| O|  |TAMS 0x0000000081500000, 0x0000000081400000| Untracked 
|  21|0x0000000081500000, 0x0000000081600000, 0x0000000081600000|100%| O|  |TAMS 0x0000000081600000, 0x0000000081500000| Untracked 
|  22|0x0000000081600000, 0x0000000081700000, 0x0000000081700000|100%| O|  |TAMS 0x0000000081700000, 0x0000000081600000| Untracked 
|  23|0x0000000081700000, 0x0000000081800000, 0x0000000081800000|100%| O|  |TAMS 0x0000000081800000, 0x0000000081700000| Untracked 
|  24|0x0000000081800000, 0x0000000081900000, 0x0000000081900000|100%| O|  |TAMS 0x0000000081900000, 0x0000000081800000| Untracked 
|  25|0x0000000081900000, 0x0000000081a00000, 0x0000000081a00000|100%| O|  |TAMS 0x0000000081a00000, 0x0000000081900000| Untracked 
|  26|0x0000000081a00000, 0x0000000081b00000, 0x0000000081b00000|100%| O|  |TAMS 0x0000000081b00000, 0x0000000081a00000| Complete 
|  27|0x0000000081b00000, 0x0000000081c00000, 0x0000000081c00000|100%|HS|  |TAMS 0x0000000081c00000, 0x0000000081b00000| Complete 
|  28|0x0000000081c00000, 0x0000000081d00000, 0x0000000081d00000|100%|HS|  |TAMS 0x0000000081d00000, 0x0000000081c00000| Complete 
|  29|0x0000000081d00000, 0x0000000081e00000, 0x0000000081e00000|100%|HS|  |TAMS 0x0000000081e00000, 0x0000000081d00000| Complete 
|  30|0x0000000081e00000, 0x0000000081f00000, 0x0000000081f00000|100%|HC|  |TAMS 0x0000000081f00000, 0x0000000081e00000| Complete 
|  31|0x0000000081f00000, 0x0000000082000000, 0x0000000082000000|100%|HC|  |TAMS 0x0000000082000000, 0x0000000081f00000| Complete 
|  32|0x0000000082000000, 0x0000000082100000, 0x0000000082100000|100%|HS|  |TAMS 0x0000000082100000, 0x0000000082000000| Complete 
|  33|0x0000000082100000, 0x0000000082200000, 0x0000000082200000|100%|HC|  |TAMS 0x0000000082200000, 0x0000000082100000| Complete 
|  34|0x0000000082200000, 0x0000000082300000, 0x0000000082300000|100%| O|  |TAMS 0x0000000082300000, 0x0000000082200000| Complete 
|  35|0x0000000082300000, 0x0000000082400000, 0x0000000082400000|100%| O|  |TAMS 0x0000000082400000, 0x0000000082300000| Complete 
|  36|0x0000000082400000, 0x0000000082500000, 0x0000000082500000|100%| O|  |TAMS 0x0000000082500000, 0x0000000082400000| Untracked 
|  37|0x0000000082500000, 0x0000000082600000, 0x0000000082600000|100%| O|  |TAMS 0x0000000082600000, 0x0000000082500000| Untracked 
|  38|0x0000000082600000, 0x0000000082700000, 0x0000000082700000|100%| O|  |TAMS 0x0000000082700000, 0x0000000082600000| Untracked 
|  39|0x0000000082700000, 0x0000000082800000, 0x0000000082800000|100%| O|  |TAMS 0x0000000082800000, 0x0000000082700000| Complete 
|  40|0x0000000082800000, 0x0000000082900000, 0x0000000082900000|100%| O|  |TAMS 0x0000000082900000, 0x0000000082800000| Untracked 
|  41|0x0000000082900000, 0x0000000082a00000, 0x0000000082a00000|100%| O|  |TAMS 0x0000000082a00000, 0x0000000082900000| Untracked 
|  42|0x0000000082a00000, 0x0000000082b00000, 0x0000000082b00000|100%| O|  |TAMS 0x0000000082b00000, 0x0000000082a00000| Untracked 
|  43|0x0000000082b00000, 0x0000000082c00000, 0x0000000082c00000|100%| O|  |TAMS 0x0000000082c00000, 0x0000000082b00000| Untracked 
|  44|0x0000000082c00000, 0x0000000082d00000, 0x0000000082d00000|100%| O|  |TAMS 0x0000000082d00000, 0x0000000082c00000| Untracked 
|  45|0x0000000082d00000, 0x0000000082e00000, 0x0000000082e00000|100%| O|  |TAMS 0x0000000082e00000, 0x0000000082d00000| Complete 
|  46|0x0000000082e00000, 0x0000000082f00000, 0x0000000082f00000|100%| O|  |TAMS 0x0000000082f00000, 0x0000000082e00000| Untracked 
|  47|0x0000000082f00000, 0x0000000083000000, 0x0000000083000000|100%| O|  |TAMS 0x0000000083000000, 0x0000000082f00000| Untracked 
|  48|0x0000000083000000, 0x0000000083100000, 0x0000000083100000|100%| O|  |TAMS 0x0000000083100000, 0x0000000083000000| Untracked 
|  49|0x0000000083100000, 0x0000000083200000, 0x0000000083200000|100%| O|  |TAMS 0x0000000083200000, 0x0000000083100000| Untracked 
|  50|0x0000000083200000, 0x0000000083300000, 0x0000000083300000|100%| O|  |TAMS 0x0000000083300000, 0x0000000083200000| Untracked 
|  51|0x0000000083300000, 0x0000000083400000, 0x0000000083400000|100%| O|  |TAMS 0x0000000083400000, 0x0000000083300000| Untracked 
|  52|0x0000000083400000, 0x0000000083500000, 0x0000000083500000|100%| O|  |TAMS 0x0000000083500000, 0x0000000083400000| Untracked 
|  53|0x0000000083500000, 0x0000000083600000, 0x0000000083600000|100%| O|  |TAMS 0x0000000083600000, 0x0000000083500000| Untracked 
|  54|0x0000000083600000, 0x0000000083700000, 0x0000000083700000|100%| O|  |TAMS 0x0000000083700000, 0x0000000083600000| Untracked 
|  55|0x0000000083700000, 0x0000000083800000, 0x0000000083800000|100%| O|  |TAMS 0x0000000083800000, 0x0000000083700000| Untracked 
|  56|0x0000000083800000, 0x0000000083900000, 0x0000000083900000|100%| O|  |TAMS 0x0000000083900000, 0x0000000083800000| Untracked 
|  57|0x0000000083900000, 0x0000000083a00000, 0x0000000083a00000|100%| O|  |TAMS 0x0000000083a00000, 0x0000000083900000| Complete 
|  58|0x0000000083a00000, 0x0000000083b00000, 0x0000000083b00000|100%| O|  |TAMS 0x0000000083b00000, 0x0000000083a00000| Complete 
|  59|0x0000000083b00000, 0x0000000083c00000, 0x0000000083c00000|100%| O|  |TAMS 0x0000000083c00000, 0x0000000083b00000| Untracked 
|  60|0x0000000083c00000, 0x0000000083d00000, 0x0000000083d00000|100%| O|  |TAMS 0x0000000083d00000, 0x0000000083c00000| Untracked 
|  61|0x0000000083d00000, 0x0000000083e00000, 0x0000000083e00000|100%| O|  |TAMS 0x0000000083e00000, 0x0000000083d00000| Untracked 
|  62|0x0000000083e00000, 0x0000000083f00000, 0x0000000083f00000|100%| O|  |TAMS 0x0000000083f00000, 0x0000000083e00000| Complete 
|  63|0x0000000083f00000, 0x0000000084000000, 0x0000000084000000|100%| O|  |TAMS 0x0000000084000000, 0x0000000083f00000| Untracked 
|  64|0x0000000084000000, 0x0000000084100000, 0x0000000084100000|100%| O|  |TAMS 0x0000000084100000, 0x0000000084000000| Untracked 
|  65|0x0000000084100000, 0x0000000084200000, 0x0000000084200000|100%| O|  |TAMS 0x0000000084200000, 0x0000000084100000| Untracked 
|  66|0x0000000084200000, 0x0000000084300000, 0x0000000084300000|100%| O|  |TAMS 0x0000000084300000, 0x0000000084200000| Untracked 
|  67|0x0000000084300000, 0x0000000084400000, 0x0000000084400000|100%| O|  |TAMS 0x0000000084400000, 0x0000000084300000| Untracked 
|  68|0x0000000084400000, 0x0000000084500000, 0x0000000084500000|100%| O|  |TAMS 0x0000000084500000, 0x0000000084400000| Complete 
|  69|0x0000000084500000, 0x0000000084600000, 0x0000000084600000|100%| O|  |TAMS 0x0000000084600000, 0x0000000084500000| Untracked 
|  70|0x0000000084600000, 0x0000000084700000, 0x0000000084700000|100%| O|  |TAMS 0x0000000084700000, 0x0000000084600000| Complete 
|  71|0x0000000084700000, 0x0000000084800000, 0x0000000084800000|100%| O|  |TAMS 0x0000000084800000, 0x0000000084700000| Complete 
|  72|0x0000000084800000, 0x0000000084900000, 0x0000000084900000|100%| O|  |TAMS 0x0000000084900000, 0x0000000084800000| Complete 
|  73|0x0000000084900000, 0x0000000084a00000, 0x0000000084a00000|100%| O|  |TAMS 0x0000000084900000, 0x0000000084900000| Untracked 
|  74|0x0000000084a00000, 0x0000000084b00000, 0x0000000084b00000|100%| O|  |TAMS 0x0000000084a00000, 0x0000000084a00000| Untracked 
|  75|0x0000000084b00000, 0x0000000084c00000, 0x0000000084c00000|100%| O|  |TAMS 0x0000000084c00000, 0x0000000084b00000| Untracked 
|  76|0x0000000084c00000, 0x0000000084d00000, 0x0000000084d00000|100%| O|  |TAMS 0x0000000084d00000, 0x0000000084c00000| Complete 
|  77|0x0000000084d00000, 0x0000000084e00000, 0x0000000084e00000|100%| O|  |TAMS 0x0000000084d00000, 0x0000000084d00000| Untracked 
|  78|0x0000000084e00000, 0x0000000084f00000, 0x0000000084f00000|100%| O|  |TAMS 0x0000000084e00000, 0x0000000084e00000| Untracked 
|  79|0x0000000084f00000, 0x0000000085000000, 0x0000000085000000|100%| O|  |TAMS 0x0000000085000000, 0x0000000084f00000| Untracked 
|  80|0x0000000085000000, 0x0000000085100000, 0x0000000085100000|100%| O|  |TAMS 0x0000000085100000, 0x0000000085000000| Untracked 
|  81|0x0000000085100000, 0x0000000085200000, 0x0000000085200000|100%| O|  |TAMS 0x0000000085200000, 0x0000000085100000| Complete 
|  82|0x0000000085200000, 0x0000000085300000, 0x0000000085300000|100%| O|  |TAMS 0x0000000085300000, 0x0000000085200000| Untracked 
|  83|0x0000000085300000, 0x0000000085400000, 0x0000000085400000|100%| O|  |TAMS 0x0000000085400000, 0x0000000085300000| Complete 
|  84|0x0000000085400000, 0x0000000085500000, 0x0000000085500000|100%| O|  |TAMS 0x0000000085500000, 0x0000000085400000| Complete 
|  85|0x0000000085500000, 0x0000000085600000, 0x0000000085600000|100%| O|  |TAMS 0x0000000085600000, 0x0000000085500000| Untracked 
|  86|0x0000000085600000, 0x0000000085700000, 0x0000000085700000|100%|HS|  |TAMS 0x0000000085700000, 0x0000000085600000| Complete 
|  87|0x0000000085700000, 0x0000000085800000, 0x0000000085800000|100%| O|  |TAMS 0x0000000085700000, 0x0000000085700000| Untracked 
|  88|0x0000000085800000, 0x0000000085900000, 0x0000000085900000|100%| O|  |TAMS 0x0000000085900000, 0x0000000085800000| Complete 
|  89|0x0000000085900000, 0x0000000085a00000, 0x0000000085a00000|100%| O|  |TAMS 0x0000000085a00000, 0x0000000085900000| Complete 
|  90|0x0000000085a00000, 0x0000000085b00000, 0x0000000085b00000|100%| O|  |TAMS 0x0000000085b00000, 0x0000000085a00000| Complete 
|  91|0x0000000085b00000, 0x0000000085c00000, 0x0000000085c00000|100%| O|  |TAMS 0x0000000085c00000, 0x0000000085b00000| Complete 
|  92|0x0000000085c00000, 0x0000000085d00000, 0x0000000085d00000|100%| O|  |TAMS 0x0000000085d00000, 0x0000000085c00000| Complete 
|  93|0x0000000085d00000, 0x0000000085e00000, 0x0000000085e00000|100%| O|  |TAMS 0x0000000085e00000, 0x0000000085d00000| Complete 
|  94|0x0000000085e00000, 0x0000000085f00000, 0x0000000085f00000|100%| O|  |TAMS 0x0000000085f00000, 0x0000000085e00000| Complete 
|  95|0x0000000085f00000, 0x0000000086000000, 0x0000000086000000|100%| O|  |TAMS 0x0000000085f00000, 0x0000000085f00000| Untracked 
|  96|0x0000000086000000, 0x0000000086100000, 0x0000000086100000|100%| O|  |TAMS 0x0000000086100000, 0x0000000086000000| Untracked 
|  97|0x0000000086100000, 0x0000000086200000, 0x0000000086200000|100%| O|  |TAMS 0x0000000086200000, 0x0000000086100000| Untracked 
|  98|0x0000000086200000, 0x0000000086300000, 0x0000000086300000|100%| O|  |TAMS 0x0000000086200000, 0x0000000086200000| Untracked 
|  99|0x0000000086300000, 0x0000000086400000, 0x0000000086400000|100%| O|  |TAMS 0x0000000086400000, 0x0000000086300000| Untracked 
| 100|0x0000000086400000, 0x0000000086500000, 0x0000000086500000|100%| O|  |TAMS 0x0000000086500000, 0x0000000086400000| Untracked 
| 101|0x0000000086500000, 0x0000000086600000, 0x0000000086600000|100%| O|  |TAMS 0x0000000086600000, 0x0000000086500000| Complete 
| 102|0x0000000086600000, 0x0000000086700000, 0x0000000086700000|100%| O|  |TAMS 0x0000000086600000, 0x0000000086600000| Untracked 
| 103|0x0000000086700000, 0x0000000086800000, 0x0000000086800000|100%| O|  |TAMS 0x0000000086800000, 0x0000000086700000| Complete 
| 104|0x0000000086800000, 0x0000000086900000, 0x0000000086900000|100%| O|  |TAMS 0x0000000086900000, 0x0000000086800000| Complete 
| 105|0x0000000086900000, 0x0000000086a00000, 0x0000000086a00000|100%| O|  |TAMS 0x0000000086a00000, 0x0000000086900000| Complete 
| 106|0x0000000086a00000, 0x0000000086b00000, 0x0000000086b00000|100%| O|  |TAMS 0x0000000086a00000, 0x0000000086a00000| Untracked 
| 107|0x0000000086b00000, 0x0000000086c00000, 0x0000000086c00000|100%| O|  |TAMS 0x0000000086b00000, 0x0000000086b00000| Untracked 
| 108|0x0000000086c00000, 0x0000000086d00000, 0x0000000086d00000|100%| O|  |TAMS 0x0000000086d00000, 0x0000000086c00000| Complete 
| 109|0x0000000086d00000, 0x0000000086e00000, 0x0000000086e00000|100%| O|  |TAMS 0x0000000086d00000, 0x0000000086d00000| Untracked 
| 110|0x0000000086e00000, 0x0000000086ea4a00, 0x0000000086f00000| 64%| O|  |TAMS 0x0000000086e00000, 0x0000000086e00000| Untracked 
| 111|0x0000000086f00000, 0x0000000087000000, 0x0000000087000000|100%| O|  |TAMS 0x0000000087000000, 0x0000000086f00000| Complete 
| 112|0x0000000087000000, 0x0000000087100000, 0x0000000087100000|100%| O|  |TAMS 0x0000000087100000, 0x0000000087000000| Complete 
| 113|0x0000000087100000, 0x0000000087200000, 0x0000000087200000|100%| O|  |TAMS 0x0000000087200000, 0x0000000087100000| Untracked 
| 114|0x0000000087200000, 0x0000000087300000, 0x0000000087300000|100%| O|  |TAMS 0x0000000087300000, 0x0000000087200000| Untracked 
| 115|0x0000000087300000, 0x0000000087400000, 0x0000000087400000|100%| O|  |TAMS 0x0000000087400000, 0x0000000087300000| Untracked 
| 116|0x0000000087400000, 0x0000000087500000, 0x0000000087500000|100%| O|  |TAMS 0x0000000087500000, 0x0000000087400000| Untracked 
| 117|0x0000000087500000, 0x0000000087600000, 0x0000000087600000|100%| O|  |TAMS 0x0000000087600000, 0x0000000087500000| Untracked 
| 118|0x0000000087600000, 0x0000000087700000, 0x0000000087700000|100%| O|  |TAMS 0x0000000087700000, 0x0000000087600000| Untracked 
| 119|0x0000000087700000, 0x0000000087800000, 0x0000000087800000|100%| O|  |TAMS 0x0000000087800000, 0x0000000087700000| Untracked 
| 120|0x0000000087800000, 0x0000000087900000, 0x0000000087900000|100%| O|  |TAMS 0x0000000087900000, 0x0000000087800000| Complete 
| 121|0x0000000087900000, 0x0000000087a00000, 0x0000000087a00000|100%| O|  |TAMS 0x0000000087a00000, 0x0000000087900000| Untracked 
| 122|0x0000000087a00000, 0x0000000087b00000, 0x0000000087b00000|100%| O|  |TAMS 0x0000000087b00000, 0x0000000087a00000| Untracked 
| 123|0x0000000087b00000, 0x0000000087c00000, 0x0000000087c00000|100%| O|  |TAMS 0x0000000087c00000, 0x0000000087b00000| Complete 
| 124|0x0000000087c00000, 0x0000000087d00000, 0x0000000087d00000|100%| O|  |TAMS 0x0000000087d00000, 0x0000000087c00000| Complete 
| 125|0x0000000087d00000, 0x0000000087e00000, 0x0000000087e00000|100%| O|  |TAMS 0x0000000087e00000, 0x0000000087d00000| Untracked 
| 126|0x0000000087e00000, 0x0000000087f00000, 0x0000000087f00000|100%| O|  |TAMS 0x0000000087f00000, 0x0000000087e00000| Untracked 
| 127|0x0000000087f00000, 0x0000000088000000, 0x0000000088000000|100%| O|  |TAMS 0x0000000088000000, 0x0000000087f00000| Untracked 
| 128|0x0000000088000000, 0x0000000088100000, 0x0000000088100000|100%| O|  |TAMS 0x0000000088100000, 0x0000000088000000| Untracked 
| 129|0x0000000088100000, 0x0000000088100000, 0x0000000088200000|  0%| F|  |TAMS 0x0000000088100000, 0x0000000088100000| Untracked 
| 130|0x0000000088200000, 0x0000000088300000, 0x0000000088300000|100%| O|  |TAMS 0x0000000088300000, 0x0000000088200000| Complete 
| 131|0x0000000088300000, 0x0000000088400000, 0x0000000088400000|100%| O|  |TAMS 0x0000000088400000, 0x0000000088300000| Untracked 
| 132|0x0000000088400000, 0x0000000088500000, 0x0000000088500000|100%| O|  |TAMS 0x0000000088500000, 0x0000000088400000| Untracked 
| 133|0x0000000088500000, 0x0000000088600000, 0x0000000088600000|100%| O|  |TAMS 0x0000000088600000, 0x0000000088500000| Untracked 
| 134|0x0000000088600000, 0x0000000088700000, 0x0000000088700000|100%| O|  |TAMS 0x0000000088700000, 0x0000000088600000| Complete 
| 135|0x0000000088700000, 0x0000000088800000, 0x0000000088800000|100%| O|  |TAMS 0x0000000088800000, 0x0000000088700000| Untracked 
| 136|0x0000000088800000, 0x0000000088900000, 0x0000000088900000|100%| O|  |TAMS 0x0000000088900000, 0x0000000088800000| Untracked 
| 137|0x0000000088900000, 0x0000000088a00000, 0x0000000088a00000|100%| O|  |TAMS 0x0000000088a00000, 0x0000000088900000| Complete 
| 138|0x0000000088a00000, 0x0000000088b00000, 0x0000000088b00000|100%| O|  |TAMS 0x0000000088b00000, 0x0000000088a00000| Complete 
| 139|0x0000000088b00000, 0x0000000088c00000, 0x0000000088c00000|100%| O|  |TAMS 0x0000000088bc5600, 0x0000000088b00000| Complete 
| 140|0x0000000088c00000, 0x0000000088c00000, 0x0000000088d00000|  0%| F|  |TAMS 0x0000000088c00000, 0x0000000088c00000| Untracked 
| 141|0x0000000088d00000, 0x0000000088d00000, 0x0000000088e00000|  0%| F|  |TAMS 0x0000000088d00000, 0x0000000088d00000| Untracked 
| 142|0x0000000088e00000, 0x0000000088e00000, 0x0000000088f00000|  0%| F|  |TAMS 0x0000000088e00000, 0x0000000088e00000| Untracked 
| 143|0x0000000088f00000, 0x0000000088f00000, 0x0000000089000000|  0%| F|  |TAMS 0x0000000088f00000, 0x0000000088f00000| Untracked 
| 144|0x0000000089000000, 0x0000000089000000, 0x0000000089100000|  0%| F|  |TAMS 0x0000000089000000, 0x0000000089000000| Untracked 
| 145|0x0000000089100000, 0x0000000089100000, 0x0000000089200000|  0%| F|  |TAMS 0x0000000089100000, 0x0000000089100000| Untracked 
| 146|0x0000000089200000, 0x0000000089200000, 0x0000000089300000|  0%| F|  |TAMS 0x0000000089200000, 0x0000000089200000| Untracked 
| 147|0x0000000089300000, 0x0000000089300000, 0x0000000089400000|  0%| F|  |TAMS 0x0000000089300000, 0x0000000089300000| Untracked 
| 148|0x0000000089400000, 0x0000000089400000, 0x0000000089500000|  0%| F|  |TAMS 0x0000000089400000, 0x0000000089400000| Untracked 
| 149|0x0000000089500000, 0x0000000089500000, 0x0000000089600000|  0%| F|  |TAMS 0x0000000089500000, 0x0000000089500000| Untracked 
| 150|0x0000000089600000, 0x0000000089600000, 0x0000000089700000|  0%| F|  |TAMS 0x0000000089600000, 0x0000000089600000| Untracked 
| 151|0x0000000089700000, 0x0000000089700000, 0x0000000089800000|  0%| F|  |TAMS 0x0000000089700000, 0x0000000089700000| Untracked 
| 152|0x0000000089800000, 0x0000000089800000, 0x0000000089900000|  0%| F|  |TAMS 0x0000000089800000, 0x0000000089800000| Untracked 
| 153|0x0000000089900000, 0x0000000089900000, 0x0000000089a00000|  0%| F|  |TAMS 0x0000000089900000, 0x0000000089900000| Untracked 
| 154|0x0000000089a00000, 0x0000000089a00000, 0x0000000089b00000|  0%| F|  |TAMS 0x0000000089a00000, 0x0000000089a00000| Untracked 
| 155|0x0000000089b00000, 0x0000000089b00000, 0x0000000089c00000|  0%| F|  |TAMS 0x0000000089b00000, 0x0000000089b00000| Untracked 
| 156|0x0000000089c00000, 0x0000000089c00000, 0x0000000089d00000|  0%| F|  |TAMS 0x0000000089c00000, 0x0000000089c00000| Untracked 
| 157|0x0000000089d00000, 0x0000000089d00000, 0x0000000089e00000|  0%| F|  |TAMS 0x0000000089d00000, 0x0000000089d00000| Untracked 
| 158|0x0000000089e00000, 0x0000000089e00000, 0x0000000089f00000|  0%| F|  |TAMS 0x0000000089e00000, 0x0000000089e00000| Untracked 
| 159|0x0000000089f00000, 0x0000000089f00000, 0x000000008a000000|  0%| F|  |TAMS 0x0000000089f00000, 0x0000000089f00000| Untracked 
| 160|0x000000008a000000, 0x000000008a000000, 0x000000008a100000|  0%| F|  |TAMS 0x000000008a000000, 0x000000008a000000| Untracked 
| 161|0x000000008a100000, 0x000000008a100000, 0x000000008a200000|  0%| F|  |TAMS 0x000000008a100000, 0x000000008a100000| Untracked 
| 162|0x000000008a200000, 0x000000008a200000, 0x000000008a300000|  0%| F|  |TAMS 0x000000008a200000, 0x000000008a200000| Untracked 
| 163|0x000000008a300000, 0x000000008a300000, 0x000000008a400000|  0%| F|  |TAMS 0x000000008a300000, 0x000000008a300000| Untracked 
| 164|0x000000008a400000, 0x000000008a400000, 0x000000008a500000|  0%| F|  |TAMS 0x000000008a400000, 0x000000008a400000| Untracked 
| 165|0x000000008a500000, 0x000000008a500000, 0x000000008a600000|  0%| F|  |TAMS 0x000000008a500000, 0x000000008a500000| Untracked 
| 166|0x000000008a600000, 0x000000008a600000, 0x000000008a700000|  0%| F|  |TAMS 0x000000008a600000, 0x000000008a600000| Untracked 
| 167|0x000000008a700000, 0x000000008a700000, 0x000000008a800000|  0%| F|  |TAMS 0x000000008a700000, 0x000000008a700000| Untracked 
| 168|0x000000008a800000, 0x000000008a800000, 0x000000008a900000|  0%| F|  |TAMS 0x000000008a800000, 0x000000008a800000| Untracked 
| 169|0x000000008a900000, 0x000000008a900000, 0x000000008aa00000|  0%| F|  |TAMS 0x000000008a900000, 0x000000008a900000| Untracked 
| 170|0x000000008aa00000, 0x000000008aa00000, 0x000000008ab00000|  0%| F|  |TAMS 0x000000008aa00000, 0x000000008aa00000| Untracked 
| 171|0x000000008ab00000, 0x000000008ab00000, 0x000000008ac00000|  0%| F|  |TAMS 0x000000008ab00000, 0x000000008ab00000| Untracked 
| 172|0x000000008ac00000, 0x000000008ac00000, 0x000000008ad00000|  0%| F|  |TAMS 0x000000008ac00000, 0x000000008ac00000| Untracked 
| 173|0x000000008ad00000, 0x000000008ad00000, 0x000000008ae00000|  0%| F|  |TAMS 0x000000008ad00000, 0x000000008ad00000| Untracked 
| 174|0x000000008ae00000, 0x000000008ae00000, 0x000000008af00000|  0%| F|  |TAMS 0x000000008ae00000, 0x000000008ae00000| Untracked 
| 175|0x000000008af00000, 0x000000008af00000, 0x000000008b000000|  0%| F|  |TAMS 0x000000008af00000, 0x000000008af00000| Untracked 
| 176|0x000000008b000000, 0x000000008b000000, 0x000000008b100000|  0%| F|  |TAMS 0x000000008b000000, 0x000000008b000000| Untracked 
| 177|0x000000008b100000, 0x000000008b100000, 0x000000008b200000|  0%| F|  |TAMS 0x000000008b100000, 0x000000008b100000| Untracked 
| 178|0x000000008b200000, 0x000000008b200000, 0x000000008b300000|  0%| F|  |TAMS 0x000000008b200000, 0x000000008b200000| Untracked 
| 179|0x000000008b300000, 0x000000008b300000, 0x000000008b400000|  0%| F|  |TAMS 0x000000008b300000, 0x000000008b300000| Untracked 
| 180|0x000000008b400000, 0x000000008b400000, 0x000000008b500000|  0%| F|  |TAMS 0x000000008b400000, 0x000000008b400000| Untracked 
| 181|0x000000008b500000, 0x000000008b500000, 0x000000008b600000|  0%| F|  |TAMS 0x000000008b500000, 0x000000008b500000| Untracked 
| 182|0x000000008b600000, 0x000000008b600000, 0x000000008b700000|  0%| F|  |TAMS 0x000000008b600000, 0x000000008b600000| Untracked 
| 183|0x000000008b700000, 0x000000008b700000, 0x000000008b800000|  0%| F|  |TAMS 0x000000008b700000, 0x000000008b700000| Untracked 
| 184|0x000000008b800000, 0x000000008b800000, 0x000000008b900000|  0%| F|  |TAMS 0x000000008b800000, 0x000000008b800000| Untracked 
| 185|0x000000008b900000, 0x000000008b900000, 0x000000008ba00000|  0%| F|  |TAMS 0x000000008b900000, 0x000000008b900000| Untracked 
| 186|0x000000008ba00000, 0x000000008ba00000, 0x000000008bb00000|  0%| F|  |TAMS 0x000000008ba00000, 0x000000008ba00000| Untracked 
| 187|0x000000008bb00000, 0x000000008bb00000, 0x000000008bc00000|  0%| F|  |TAMS 0x000000008bb00000, 0x000000008bb00000| Untracked 
| 188|0x000000008bc00000, 0x000000008bc00000, 0x000000008bd00000|  0%| F|  |TAMS 0x000000008bc00000, 0x000000008bc00000| Untracked 
| 189|0x000000008bd00000, 0x000000008bd00000, 0x000000008be00000|  0%| F|  |TAMS 0x000000008bd00000, 0x000000008bd00000| Untracked 
| 190|0x000000008be00000, 0x000000008be00000, 0x000000008bf00000|  0%| F|  |TAMS 0x000000008be00000, 0x000000008be00000| Untracked 
| 191|0x000000008bf00000, 0x000000008c000000, 0x000000008c000000|100%| S|CS|TAMS 0x000000008bf00000, 0x000000008bf00000| Complete 
| 192|0x000000008c000000, 0x000000008c100000, 0x000000008c100000|100%| S|CS|TAMS 0x000000008c000000, 0x000000008c000000| Complete 
| 193|0x000000008c100000, 0x000000008c200000, 0x000000008c200000|100%| S|CS|TAMS 0x000000008c100000, 0x000000008c100000| Complete 
| 194|0x000000008c200000, 0x000000008c300000, 0x000000008c300000|100%| S|CS|TAMS 0x000000008c200000, 0x000000008c200000| Complete 
| 195|0x000000008c300000, 0x000000008c400000, 0x000000008c400000|100%| S|CS|TAMS 0x000000008c300000, 0x000000008c300000| Complete 
| 196|0x000000008c400000, 0x000000008c400000, 0x000000008c500000|  0%| F|  |TAMS 0x000000008c400000, 0x000000008c400000| Untracked 
| 197|0x000000008c500000, 0x000000008c500000, 0x000000008c600000|  0%| F|  |TAMS 0x000000008c500000, 0x000000008c500000| Untracked 
| 198|0x000000008c600000, 0x000000008c700000, 0x000000008c700000|100%| S|CS|TAMS 0x000000008c600000, 0x000000008c600000| Complete 
| 199|0x000000008c700000, 0x000000008c800000, 0x000000008c800000|100%| S|CS|TAMS 0x000000008c700000, 0x000000008c700000| Complete 
| 200|0x000000008c800000, 0x000000008c800000, 0x000000008c900000|  0%| F|  |TAMS 0x000000008c800000, 0x000000008c800000| Untracked 
| 201|0x000000008c900000, 0x000000008c900000, 0x000000008ca00000|  0%| F|  |TAMS 0x000000008c900000, 0x000000008c900000| Untracked 
| 202|0x000000008ca00000, 0x000000008ca00000, 0x000000008cb00000|  0%| F|  |TAMS 0x000000008ca00000, 0x000000008ca00000| Untracked 
| 203|0x000000008cb00000, 0x000000008cb00000, 0x000000008cc00000|  0%| F|  |TAMS 0x000000008cb00000, 0x000000008cb00000| Untracked 
| 204|0x000000008cc00000, 0x000000008cc00000, 0x000000008cd00000|  0%| F|  |TAMS 0x000000008cc00000, 0x000000008cc00000| Untracked 
| 205|0x000000008cd00000, 0x000000008cd00000, 0x000000008ce00000|  0%| F|  |TAMS 0x000000008cd00000, 0x000000008cd00000| Untracked 
| 206|0x000000008ce00000, 0x000000008ce00000, 0x000000008cf00000|  0%| F|  |TAMS 0x000000008ce00000, 0x000000008ce00000| Untracked 
| 207|0x000000008cf00000, 0x000000008cf00000, 0x000000008d000000|  0%| F|  |TAMS 0x000000008cf00000, 0x000000008cf00000| Untracked 
| 208|0x000000008d000000, 0x000000008d000000, 0x000000008d100000|  0%| F|  |TAMS 0x000000008d000000, 0x000000008d000000| Untracked 
| 209|0x000000008d100000, 0x000000008d100000, 0x000000008d200000|  0%| F|  |TAMS 0x000000008d100000, 0x000000008d100000| Untracked 
| 210|0x000000008d200000, 0x000000008d200000, 0x000000008d300000|  0%| F|  |TAMS 0x000000008d200000, 0x000000008d200000| Untracked 
| 211|0x000000008d300000, 0x000000008d300000, 0x000000008d400000|  0%| F|  |TAMS 0x000000008d300000, 0x000000008d300000| Untracked 
| 212|0x000000008d400000, 0x000000008d400000, 0x000000008d500000|  0%| F|  |TAMS 0x000000008d400000, 0x000000008d400000| Untracked 
| 213|0x000000008d500000, 0x000000008d500000, 0x000000008d600000|  0%| F|  |TAMS 0x000000008d500000, 0x000000008d500000| Untracked 
| 214|0x000000008d600000, 0x000000008d600000, 0x000000008d700000|  0%| F|  |TAMS 0x000000008d600000, 0x000000008d600000| Untracked 
| 215|0x000000008d700000, 0x000000008d700000, 0x000000008d800000|  0%| F|  |TAMS 0x000000008d700000, 0x000000008d700000| Untracked 
| 216|0x000000008d800000, 0x000000008d800000, 0x000000008d900000|  0%| F|  |TAMS 0x000000008d800000, 0x000000008d800000| Untracked 
| 217|0x000000008d900000, 0x000000008d900000, 0x000000008da00000|  0%| F|  |TAMS 0x000000008d900000, 0x000000008d900000| Untracked 
| 218|0x000000008da00000, 0x000000008da00000, 0x000000008db00000|  0%| F|  |TAMS 0x000000008da00000, 0x000000008da00000| Untracked 
| 219|0x000000008db00000, 0x000000008db00000, 0x000000008dc00000|  0%| F|  |TAMS 0x000000008db00000, 0x000000008db00000| Untracked 
| 220|0x000000008dc00000, 0x000000008dc00000, 0x000000008dd00000|  0%| F|  |TAMS 0x000000008dc00000, 0x000000008dc00000| Untracked 
| 221|0x000000008dd00000, 0x000000008dd00000, 0x000000008de00000|  0%| F|  |TAMS 0x000000008dd00000, 0x000000008dd00000| Untracked 
| 222|0x000000008de00000, 0x000000008de00000, 0x000000008df00000|  0%| F|  |TAMS 0x000000008de00000, 0x000000008de00000| Untracked 
| 223|0x000000008df00000, 0x000000008df00000, 0x000000008e000000|  0%| F|  |TAMS 0x000000008df00000, 0x000000008df00000| Untracked 
| 224|0x000000008e000000, 0x000000008e000000, 0x000000008e100000|  0%| F|  |TAMS 0x000000008e000000, 0x000000008e000000| Untracked 
| 225|0x000000008e100000, 0x000000008e100000, 0x000000008e200000|  0%| F|  |TAMS 0x000000008e100000, 0x000000008e100000| Untracked 
| 226|0x000000008e200000, 0x000000008e200000, 0x000000008e300000|  0%| F|  |TAMS 0x000000008e200000, 0x000000008e200000| Untracked 
| 227|0x000000008e300000, 0x000000008e300000, 0x000000008e400000|  0%| F|  |TAMS 0x000000008e300000, 0x000000008e300000| Untracked 
| 228|0x000000008e400000, 0x000000008e400000, 0x000000008e500000|  0%| F|  |TAMS 0x000000008e400000, 0x000000008e400000| Untracked 
| 229|0x000000008e500000, 0x000000008e500000, 0x000000008e600000|  0%| F|  |TAMS 0x000000008e500000, 0x000000008e500000| Untracked 
| 230|0x000000008e600000, 0x000000008e600000, 0x000000008e700000|  0%| F|  |TAMS 0x000000008e600000, 0x000000008e600000| Untracked 
| 231|0x000000008e700000, 0x000000008e700000, 0x000000008e800000|  0%| F|  |TAMS 0x000000008e700000, 0x000000008e700000| Untracked 
| 232|0x000000008e800000, 0x000000008e800000, 0x000000008e900000|  0%| F|  |TAMS 0x000000008e800000, 0x000000008e800000| Untracked 
| 233|0x000000008e900000, 0x000000008e900000, 0x000000008ea00000|  0%| F|  |TAMS 0x000000008e900000, 0x000000008e900000| Untracked 
| 234|0x000000008ea00000, 0x000000008ea00000, 0x000000008eb00000|  0%| F|  |TAMS 0x000000008ea00000, 0x000000008ea00000| Untracked 
| 235|0x000000008eb00000, 0x000000008eb00000, 0x000000008ec00000|  0%| F|  |TAMS 0x000000008eb00000, 0x000000008eb00000| Untracked 
| 236|0x000000008ec00000, 0x000000008ec00000, 0x000000008ed00000|  0%| F|  |TAMS 0x000000008ec00000, 0x000000008ec00000| Untracked 
| 237|0x000000008ed00000, 0x000000008ed00000, 0x000000008ee00000|  0%| F|  |TAMS 0x000000008ed00000, 0x000000008ed00000| Untracked 
| 238|0x000000008ee00000, 0x000000008ee00000, 0x000000008ef00000|  0%| F|  |TAMS 0x000000008ee00000, 0x000000008ee00000| Untracked 
| 239|0x000000008ef00000, 0x000000008ef00000, 0x000000008f000000|  0%| F|  |TAMS 0x000000008ef00000, 0x000000008ef00000| Untracked 
| 240|0x000000008f000000, 0x000000008f000000, 0x000000008f100000|  0%| F|  |TAMS 0x000000008f000000, 0x000000008f000000| Untracked 
| 241|0x000000008f100000, 0x000000008f100000, 0x000000008f200000|  0%| F|  |TAMS 0x000000008f100000, 0x000000008f100000| Untracked 
| 242|0x000000008f200000, 0x000000008f200000, 0x000000008f300000|  0%| F|  |TAMS 0x000000008f200000, 0x000000008f200000| Untracked 
| 243|0x000000008f300000, 0x000000008f300000, 0x000000008f400000|  0%| F|  |TAMS 0x000000008f300000, 0x000000008f300000| Untracked 
| 244|0x000000008f400000, 0x000000008f400000, 0x000000008f500000|  0%| F|  |TAMS 0x000000008f400000, 0x000000008f400000| Untracked 
| 245|0x000000008f500000, 0x000000008f500000, 0x000000008f600000|  0%| F|  |TAMS 0x000000008f500000, 0x000000008f500000| Untracked 
| 246|0x000000008f600000, 0x000000008f600000, 0x000000008f700000|  0%| F|  |TAMS 0x000000008f600000, 0x000000008f600000| Untracked 
| 247|0x000000008f700000, 0x000000008f700000, 0x000000008f800000|  0%| F|  |TAMS 0x000000008f700000, 0x000000008f700000| Untracked 
| 248|0x000000008f800000, 0x000000008f800000, 0x000000008f900000|  0%| F|  |TAMS 0x000000008f800000, 0x000000008f800000| Untracked 
| 249|0x000000008f900000, 0x000000008f900000, 0x000000008fa00000|  0%| F|  |TAMS 0x000000008f900000, 0x000000008f900000| Untracked 
| 250|0x000000008fa00000, 0x000000008fa00000, 0x000000008fb00000|  0%| F|  |TAMS 0x000000008fa00000, 0x000000008fa00000| Untracked 
| 251|0x000000008fb00000, 0x000000008fb00000, 0x000000008fc00000|  0%| F|  |TAMS 0x000000008fb00000, 0x000000008fb00000| Untracked 
| 252|0x000000008fc00000, 0x000000008fc00000, 0x000000008fd00000|  0%| F|  |TAMS 0x000000008fc00000, 0x000000008fc00000| Untracked 
| 253|0x000000008fd00000, 0x000000008fd00000, 0x000000008fe00000|  0%| F|  |TAMS 0x000000008fd00000, 0x000000008fd00000| Untracked 
| 254|0x000000008fe00000, 0x000000008fe00000, 0x000000008ff00000|  0%| F|  |TAMS 0x000000008fe00000, 0x000000008fe00000| Untracked 
| 255|0x000000008ff00000, 0x000000008ff00000, 0x0000000090000000|  0%| F|  |TAMS 0x000000008ff00000, 0x000000008ff00000| Untracked 
| 256|0x0000000090000000, 0x0000000090000000, 0x0000000090100000|  0%| F|  |TAMS 0x0000000090000000, 0x0000000090000000| Untracked 
| 257|0x0000000090100000, 0x0000000090100000, 0x0000000090200000|  0%| F|  |TAMS 0x0000000090100000, 0x0000000090100000| Untracked 
| 258|0x0000000090200000, 0x0000000090200000, 0x0000000090300000|  0%| F|  |TAMS 0x0000000090200000, 0x0000000090200000| Untracked 
| 259|0x0000000090300000, 0x0000000090300000, 0x0000000090400000|  0%| F|  |TAMS 0x0000000090300000, 0x0000000090300000| Untracked 
| 260|0x0000000090400000, 0x0000000090400000, 0x0000000090500000|  0%| F|  |TAMS 0x0000000090400000, 0x0000000090400000| Untracked 
| 261|0x0000000090500000, 0x0000000090500000, 0x0000000090600000|  0%| F|  |TAMS 0x0000000090500000, 0x0000000090500000| Untracked 
| 262|0x0000000090600000, 0x0000000090600000, 0x0000000090700000|  0%| F|  |TAMS 0x0000000090600000, 0x0000000090600000| Untracked 
| 263|0x0000000090700000, 0x0000000090700000, 0x0000000090800000|  0%| F|  |TAMS 0x0000000090700000, 0x0000000090700000| Untracked 
| 264|0x0000000090800000, 0x0000000090800000, 0x0000000090900000|  0%| F|  |TAMS 0x0000000090800000, 0x0000000090800000| Untracked 
| 265|0x0000000090900000, 0x0000000090900000, 0x0000000090a00000|  0%| F|  |TAMS 0x0000000090900000, 0x0000000090900000| Untracked 
| 266|0x0000000090a00000, 0x0000000090a00000, 0x0000000090b00000|  0%| F|  |TAMS 0x0000000090a00000, 0x0000000090a00000| Untracked 

Card table byte_map: [0x00000188387b0000,0x0000018838bb0000] _byte_map_base: 0x00000188383b0000

Marking Bits (Prev, Next): (CMBitMap*) 0x00000188255de1d8, (CMBitMap*) 0x00000188255de210
 Prev Bits: [0x0000018838fb0000, 0x000001883afb0000)
 Next Bits: [0x000001883afb0000, 0x000001883cfb0000)

Polling page: 0x0000018824d70000

Metaspace:

Usage:
  Non-class:     97.01 MB capacity,    95.36 MB ( 98%) used,     1.33 MB (  1%) free+waste,   334.13 KB ( <1%) overhead. 
      Class:     14.73 MB capacity,    13.74 MB ( 93%) used,   865.59 KB (  6%) free+waste,   148.50 KB ( <1%) overhead. 
       Both:    111.74 MB capacity,   109.10 MB ( 98%) used,     2.17 MB (  2%) free+waste,   482.63 KB ( <1%) overhead. 

Virtual space:
  Non-class space:       98.00 MB reserved,      97.50 MB (>99%) committed 
      Class space:        1.00 GB reserved,      15.07 MB (  1%) committed 
             Both:        1.10 GB reserved,     112.57 MB ( 10%) committed 

Chunk freelists:
   Non-Class:  371.00 KB
       Class:  246.00 KB
        Both:  617.00 KB

MaxMetaspaceSize: 17179869184.00 GB
CompressedClassSpaceSize: 1.00 GB

CodeHeap 'non-profiled nmethods': size=120000Kb used=7646Kb max_used=7646Kb free=112353Kb
 bounds [0x0000018830b50000, 0x00000188312d0000, 0x0000018838080000]
CodeHeap 'profiled nmethods': size=120000Kb used=33086Kb max_used=33086Kb free=86914Kb
 bounds [0x0000018829620000, 0x000001882b670000, 0x0000018830b50000]
CodeHeap 'non-nmethods': size=5760Kb used=2385Kb max_used=2416Kb free=3374Kb
 bounds [0x0000018829080000, 0x00000188292f0000, 0x0000018829620000]
 total_blobs=16270 nmethods=15234 adapters=946
 compilation: enabled
              stopped_count=0, restarted_count=0
 full_count=0

Compilation events (20 events):
Event: 41.118 Thread 0x0000018840298800 nmethod 15801% 0x000001882b638c10 code [0x000001882b63a060, 0x000001882b649cb8]
Event: 41.118 Thread 0x0000018840298800 15839 %     3       com.android.tools.r8.internal.gw::apply @ 2 (47 bytes)
Event: 41.119 Thread 0x0000018840298800 nmethod 15839% 0x000001882b64f890 code [0x000001882b64faa0, 0x000001882b650068]
Event: 41.119 Thread 0x0000018840298800 15823 %     3       com.android.tools.r8.internal.UC::a @ 8 (45 bytes)
Event: 41.120 Thread 0x0000018840298800 nmethod 15823% 0x000001882b650210 code [0x000001882b6504a0, 0x000001882b650fe8]
Event: 41.120 Thread 0x0000018840298800 15836       3       java.util.PriorityQueue::siftDownComparable (100 bytes)
Event: 41.121 Thread 0x0000018840298800 nmethod 15836 0x000001882b651410 code [0x000001882b651640, 0x000001882b652038]
Event: 41.121 Thread 0x0000018840298800 15824 %     3       java.util.AbstractCollection::removeAll @ 12 (49 bytes)
Event: 41.122 Thread 0x0000018840298800 nmethod 15824% 0x000001882b652310 code [0x000001882b652540, 0x000001882b652d38]
Event: 41.122 Thread 0x0000018840298800 15822 %     3       com.android.tools.r8.internal.l2::b @ 14 (184 bytes)
Event: 41.124 Thread 0x0000018840298800 nmethod 15822% 0x000001882b652f90 code [0x000001882b653240, 0x000001882b6542e8]
Event: 41.124 Thread 0x0000018840298800 15795 %     3       com.android.tools.r8.internal.ja::a @ 835 (944 bytes)
Event: 41.144 Thread 0x0000018840298800 nmethod 15795% 0x000001882b654810 code [0x000001882b655680, 0x000001882b65fda8]
Event: 41.144 Thread 0x0000018840298800 15838       3       com.android.tools.r8.internal.T6::a (98 bytes)
Event: 41.146 Thread 0x0000018840298800 nmethod 15838 0x000001882b663710 code [0x000001882b663940, 0x000001882b664138]
Event: 41.146 Thread 0x0000018840298800 15846       3       java.util.AbstractCollection::removeAll (49 bytes)
Event: 41.146 Thread 0x0000018840298800 nmethod 15846 0x000001882b664590 code [0x000001882b6647c0, 0x000001882b664f38]
Event: 41.146 Thread 0x0000018840298800 15805 %     3       com.android.tools.r8.internal.E7::a @ 6 (704 bytes)
Event: 41.158 Thread 0x0000018840298800 nmethod 15805% 0x000001882b665190 code [0x000001882b665b60, 0x000001882b66d608]
Event: 41.158 Thread 0x0000018840298800 15848 %     3       com.android.tools.r8.internal.Me::c @ 660 (1174 bytes)

GC Heap History (20 events):
Event: 33.611 GC heap after
{Heap after GC invocations=47 (full 0):
 garbage-first heap   total 273408K, used 107100K [0x0000000080000000, 0x0000000100000000)
  region size 1024K, 7 young (7168K), 7 survivors (7168K)
 Metaspace       used 100630K, capacity 102893K, committed 103244K, reserved 1138688K
  class space    used 12457K, capacity 13285K, committed 13388K, reserved 1048576K
}
Event: 35.616 GC heap before
{Heap before GC invocations=47 (full 0):
 garbage-first heap   total 273408K, used 191068K [0x0000000080000000, 0x0000000100000000)
  region size 1024K, 88 young (90112K), 7 survivors (7168K)
 Metaspace       used 103825K, capacity 106226K, committed 106572K, reserved 1142784K
  class space    used 12897K, capacity 13789K, committed 13900K, reserved 1048576K
}
Event: 36.285 GC heap after
{Heap after GC invocations=48 (full 0):
 garbage-first heap   total 273408K, used 125190K [0x0000000080000000, 0x0000000100000000)
  region size 1024K, 11 young (11264K), 11 survivors (11264K)
 Metaspace       used 103825K, capacity 106226K, committed 106572K, reserved 1142784K
  class space    used 12897K, capacity 13789K, committed 13900K, reserved 1048576K
}
Event: 36.309 GC heap before
{Heap before GC invocations=48 (full 0):
 garbage-first heap   total 273408K, used 128262K [0x0000000080000000, 0x0000000100000000)
  region size 1024K, 14 young (14336K), 11 survivors (11264K)
 Metaspace       used 103896K, capacity 106309K, committed 106572K, reserved 1142784K
  class space    used 12909K, capacity 13795K, committed 13900K, reserved 1048576K
}
Event: 36.389 GC heap after
{Heap after GC invocations=49 (full 0):
 garbage-first heap   total 273408K, used 126446K [0x0000000080000000, 0x0000000100000000)
  region size 1024K, 2 young (2048K), 2 survivors (2048K)
 Metaspace       used 103896K, capacity 106309K, committed 106572K, reserved 1142784K
  class space    used 12909K, capacity 13795K, committed 13900K, reserved 1048576K
}
Event: 36.542 GC heap before
{Heap before GC invocations=49 (full 0):
 garbage-first heap   total 273408K, used 160238K [0x0000000080000000, 0x0000000100000000)
  region size 1024K, 36 young (36864K), 2 survivors (2048K)
 Metaspace       used 103937K, capacity 106336K, committed 106572K, reserved 1142784K
  class space    used 12917K, capacity 13805K, committed 13900K, reserved 1048576K
}
Event: 37.740 GC heap after
{Heap after GC invocations=50 (full 0):
 garbage-first heap   total 273408K, used 133330K [0x0000000080000000, 0x0000000100000000)
  region size 1024K, 5 young (5120K), 5 survivors (5120K)
 Metaspace       used 103937K, capacity 106336K, committed 106572K, reserved 1142784K
  class space    used 12917K, capacity 13805K, committed 13900K, reserved 1048576K
}
Event: 38.818 GC heap before
{Heap before GC invocations=50 (full 0):
 garbage-first heap   total 273408K, used 145618K [0x0000000080000000, 0x0000000100000000)
  region size 1024K, 18 young (18432K), 5 survivors (5120K)
 Metaspace       used 104524K, capacity 106975K, committed 107212K, reserved 1142784K
  class space    used 13012K, capacity 13929K, committed 14028K, reserved 1048576K
}
Event: 38.832 GC heap after
{Heap after GC invocations=51 (full 0):
 garbage-first heap   total 273408K, used 136562K [0x0000000080000000, 0x0000000100000000)
  region size 1024K, 3 young (3072K), 3 survivors (3072K)
 Metaspace       used 104524K, capacity 106975K, committed 107212K, reserved 1142784K
  class space    used 13012K, capacity 13929K, committed 14028K, reserved 1048576K
}
Event: 39.168 GC heap before
{Heap before GC invocations=51 (full 0):
 garbage-first heap   total 273408K, used 179570K [0x0000000080000000, 0x0000000100000000)
  region size 1024K, 46 young (47104K), 3 survivors (3072K)
 Metaspace       used 106395K, capacity 109021K, committed 109260K, reserved 1144832K
  class space    used 13292K, capacity 14284K, committed 14284K, reserved 1048576K
}
Event: 39.186 GC heap after
{Heap after GC invocations=52 (full 0):
 garbage-first heap   total 273408K, used 144192K [0x0000000080000000, 0x0000000100000000)
  region size 1024K, 6 young (6144K), 6 survivors (6144K)
 Metaspace       used 106395K, capacity 109021K, committed 109260K, reserved 1144832K
  class space    used 13292K, capacity 14284K, committed 14284K, reserved 1048576K
}
Event: 40.060 GC heap before
{Heap before GC invocations=53 (full 0):
 garbage-first heap   total 273408K, used 195392K [0x0000000080000000, 0x0000000100000000)
  region size 1024K, 61 young (62464K), 6 survivors (6144K)
 Metaspace       used 110646K, capacity 113470K, committed 113740K, reserved 1148928K
  class space    used 14012K, capacity 15076K, committed 15180K, reserved 1048576K
}
Event: 40.081 GC heap after
{Heap after GC invocations=54 (full 0):
 garbage-first heap   total 273408K, used 142687K [0x0000000080000000, 0x0000000100000000)
  region size 1024K, 6 young (6144K), 6 survivors (6144K)
 Metaspace       used 110646K, capacity 113470K, committed 113740K, reserved 1148928K
  class space    used 14012K, capacity 15076K, committed 15180K, reserved 1048576K
}
Event: 40.121 GC heap before
{Heap before GC invocations=54 (full 0):
 garbage-first heap   total 273408K, used 149855K [0x0000000080000000, 0x0000000100000000)
  region size 1024K, 13 young (13312K), 6 survivors (6144K)
 Metaspace       used 110794K, capacity 113599K, committed 113740K, reserved 1148928K
  class space    used 14031K, capacity 15119K, committed 15180K, reserved 1048576K
}
Event: 40.141 GC heap after
{Heap after GC invocations=55 (full 0):
 garbage-first heap   total 273408K, used 130837K [0x0000000080000000, 0x0000000100000000)
  region size 1024K, 1 young (1024K), 1 survivors (1024K)
 Metaspace       used 110794K, capacity 113599K, committed 113740K, reserved 1148928K
  class space    used 14031K, capacity 15119K, committed 15180K, reserved 1048576K
}
Event: 40.479 GC heap before
{Heap before GC invocations=55 (full 0):
 garbage-first heap   total 273408K, used 201493K [0x0000000080000000, 0x0000000100000000)
  region size 1024K, 71 young (72704K), 1 survivors (1024K)
 Metaspace       used 111892K, capacity 114834K, committed 114892K, reserved 1148928K
  class space    used 14170K, capacity 15274K, committed 15308K, reserved 1048576K
}
Event: 40.494 GC heap after
{Heap after GC invocations=56 (full 0):
 garbage-first heap   total 273408K, used 137584K [0x0000000080000000, 0x0000000100000000)
  region size 1024K, 8 young (8192K), 8 survivors (8192K)
 Metaspace       used 111892K, capacity 114834K, committed 114892K, reserved 1148928K
  class space    used 14170K, capacity 15274K, committed 15308K, reserved 1048576K
}
Event: 40.875 GC heap before
{Heap before GC invocations=56 (full 0):
 garbage-first heap   total 273408K, used 207216K [0x0000000080000000, 0x0000000100000000)
  region size 1024K, 77 young (78848K), 8 survivors (8192K)
 Metaspace       used 111658K, capacity 114312K, committed 115148K, reserved 1148928K
  class space    used 14051K, capacity 15045K, committed 15308K, reserved 1048576K
}
Event: 40.923 GC heap after
{Heap after GC invocations=57 (full 0):
 garbage-first heap   total 273408K, used 144493K [0x0000000080000000, 0x0000000100000000)
  region size 1024K, 10 young (10240K), 10 survivors (10240K)
 Metaspace       used 111658K, capacity 114312K, committed 115148K, reserved 1148928K
  class space    used 14051K, capacity 15045K, committed 15308K, reserved 1048576K
}
Event: 41.167 GC heap before
{Heap before GC invocations=58 (full 0):
 garbage-first heap   total 273408K, used 212077K [0x0000000080000000, 0x0000000100000000)
  region size 1024K, 77 young (78848K), 10 survivors (10240K)
 Metaspace       used 111713K, capacity 114423K, committed 115276K, reserved 1148928K
  class space    used 14067K, capacity 15082K, committed 15436K, reserved 1048576K
}

Deoptimization events (20 events):
Event: 40.995 Thread 0x0000018846088800 DEOPT PACKING pc=0x000001882b4f4462 sp=0x0000004dd6ef92e0
Event: 40.995 Thread 0x0000018846088800 DEOPT UNPACKING pc=0x00000188290a76ce sp=0x0000004dd6ef8ab8 mode 0
Event: 41.000 Thread 0x0000018846089800 DEOPT PACKING pc=0x000001882b45cf8a sp=0x0000004dd6af97a0
Event: 41.000 Thread 0x0000018846089800 DEOPT UNPACKING pc=0x00000188290a76ce sp=0x0000004dd6af8d68 mode 0
Event: 41.001 Thread 0x000001884608c000 DEOPT PACKING pc=0x000001882b1e82cb sp=0x0000004dd6dfa680
Event: 41.001 Thread 0x000001884608c000 DEOPT UNPACKING pc=0x00000188290a76ce sp=0x0000004dd6df9bb0 mode 0
Event: 41.015 Thread 0x000001884608c000 DEOPT PACKING pc=0x000001882b1e82cb sp=0x0000004dd6dfa680
Event: 41.015 Thread 0x000001884608c000 DEOPT UNPACKING pc=0x00000188290a76ce sp=0x0000004dd6df9bb0 mode 0
Event: 41.047 Thread 0x000001884608c000 DEOPT PACKING pc=0x000001882b1e82cb sp=0x0000004dd6dfa190
Event: 41.047 Thread 0x000001884608c000 DEOPT UNPACKING pc=0x00000188290a76ce sp=0x0000004dd6df96c0 mode 0
Event: 41.060 Thread 0x000001884608d800 DEOPT PACKING pc=0x000001882b133ea4 sp=0x0000004dd6ffca40
Event: 41.060 Thread 0x000001884608d800 DEOPT UNPACKING pc=0x00000188290a76ce sp=0x0000004dd6ffbf28 mode 0
Event: 41.060 Thread 0x000001884608d800 DEOPT PACKING pc=0x000001882b0ada2c sp=0x0000004dd6ffcb70
Event: 41.060 Thread 0x000001884608d800 DEOPT UNPACKING pc=0x00000188290a76ce sp=0x0000004dd6ffc020 mode 0
Event: 41.060 Thread 0x000001884608d800 DEOPT PACKING pc=0x000001882b08b514 sp=0x0000004dd6ffd1f0
Event: 41.060 Thread 0x000001884608d800 DEOPT UNPACKING pc=0x00000188290a76ce sp=0x0000004dd6ffc7a8 mode 0
Event: 41.100 Thread 0x000001884608c000 DEOPT PACKING pc=0x000001882b1e82cb sp=0x0000004dd6dfa190
Event: 41.100 Thread 0x000001884608c000 DEOPT UNPACKING pc=0x00000188290a76ce sp=0x0000004dd6df96c0 mode 0
Event: 41.155 Thread 0x000001884608c000 DEOPT PACKING pc=0x000001882b1e82cb sp=0x0000004dd6dfa190
Event: 41.155 Thread 0x000001884608c000 DEOPT UNPACKING pc=0x00000188290a76ce sp=0x0000004dd6df96c0 mode 0

Classes redefined (0 events):
No events

Internal exceptions (20 events):
Event: 39.326 Thread 0x0000018846088800 Exception <a 'java/lang/NoSuchMethodError'{0x00000000904c08e8}: 'java.lang.Object java.lang.invoke.DirectMethodHandle$Holder.invokeVirtual(java.lang.Object, java.lang.Object, int, java.lang.Object)'> (0x00000000904c08e8) thrown at [./src/hotspot/share/interpreter/linkResolver.cpp, line 773]
Event: 39.326 Thread 0x0000018846089800 Exception <a 'java/lang/NoSuchMethodError'{0x00000000905cdd40}: 'java.lang.Object java.lang.invoke.DirectMethodHandle$Holder.invokeVirtual(java.lang.Object, java.lang.Object, int, java.lang.Object)'> (0x00000000905cdd40) thrown at [./src/hotspot/share/interpreter/linkResolver.cpp, line 773]
Event: 39.338 Thread 0x000001884608d800 Exception <a 'java/lang/IncompatibleClassChangeError'{0x0000000090350eb0}: Found class java.lang.Object, but interface was expected> (0x0000000090350eb0) thrown at [./src/hotspot/share/interpreter/linkResolver.cpp, line 839]
Event: 39.340 Thread 0x000001884608d800 Exception <a 'java/lang/IncompatibleClassChangeError'{0x000000009035bbc0}: Found class java.lang.Object, but interface was expected> (0x000000009035bbc0) thrown at [./src/hotspot/share/interpreter/linkResolver.cpp, line 839]
Event: 39.385 Thread 0x0000018846088800 Exception <a 'java/lang/NoSuchMethodError'{0x000000009012dbb0}: 'void java.lang.invoke.DirectMethodHandle$Holder.invokeVirtual(java.lang.Object, java.lang.Object, int, java.lang.Object)'> (0x000000009012dbb0) thrown at [./src/hotspot/share/interpreter/linkResolver.cpp, line 773]
Event: 39.631 Thread 0x0000018846088800 Exception <a 'java/lang/NoSuchMethodError'{0x000000008fd6a528}: 'java.lang.Object java.lang.invoke.DirectMethodHandle$Holder.newInvokeSpecial(java.lang.Object, int)'> (0x000000008fd6a528) thrown at [./src/hotspot/share/interpreter/linkResolver.cpp, line 773]
Event: 39.631 Thread 0x000001884608d000 Exception <a 'java/lang/NoSuchMethodError'{0x000000008fe6e590}: 'java.lang.Object java.lang.invoke.DirectMethodHandle$Holder.newInvokeSpecial(java.lang.Object, int)'> (0x000000008fe6e590) thrown at [./src/hotspot/share/interpreter/linkResolver.cpp, line 773]
Event: 39.800 Thread 0x0000018846088800 Exception <a 'java/lang/NoSuchMethodError'{0x000000008f46aef8}: 'java.lang.Object java.lang.invoke.DirectMethodHandle$Holder.invokeInterface(java.lang.Object, java.lang.Object, int)'> (0x000000008f46aef8) thrown at [./src/hotspot/share/interpreter/linkResolver.cpp, line 773]
Event: 39.986 Thread 0x0000018846089800 Exception <a 'java/lang/NoSuchMethodError'{0x000000008dee1f40}: 'void java.lang.invoke.DirectMethodHandle$Holder.invokeSpecial(java.lang.Object, java.lang.Object, int, java.lang.Object, java.lang.Object, java.lang.Object, java.lang.Object)'> (0x000000008dee1f40) thrown at [./src/hotspot/share/interpreter/linkResolver.cpp, line 773]
Event: 39.987 Thread 0x0000018846089800 Exception <a 'java/lang/NoSuchMethodError'{0x000000008deedb40}: 'java.lang.Object java.lang.invoke.Invokers$Holder.linkToTargetMethod(java.lang.Object, int, java.lang.Object, java.lang.Object, java.lang.Object, java.lang.Object)'> (0x000000008deedb40) thrown at [./src/hotspot/share/interpreter/linkResolver.cpp, line 773]
Event: 39.988 Thread 0x0000018846089800 Exception <a 'java/lang/NoSuchMethodError'{0x000000008ddc2070}: 'void java.lang.invoke.DirectMethodHandle$Holder.invokeSpecial(java.lang.Object, java.lang.Object, java.lang.Object, java.lang.Object, java.lang.Object, java.lang.Object, java.lang.Object, java.lang.Object, java.lang.Object)'> (0x000000008ddc2070) thrown at [./src/hotspot/share/interpreter/linkResolver.cpp, line 773]
Event: 39.992 Thread 0x0000018846089800 Exception <a 'java/lang/NoSuchMethodError'{0x000000008d606bd8}: 'void java.lang.invoke.DirectMethodHandle$Holder.invokeStatic(java.lang.Object, java.lang.Object, java.lang.Object, java.lang.Object, java.lang.Object, java.lang.Object, java.lang.Object, java.lang.Object)'> (0x000000008d606bd8) thrown at [./src/hotspot/share/interpreter/linkResolver.cpp, line 773]
Event: 40.034 Thread 0x000001884608a800 Implicit null exception at 0x0000018831131d6b to 0x0000018831131d8c
Event: 40.087 Thread 0x000001884608d800 Exception <a 'java/lang/NoSuchMethodError'{0x000000009093f0c0}: 'int java.lang.invoke.DirectMethodHandle$Holder.invokeInterface(java.lang.Object, java.lang.Object, int)'> (0x000000009093f0c0) thrown at [./src/hotspot/share/interpreter/linkResolver.cpp, line 773]
Event: 40.111 Thread 0x0000018846089800 Exception <a 'java/lang/IncompatibleClassChangeError'{0x00000000905908a8}: Found class java.lang.Object, but interface was expected> (0x00000000905908a8) thrown at [./src/hotspot/share/interpreter/linkResolver.cpp, line 839]
Event: 40.225 Thread 0x0000018846089800 Exception <a 'java/lang/NoSuchMethodError'{0x000000008fb93a10}: 'void java.lang.invoke.DirectMethodHandle$Holder.invokeVirtual(java.lang.Object, java.lang.Object, int)'> (0x000000008fb93a10) thrown at [./src/hotspot/share/interpreter/linkResolver.cpp, line 773]
Event: 40.283 Thread 0x0000018846089800 Exception <a 'sun/nio/fs/WindowsException'{0x000000008f4460d8}> (0x000000008f4460d8) thrown at [./src/hotspot/share/prims/jni.cpp, line 615]
Event: 40.415 Thread 0x0000018846089800 Exception <a 'sun/nio/fs/WindowsException'{0x000000008d794d38}> (0x000000008d794d38) thrown at [./src/hotspot/share/prims/jni.cpp, line 615]
Event: 40.641 Thread 0x000001884608c000 Exception <a 'sun/nio/fs/WindowsException'{0x000000008ea26c68}> (0x000000008ea26c68) thrown at [./src/hotspot/share/prims/jni.cpp, line 615]
Event: 41.024 Thread 0x000001884608d800 Exception <a 'sun/nio/fs/WindowsException'{0x000000008fd23a98}> (0x000000008fd23a98) thrown at [./src/hotspot/share/prims/jni.cpp, line 615]

Events (20 events):
Event: 41.100 loading class com/android/tools/r8/code/W2 done
Event: 41.116 loading class com/android/tools/r8/code/T2
Event: 41.116 loading class com/android/tools/r8/code/T2 done
Event: 41.118 loading class com/android/tools/r8/code/Y2
Event: 41.118 loading class com/android/tools/r8/code/Y2 done
Event: 41.118 loading class com/android/tools/r8/code/V2
Event: 41.118 loading class com/android/tools/r8/code/V2 done
Event: 41.119 loading class com/android/tools/r8/code/c3
Event: 41.119 loading class com/android/tools/r8/code/c3 done
Event: 41.120 loading class com/android/tools/r8/code/Z2
Event: 41.120 loading class com/android/tools/r8/code/Z2 done
Event: 41.120 loading class com/android/tools/r8/code/X2
Event: 41.120 loading class com/android/tools/r8/code/X2 done
Event: 41.121 loading class com/android/tools/r8/code/U2
Event: 41.121 loading class com/android/tools/r8/code/U2 done
Event: 41.121 loading class com/android/tools/r8/code/b3
Event: 41.121 loading class com/android/tools/r8/code/b3 done
Event: 41.122 loading class com/android/tools/r8/code/a3
Event: 41.122 loading class com/android/tools/r8/code/a3 done
Event: 41.167 Executing VM operation: G1CollectForAllocation


Dynamic libraries:
0x00007ff6c9090000 - 0x00007ff6c909a000 	C:\Program Files\Android\Android Studio\jre\bin\java.exe
0x00007fffef6b0000 - 0x00007fffef8a5000 	C:\WINDOWS\SYSTEM32\ntdll.dll
0x00007fffeeaa0000 - 0x00007fffeeb5d000 	C:\WINDOWS\System32\KERNEL32.DLL
0x00007fffecdf0000 - 0x00007fffed0b9000 	C:\WINDOWS\System32\KERNELBASE.dll
0x00007fffe6ef0000 - 0x00007fffe6f80000 	C:\WINDOWS\SYSTEM32\apphelp.dll
0x00007fffed330000 - 0x00007fffed430000 	C:\WINDOWS\System32\ucrtbase.dll
0x00007fffe3ff0000 - 0x00007fffe4007000 	C:\Program Files\Android\Android Studio\jre\bin\VCRUNTIME140.dll
0x00007fffe3c50000 - 0x00007fffe3c69000 	C:\Program Files\Android\Android Studio\jre\bin\jli.dll
0x00007fffee780000 - 0x00007fffee920000 	C:\WINDOWS\System32\USER32.dll
0x00007fffed6a0000 - 0x00007fffed6c2000 	C:\WINDOWS\System32\win32u.dll
0x00007fffef590000 - 0x00007fffef5ba000 	C:\WINDOWS\System32\GDI32.dll
0x00007fffd8c40000 - 0x00007fffd8eda000 	C:\WINDOWS\WinSxS\amd64_microsoft.windows.common-controls_6595b64144ccf1df_6.0.19041.1110_none_60b5254171f9507e\COMCTL32.dll
0x00007fffed590000 - 0x00007fffed69b000 	C:\WINDOWS\System32\gdi32full.dll
0x00007fffed290000 - 0x00007fffed32d000 	C:\WINDOWS\System32\msvcp_win.dll
0x00007fffed720000 - 0x00007fffed7be000 	C:\WINDOWS\System32\msvcrt.dll
0x00007fffeeb60000 - 0x00007fffeeb90000 	C:\WINDOWS\System32\IMM32.DLL
0x00007fffc09b0000 - 0x00007fffc0a4d000 	C:\Program Files\Android\Android Studio\jre\bin\msvcp140.dll
0x00007fff7f5f0000 - 0x00007fff800bf000 	C:\Program Files\Android\Android Studio\jre\bin\server\jvm.dll
0x00007fffeef30000 - 0x00007fffeefdc000 	C:\WINDOWS\System32\ADVAPI32.dll
0x00007fffeda40000 - 0x00007fffedadb000 	C:\WINDOWS\System32\sechost.dll
0x00007fffef460000 - 0x00007fffef58a000 	C:\WINDOWS\System32\RPCRT4.dll
0x00007fffef450000 - 0x00007fffef458000 	C:\WINDOWS\System32\PSAPI.DLL
0x00007fffe2880000 - 0x00007fffe288a000 	C:\WINDOWS\SYSTEM32\VERSION.dll
0x00007fffd89b0000 - 0x00007fffd89d7000 	C:\WINDOWS\SYSTEM32\WINMM.dll
0x00007fffd4a20000 - 0x00007fffd4a29000 	C:\WINDOWS\SYSTEM32\WSOCK32.dll
0x00007fffeea30000 - 0x00007fffeea9b000 	C:\WINDOWS\System32\WS2_32.dll
0x00007fffeb6c0000 - 0x00007fffeb6d2000 	C:\WINDOWS\SYSTEM32\kernel.appcore.dll
0x00007fffd9190000 - 0x00007fffd91a1000 	C:\Program Files\Android\Android Studio\jre\bin\verify.dll
0x00007fffeb380000 - 0x00007fffeb564000 	C:\WINDOWS\SYSTEM32\DBGHELP.DLL
0x00007fffe1740000 - 0x00007fffe176c000 	C:\WINDOWS\SYSTEM32\dbgcore.DLL
0x00007fffed170000 - 0x00007fffed1f3000 	C:\WINDOWS\System32\bcryptPrimitives.dll
0x00007fffa88e0000 - 0x00007fffa8909000 	C:\Program Files\Android\Android Studio\jre\bin\java.dll
0x00007fffe3390000 - 0x00007fffe339b000 	C:\Program Files\Android\Android Studio\jre\bin\jimage.dll
0x00007fffd7640000 - 0x00007fffd7658000 	C:\Program Files\Android\Android Studio\jre\bin\zip.dll
0x00007fffedae0000 - 0x00007fffee21f000 	C:\WINDOWS\System32\SHELL32.dll
0x00007fffe79d0000 - 0x00007fffe8161000 	C:\WINDOWS\SYSTEM32\windows.storage.dll
0x00007fffee220000 - 0x00007fffee575000 	C:\WINDOWS\System32\combase.dll
0x00007fffec860000 - 0x00007fffec88c000 	C:\WINDOWS\SYSTEM32\Wldp.dll
0x00007fffee6d0000 - 0x00007fffee77e000 	C:\WINDOWS\System32\SHCORE.dll
0x00007fffee660000 - 0x00007fffee6b5000 	C:\WINDOWS\System32\shlwapi.dll
0x00007fffecd30000 - 0x00007fffecd4f000 	C:\WINDOWS\SYSTEM32\profapi.dll
0x00007fffd74b0000 - 0x00007fffd74ca000 	C:\Program Files\Android\Android Studio\jre\bin\net.dll
0x00007fffdcd80000 - 0x00007fffdce8a000 	C:\WINDOWS\SYSTEM32\WINHTTP.dll
0x00007fffec5a0000 - 0x00007fffec60a000 	C:\WINDOWS\system32\mswsock.dll
0x00007fffc34f0000 - 0x00007fffc3504000 	C:\Program Files\Android\Android Studio\jre\bin\nio.dll
0x00007fffe3a50000 - 0x00007fffe3a77000 	C:\Users\Choco\.gradle\native\8bec1ad78214c89d9ad589b4d07fe93259594b29d510b10fafb7a158f7737e5d\windows-amd64\native-platform.dll
0x00007fffa79e0000 - 0x00007fffa7b1d000 	C:\Users\Choco\.gradle\native\53dbd7edfb1c66fb8903c78663c9afc45aea4f116125fa6feffd364cf09443e8\windows-amd64\native-platform-file-events.dll
0x00007fffd7ab0000 - 0x00007fffd7aba000 	C:\Program Files\Android\Android Studio\jre\bin\management.dll
0x00007fffd7260000 - 0x00007fffd726c000 	C:\Program Files\Android\Android Studio\jre\bin\management_ext.dll
0x00007fffec7b0000 - 0x00007fffec7c8000 	C:\WINDOWS\SYSTEM32\CRYPTSP.dll
0x00007fffebeb0000 - 0x00007fffebee4000 	C:\WINDOWS\system32\rsaenh.dll
0x00007fffed260000 - 0x00007fffed287000 	C:\WINDOWS\System32\bcrypt.dll
0x00007fffeccf0000 - 0x00007fffecd1e000 	C:\WINDOWS\SYSTEM32\USERENV.dll
0x00007fffec7a0000 - 0x00007fffec7ac000 	C:\WINDOWS\SYSTEM32\CRYPTBASE.dll
0x00007fffec230000 - 0x00007fffec26b000 	C:\WINDOWS\SYSTEM32\IPHLPAPI.DLL
0x00007fffee6c0000 - 0x00007fffee6c8000 	C:\WINDOWS\System32\NSI.dll
0x00007fffe30d0000 - 0x00007fffe30e7000 	C:\WINDOWS\SYSTEM32\dhcpcsvc6.DLL
0x00007fffe30b0000 - 0x00007fffe30cd000 	C:\WINDOWS\SYSTEM32\dhcpcsvc.DLL
0x00007fffec280000 - 0x00007fffec34c000 	C:\WINDOWS\SYSTEM32\DNSAPI.dll
0x00007fffa05a0000 - 0x00007fffa0744000 	C:\Program Files\Android\Android Studio\jre\bin\awt.dll
0x00007fffed970000 - 0x00007fffeda3d000 	C:\WINDOWS\System32\OLEAUT32.dll
0x00007fffe7610000 - 0x00007fffe763f000 	C:\WINDOWS\SYSTEM32\dwmapi.dll
0x00007fffe7290000 - 0x00007fffe732e000 	C:\WINDOWS\system32\uxtheme.dll

dbghelp: loaded successfully - version: 4.0.5 - missing functions: none
symbol engine: initialized successfully - sym options: 0x614 - pdb path: .;C:\Program Files\Android\Android Studio\jre\bin;C:\WINDOWS\SYSTEM32;C:\WINDOWS\WinSxS\amd64_microsoft.windows.common-controls_6595b64144ccf1df_6.0.19041.1110_none_60b5254171f9507e;C:\Program Files\Android\Android Studio\jre\bin\server;C:\Users\Choco\.gradle\native\8bec1ad78214c89d9ad589b4d07fe93259594b29d510b10fafb7a158f7737e5d\windows-amd64;C:\Users\Choco\.gradle\native\53dbd7edfb1c66fb8903c78663c9afc45aea4f116125fa6feffd364cf09443e8\windows-amd64

VM Arguments:
jvm_args: --add-opens=java.base/java.util=ALL-UNNAMED --add-opens=java.base/java.lang=ALL-UNNAMED --add-opens=java.base/java.lang.invoke=ALL-UNNAMED --add-opens=java.base/java.util=ALL-UNNAMED --add-opens=java.prefs/java.util.prefs=ALL-UNNAMED --add-opens=java.prefs/java.util.prefs=ALL-UNNAMED --add-opens=java.base/java.nio.charset=ALL-UNNAMED --add-opens=java.base/java.net=ALL-UNNAMED --add-opens=java.base/java.util.concurrent.atomic=ALL-UNNAMED -Xmx2048m -Dfile.encoding=UTF-8 -Duser.country=IN -Duser.language=en -Duser.variant 
java_command: org.gradle.launcher.daemon.bootstrap.GradleDaemon 7.0.2
java_class_path (initial): C:\Users\Choco\.gradle\wrapper\dists\gradle-7.0.2-bin\857tjihv64xamwrf0h14cai3r\gradle-7.0.2\lib\gradle-launcher-7.0.2.jar
Launcher Type: SUN_STANDARD

[Global flags]
     intx CICompilerCount                          = 4                                         {product} {ergonomic}
     uint ConcGCThreads                            = 2                                         {product} {ergonomic}
     uint G1ConcRefinementThreads                  = 8                                         {product} {ergonomic}
   size_t G1HeapRegionSize                         = 1048576                                   {product} {ergonomic}
    uintx GCDrainStackTargetSize                   = 64                                        {product} {ergonomic}
   size_t InitialHeapSize                          = 134217728                                 {product} {ergonomic}
   size_t MarkStackSize                            = 4194304                                   {product} {ergonomic}
   size_t MaxHeapSize                              = 2147483648                                {product} {command line}
   size_t MaxNewSize                               = 1287651328                                {product} {ergonomic}
   size_t MinHeapDeltaBytes                        = 1048576                                   {product} {ergonomic}
    uintx NonNMethodCodeHeapSize                   = 5836300                                {pd product} {ergonomic}
    uintx NonProfiledCodeHeapSize                  = 122910970                              {pd product} {ergonomic}
    uintx ProfiledCodeHeapSize                     = 122910970                              {pd product} {ergonomic}
    uintx ReservedCodeCacheSize                    = 251658240                              {pd product} {ergonomic}
     bool SegmentedCodeCache                       = true                                      {product} {ergonomic}
     bool UseCompressedClassPointers               = true                                 {lp64_product} {ergonomic}
     bool UseCompressedOops                        = true                                 {lp64_product} {ergonomic}
     bool UseG1GC                                  = true                                      {product} {ergonomic}
     bool UseLargePagesIndividualAllocation        = false                                  {pd product} {ergonomic}

Logging:
Log output configuration:
 #0: stdout all=warning uptime,level,tags
 #1: stderr all=off uptime,level,tags

Environment Variables:
JAVA_HOME=C:\Program Files\Java\jdk1.8.0_221
PATH=D:\app\Choco\product\11.2.0\dbhome_1\bin;C:\Program Files (x86)\Intel\Intel(R) Management Engine Components\iCLS\;C:\Program Files\Intel\Intel(R) Management Engine Components\iCLS\;C:\Windows\system32;C:\Windows;C:\Windows\System32\Wbem;C:\Windows\System32\WindowsPowerShell\v1.0\;C:\Windows\System32\OpenSSH\;C:\Program Files (x86)\Intel\Intel(R) Management Engine Components\DAL;C:\Program Files\Intel\Intel(R) Management Engine Components\DAL;C:\Program Files (x86)\Intel\Intel(R) Management Engine Components\IPT;C:\Program Files\Intel\Intel(R) Management Engine Components\IPT;C:\Program Files (x86)\NVIDIA Corporation\PhysX\Common;C:\Program Files\Git\cmd;C:\WINDOWS\system32;C:\WINDOWS;C:\WINDOWS\System32\Wbem;C:\WINDOWS\System32\WindowsPowerShell\v1.0\;C:\WINDOWS\System32\OpenSSH\;C:\Program Files (x86)\Yarn\bin\;C:\Program Files\nodejs\;C:\Program Files (x86)\Brackets\command;C:\Program Files\Docker\Docker\resources\bin;C:\ProgramData\DockerDesktop\version-bin;C:\Users\Choco\AppData\Local\Programs\Python\Python38-32\Scripts\;C:\Users\Choco\AppData\Local\Programs\Python\Python38-32\;C:\Users\Choco\AppData\Local\Microsoft\WindowsApps;;C:\Users\Choco\AppData\Local\Programs\Microsoft VS Code\bin;C:\Users\Choco\AppData\Local\Yarn\bin;C:\Users\Choco\AppData\Roaming\npm;C:\Program Files\heroku\bin
USERNAME=Choco
OS=Windows_NT
PROCESSOR_IDENTIFIER=Intel64 Family 6 Model 142 Stepping 10, GenuineIntel



---------------  S Y S T E M  ---------------

OS: Windows 10 , 64 bit Build 19041 (10.0.19041.1023)
OS uptime: 2 days 1:14 hours
Hyper-V role detected

CPU:total 8 (initial active 8) (4 cores per cpu, 2 threads per core) family 6 model 142 stepping 10 microcode 0xb4, cmov, cx8, fxsr, mmx, sse, sse2, sse3, ssse3, sse4.1, sse4.2, popcnt, avx, avx2, aes, clmul, erms, 3dnowpref, lzcnt, ht, tsc, tscinvbit, bmi1, bmi2, adx, fma

Memory: 4k page, system-wide physical 8089M (219M free)
TotalPageFile size 21344M (AvailPageFile size 31M)
current process WorkingSet (physical memory assigned to process): 509M, peak: 514M
current process commit charge ("private bytes"): 686M, peak: 1220M

vm_info: OpenJDK 64-Bit Server VM (11.0.10+0-b96-7249189) for windows-amd64 JRE (11.0.10+0-b96-7249189), built on Mar 31 2021 21:44:00 by "builder" with MS VC++ 14.0 (VS2015)

END.
